13.7507 	INFO 	Successfully set darwin thread to realtime
14.3846 	INFO 	#[ PsychoPy2 RuntimeInfoStart ]
  #[[ PsychoPy ]] #---------
    psychopyVersion: 1.85.2
    psychopyHaveExtRush: True
  #[[ Experiment ]] #---------
    experimentRunTime: 2018_10_25 09:33 (Year_Month_Day Hour:Min)
    experimentRunTime.epoch: 1540420408
    experimentScript: nStreamBufferImageStim.py
    experimentScript.digestSHA1: 27f06ff269fd47b6ada04e3651dd1f007ae69d95
    experimentScript.directory: /Users/alexh/Documents/Charlie/nStream-master
  #[[ System ]] #---------
    systemHaveInternetAccess: False (proxies not attempted)
    systemHostName: Spidey.local
    systemLocale: C
    systemMemFreeRAM: 4892.15234375
    systemMemTotalRAM: 6144.0
    systemPlatform: darwin 10.7.5 x86_64
    systemPyo.InputDevices: {0: {'host api index': 0, 'latency': 0.0023129251785576344, 'default sr': 44100, 'name': u'Built-in Line Input'}, 1: {'host api index': 0, 'latency': 0.0023129251785576344, 'default sr': 44100, 'name': u'Built-in Digital Input'}}
    systemPyo.OutputDevices: {2: {'host api index': 0, 'latency': 0.002585034118965268, 'default sr': 44100, 'name': u'Built-in Output'}, 3: {'host api index': 0, 'latency': 0.002585034118965268, 'default sr': 44100, 'name': u'Built-in Line Output'}, 4: {'host api index': 0, 'latency': 0.002585034118965268, 'default sr': 44100, 'name': u'Built-in Digital Output'}}
    systemPyoVersion: 0.8.6
    systemRavailable: R version 3.2.1 (2015-06-18) -- World-Famous Astronaut
    systemRebooted: Oct 25 09:30
    systemSec.OpenSSLVersion: OpenSSL 0.9.8y 5 Feb 2013
    systemSec.pythonSSL: True
    systemTimeNumpySD1000000_sec: 0.0048
    systemUser: alexh
    systemUserID: 502
    systemUserProcCount: 22
    systemUserProcFlagged: mdworker
    systemUsersCount: 1
  #[[ Window ]] #---------
    windowWinType: pyglet
    windowUnits: deg
    windowSize_pix: [1024  768]
    windowScreen: 0
    windowRgb: [-0.7 -0.7 -0.7]
    windowRefreshTimeSD_ms: 0.052
    windowRefreshTimeMedian_ms: 10.012
    windowRefreshTimeAvg_ms: 10.001
    windowPos_pix: [0, 0]
    windowMonitor.name: testmonitor
    windowMonitor.getWidth_cm: 40.5
    windowMonitor.getDistance_cm: 42.0
    windowMonitor.currentCalibName: 2012_03_01 17:15
    windowIsFullScr: True
  #[[ Python ]] #---------
    pythonVersion: 2.7.12
  #[[ OpenGL ]] #---------
#[ PsychoPy2 RuntimeInfoEnd ]

15.8695 	EXP 	Set  sound=C
