22.0858 	ERROR 	Frames per second ~=60.2 BUT program assumes 100which is off by more than3.0%!!
22.0859 	ERROR 	Screen apparently NOT the desired resolution of 1024x768 pixels!!
23.5070 	WARNING 	User requested fullscreen with size [1024  768], but screen is actually [1280, 800]. Using actual size
24.2533 	INFO 	Successfully set darwin thread to realtime
25.3118 	INFO 	#[ PsychoPy2 RuntimeInfoStart ]
  #[[ PsychoPy ]] #---------
    psychopyVersion: 1.85.2
    psychopyHaveExtRush: True
  #[[ Experiment ]] #---------
    experimentRunTime: 2017_10_09 13:30 (Year_Month_Day Hour:Min)
    experimentRunTime.epoch: 1507516220
    experimentScript: nStreamBufferImageStim.py
    experimentScript.digestSHA1: 8c7c712eb4a77e379aa66f0f46a8da3bb3e50481
    experimentScript.directory: /Users/charlesludowici/gitCode/nStream
  #[[ System ]] #---------
    systemHaveInternetAccess: True
    systemHostName: vlan-2680-10-17-75-129.staff.wireless.sydney.edu.au
    systemLocale: C
    systemMemFreeRAM: 3647.6640625
    systemMemTotalRAM: 8192.0
    systemPlatform: darwin 10.11.6 x86_64
    systemPyo.InputDevices: {0: {'host api index': 0, 'latency': 0.001995464786887169, 'default sr': 44100, 'name': u'Built-in Microph'}}
    systemPyo.OutputDevices: {1: {'host api index': 0, 'latency': 0.006734693888574839, 'default sr': 44100, 'name': u'Built-in Output'}}
    systemPyoVersion: 0.8.6
    systemRebooted: Oct 4 15:29
    systemSec.OpenSSLVersion: OpenSSL 0.9.8zh 14 Jan 2016
    systemSec.pythonSSL: True
    systemTimeNumpySD1000000_sec: 0.0069
    systemUser: charlesludowici
    systemUserID: 501
    systemUserProcCount: 158
    systemUserProcFlagged: mdworker ''Google Chrome'' Office Safari
    systemUsersCount: 1
  #[[ Window ]] #---------
    windowWinType: pyglet
    windowUnits: deg
    windowSize_pix: [1280  800]
    windowScreen: 0
    windowRgb: [-0.7 -0.7 -0.7]
    windowRefreshTimeSD_ms: 0.146
    windowRefreshTimeMedian_ms: 16.615
    windowRefreshTimeAvg_ms: 16.626
    windowPos_pix: [0, 0]
    windowMonitor.name: testmonitor
    windowMonitor.getWidth_cm: 40.5
    windowMonitor.getDistance_cm: 59.0
    windowMonitor.currentCalibName: 2017_01_19 10:48
    windowIsFullScr: True
  #[[ Python ]] #---------
    pythonVersion: 2.7.12
  #[[ OpenGL ]] #---------
#[ PsychoPy2 RuntimeInfoEnd ]

27.0155 	EXP 	Set  sound=C
