16.5343 	ERROR 	Frames per second ~=60.2 BUT program assumes 100which is off by more than3.0%!!
16.5345 	ERROR 	Screen apparently NOT the desired resolution of 1024x768 pixels!!
33.6973 	WARNING 	User requested fullscreen with size [1024  768], but screen is actually [1280, 800]. Using actual size
34.3842 	INFO 	Successfully set darwin thread to realtime
35.4400 	INFO 	#[ PsychoPy2 RuntimeInfoStart ]
  #[[ PsychoPy ]] #---------
    psychopyVersion: 1.85.2
    psychopyHaveExtRush: True
  #[[ Experiment ]] #---------
    experimentRunTime: 2017_10_09 13:29 (Year_Month_Day Hour:Min)
    experimentRunTime.epoch: 1507516143
    experimentScript: nStreamBufferImageStim.py
    experimentScript.digestSHA1: 941b85ae8443c96ede21524558f135e1fa336dae
    experimentScript.directory: /Users/charlesludowici/gitCode/nStream
  #[[ System ]] #---------
    systemHaveInternetAccess: True
    systemHostName: vlan-2680-10-17-75-129.staff.wireless.sydney.edu.au
    systemLocale: C
    systemMemFreeRAM: 3305.96875
    systemMemTotalRAM: 8192.0
    systemPlatform: darwin 10.11.6 x86_64
    systemPyo.InputDevices: {0: {'host api index': 0, 'latency': 0.001995464786887169, 'default sr': 44100, 'name': u'Built-in Microph'}}
    systemPyo.OutputDevices: {1: {'host api index': 0, 'latency': 0.006734693888574839, 'default sr': 44100, 'name': u'Built-in Output'}}
    systemPyoVersion: 0.8.6
    systemRebooted: Oct 4 15:29
    systemSec.OpenSSLVersion: OpenSSL 0.9.8zh 14 Jan 2016
    systemSec.pythonSSL: True
    systemTimeNumpySD1000000_sec: 0.0077
    systemUser: charlesludowici
    systemUserID: 501
    systemUserProcCount: 158
    systemUserProcFlagged: mdworker ''Google Chrome'' Office Safari
    systemUsersCount: 1
  #[[ Window ]] #---------
    windowWinType: pyglet
    windowUnits: deg
    windowSize_pix: [1280  800]
    windowScreen: 0
    windowRgb: [-0.7 -0.7 -0.7]
    windowRefreshTimeSD_ms: 0.583
    windowRefreshTimeMedian_ms: 16.564
    windowRefreshTimeAvg_ms: 16.623
    windowPos_pix: [0, 0]
    windowMonitor.name: testmonitor
    windowMonitor.getWidth_cm: 40.5
    windowMonitor.getDistance_cm: 59.0
    windowMonitor.currentCalibName: 2017_01_19 10:48
    windowIsFullScr: True
  #[[ Python ]] #---------
    pythonVersion: 2.7.12
  #[[ OpenGL ]] #---------
#[ PsychoPy2 RuntimeInfoEnd ]

37.2592 	EXP 	Set  sound=C
