9.2558 	ERROR 	Frames per second ~=60.1 BUT program assumes 100which is off by more than3.0%!!
9.2560 	ERROR 	Screen apparently NOT the desired resolution of 1024x768 pixels!!
10.5475 	WARNING 	User requested fullscreen with size [1024  768], but screen is actually [1280, 800]. Using actual size
11.2046 	INFO 	Successfully set darwin thread to realtime
12.2662 	INFO 	#[ PsychoPy2 RuntimeInfoStart ]
  #[[ PsychoPy ]] #---------
    psychopyVersion: 1.85.2
    psychopyHaveExtRush: True
  #[[ Experiment ]] #---------
    experimentRunTime: 2017_10_09 14:14 (Year_Month_Day Hour:Min)
    experimentRunTime.epoch: 1507518890
    experimentScript: nStreamBufferImageStim.py
    experimentScript.digestSHA1: 3305a486827bfec4f71d43df12f7eae0cd9d5358
    experimentScript.directory: /Users/charlesludowici/gitCode/nStream
  #[[ System ]] #---------
    systemHaveInternetAccess: True
    systemHostName: vlan-2680-10-17-75-129.staff.wireless.sydney.edu.au
    systemLocale: C
    systemMemFreeRAM: 2780.62890625
    systemMemTotalRAM: 8192.0
    systemPlatform: darwin 10.11.6 x86_64
    systemPyo.InputDevices: {0: {'host api index': 0, 'latency': 0.001995464786887169, 'default sr': 44100, 'name': u'Built-in Microph'}}
    systemPyo.OutputDevices: {1: {'host api index': 0, 'latency': 0.006734693888574839, 'default sr': 44100, 'name': u'Built-in Output'}}
    systemPyoVersion: 0.8.6
    systemRebooted: Oct 4 15:29
    systemSec.OpenSSLVersion: OpenSSL 0.9.8zh 14 Jan 2016
    systemSec.pythonSSL: True
    systemTimeNumpySD1000000_sec: 0.0055
    systemUser: charlesludowici
    systemUserID: 501
    systemUserProcCount: 159
    systemUserProcFlagged: mdworker ''Google Chrome'' Safari
    systemUsersCount: 1
  #[[ Window ]] #---------
    windowWinType: pyglet
    windowUnits: deg
    windowSize_pix: [1280  800]
    windowScreen: 0
    windowRgb: [-0.7 -0.7 -0.7]
    windowRefreshTimeSD_ms: 0.098
    windowRefreshTimeMedian_ms: 16.628
    windowRefreshTimeAvg_ms: 16.632
    windowPos_pix: [0, 0]
    windowMonitor.name: testmonitor
    windowMonitor.getWidth_cm: 40.5
    windowMonitor.getDistance_cm: 59.0
    windowMonitor.currentCalibName: 2017_01_19 10:48
    windowIsFullScr: True
  #[[ Python ]] #---------
    pythonVersion: 2.7.12
  #[[ OpenGL ]] #---------
#[ PsychoPy2 RuntimeInfoEnd ]

13.6972 	EXP 	Set  sound=C
