21.4399 	INFO 	Successfully set darwin thread to realtime
22.0825 	INFO 	#[ PsychoPy2 RuntimeInfoStart ]
  #[[ PsychoPy ]] #---------
    psychopyVersion: 1.85.2
    psychopyHaveExtRush: True
  #[[ Experiment ]] #---------
    experimentRunTime: 2017_10_09 15:10 (Year_Month_Day Hour:Min)
    experimentRunTime.epoch: 1507522227
    experimentScript: nStreamBufferImageStim.py
    experimentScript.digestSHA1: e5019a5c73d88922ce8f1317d9760cb4e34207f0
    experimentScript.directory: /Users/charlesludowici/gitCode/nStream
  #[[ System ]] #---------
    systemHaveInternetAccess: True
    systemHostName: vlan-2680-10-17-75-129.staff.wireless.sydney.edu.au
    systemLocale: C
    systemMemFreeRAM: 2696.78125
    systemMemTotalRAM: 8192.0
    systemPlatform: darwin 10.11.6 x86_64
    systemPyo.InputDevices: {0: {'host api index': 0, 'latency': 0.001995464786887169, 'default sr': 44100, 'name': u'Built-in Microph'}}
    systemPyo.OutputDevices: {1: {'host api index': 0, 'latency': 0.006734693888574839, 'default sr': 44100, 'name': u'Built-in Output'}}
    systemPyoVersion: 0.8.6
    systemRebooted: Oct 4 15:29
    systemSec.OpenSSLVersion: OpenSSL 0.9.8zh 14 Jan 2016
    systemSec.pythonSSL: True
    systemTimeNumpySD1000000_sec: 0.0061
    systemUser: charlesludowici
    systemUserID: 501
    systemUserProcCount: 166
    systemUserProcFlagged: iTunes mdworker ''Google Chrome'' Safari
    systemUsersCount: 1
  #[[ Window ]] #---------
    windowWinType: pyglet
    windowUnits: deg
    windowSize_pix: [1024  768]
    windowScreen: 0
    windowRgb: [-0.7 -0.7 -0.7]
    windowRefreshTimeSD_ms: 0.160
    windowRefreshTimeMedian_ms: 10.021
    windowRefreshTimeAvg_ms: 10.021
    windowPos_pix: [0, 0]
    windowMonitor.name: testmonitor
    windowMonitor.getWidth_cm: 40.5
    windowMonitor.getDistance_cm: 59.0
    windowMonitor.currentCalibName: 2017_01_19 10:48
    windowIsFullScr: True
  #[[ Python ]] #---------
    pythonVersion: 2.7.12
  #[[ OpenGL ]] #---------
#[ PsychoPy2 RuntimeInfoEnd ]

23.5490 	EXP 	Set  sound=C
23.5504 	EXP 	Set  sound=406__tictacshutup__click-1-d.wav
23.7027 	EXP 	Set  sound=406__tictacshutup__click-1-d.wav
23.7030 	EXP 	Set  sound=A
23.8882 	EXP 	<method-wrapper '__getattribute__' of attributeSetter object at 0x10b8fed90>: vertices = array([[-3.   ,  0.375],
       [ 3.   ,  0.375],
       [ 3.   , -0.375],
       [-3.   , -0.375]])
23.8906 	EXP 	Created unnamed Rect = Rect(autoDraw=False, autoLog=True, closeShape=True, contrast=1.0, depth=0, fillColor=None, fillColorSpace='rgb', fillRGB=None, interpolate=True, lineColor=array([-0.7, -0.7, -0.7]), lineColorSpace='rgb', lineRGB=array([-0.7, -0.7, -0.7]), lineWidth=1.5, name='unnamed Rect', opacity=1.0, ori=array(0.0), pos=array([ 0.,  0.]), size=array([ 1.,  1.]), units='deg', vertices=ndarray(...), win=Window(...))
23.9123 	EXP 	Created sequence: random, trialTypes=36, nReps=2, seed=None
24.0349 	INFO 	 each trialDurFrames=8 or 80.0 ms
25.6046 	INFO 	Mouse: using default window
25.6061 	EXP 	Set  sound=406__tictacshutup__click-1-d.wav
25.6064 	EXP 	Set  sound=A
25.6084 	EXP 	window1: blendMode = 'avg'
26.4263 	DATA 	Keypress: space
26.4274 	EXP 	window1: blendMode = 'avg'
26.5635 	DATA 	Keypress: k
26.5648 	DATA 	Keypress: m
26.5660 	EXP 	New trial (rep=0, index=0): {'cue': False, 'whichInPair': 1, 'nStreams': 2, 'ring': 2, 'pairAngle': 120, 'whichStreamCuedAngle': 300.0}
26.5878 	EXP 	window1: blendMode = 'avg'
26.5927 	EXP 	window1: blendMode = 'avg'
26.6233 	EXP 	Created unnamed BufferImageStim = BufferImageStim(autoLog=True, color=array([ 1.,  1.,  1.]), colorSpace='rgb', contrast=1.0, depth=0, flipHoriz=False, flipVert=False, image=Image(...), interpolate=True, mask='None', maskParams=None, name='unnamed BufferImageStim', opacity=1.0, ori=0.0, pos=array([ 0.,  0.]), size=array([ 1024.,   768.]), texRes=128, units='pix', win=Window(...))
26.6234 	EXP 	BufferImageStim None: took 40.9ms to initialize
26.6993 	EXP 	Created unnamed ElementArrayStim = ElementArrayStim(autoLog=True, colorSpace='rgb', colors=array([ 1.,  1.,  1.]), contrs=array([ 1.]), depths=0, elementMask=method-wrapper(...), elementTex=method-wrapper(...), fieldDepth=0, fieldPos=array([ 0.,  0.]), fieldShape='circle', fieldSize=array([ 1.,  1.]), interpolate=True, maskParams=None, nElements=1, name='unnamed ElementArrayStim', opacities=array([ 1.]), oris=array([ 0.]), phases=array([[ 0.,  0.]]), rgbs=array([[ 1.,  1.,  1.]]), sfs=array([[ 1.,  1.]]), sizes=array([[ 1024.,  1024.]]), texRes=48, units='pix', win=Window(...), xys=array([[ 0.,  0.]]))
26.7006 	EXP 	window1: blendMode = 'avg'
26.7009 	EXP 	window1: blendMode = 'avg'
26.7377 	EXP 	Created unnamed BufferImageStim = BufferImageStim(autoLog=True, color=array([ 1.,  1.,  1.]), colorSpace='rgb', contrast=1.0, depth=0, flipHoriz=False, flipVert=False, image=Image(...), interpolate=True, mask='None', maskParams=None, name='unnamed BufferImageStim', opacity=1.0, ori=0.0, pos=array([ 0.,  0.]), size=array([ 1024.,   768.]), texRes=128, units='pix', win=Window(...))
26.7377 	EXP 	BufferImageStim None: took 38.4ms to initialize
26.7966 	EXP 	Created unnamed ElementArrayStim = ElementArrayStim(autoLog=True, colorSpace='rgb', colors=array([ 1.,  1.,  1.]), contrs=array([ 1.]), depths=0, elementMask=method-wrapper(...), elementTex=method-wrapper(...), fieldDepth=0, fieldPos=array([ 0.,  0.]), fieldShape='circle', fieldSize=array([ 1.,  1.]), interpolate=True, maskParams=None, nElements=1, name='unnamed ElementArrayStim', opacities=array([ 1.]), oris=array([ 0.]), phases=array([[ 0.,  0.]]), rgbs=array([[ 1.,  1.,  1.]]), sfs=array([[ 1.,  1.]]), sizes=array([[ 1024.,  1024.]]), texRes=48, units='pix', win=Window(...), xys=array([[ 0.,  0.]]))
26.8089 	EXP 	window1: blendMode = 'avg'
26.8124 	EXP 	window1: blendMode = 'avg'
26.8345 	EXP 	Created unnamed BufferImageStim = BufferImageStim(autoLog=True, color=array([ 1.,  1.,  1.]), colorSpace='rgb', contrast=1.0, depth=0, flipHoriz=False, flipVert=False, image=Image(...), interpolate=True, mask='None', maskParams=None, name='unnamed BufferImageStim', opacity=1.0, ori=0.0, pos=array([ 0.,  0.]), size=array([ 1024.,   768.]), texRes=128, units='pix', win=Window(...))
26.8346 	EXP 	BufferImageStim None: took 38.0ms to initialize
26.8930 	EXP 	Created unnamed ElementArrayStim = ElementArrayStim(autoLog=True, colorSpace='rgb', colors=array([ 1.,  1.,  1.]), contrs=array([ 1.]), depths=0, elementMask=method-wrapper(...), elementTex=method-wrapper(...), fieldDepth=0, fieldPos=array([ 0.,  0.]), fieldShape='circle', fieldSize=array([ 1.,  1.]), interpolate=True, maskParams=None, nElements=1, name='unnamed ElementArrayStim', opacities=array([ 1.]), oris=array([ 0.]), phases=array([[ 0.,  0.]]), rgbs=array([[ 1.,  1.,  1.]]), sfs=array([[ 1.,  1.]]), sizes=array([[ 1024.,  1024.]]), texRes=48, units='pix', win=Window(...), xys=array([[ 0.,  0.]]))
26.8936 	EXP 	window1: blendMode = 'avg'
26.8939 	EXP 	window1: blendMode = 'avg'
26.9307 	EXP 	Created unnamed BufferImageStim = BufferImageStim(autoLog=True, color=array([ 1.,  1.,  1.]), colorSpace='rgb', contrast=1.0, depth=0, flipHoriz=False, flipVert=False, image=Image(...), interpolate=True, mask='None', maskParams=None, name='unnamed BufferImageStim', opacity=1.0, ori=0.0, pos=array([ 0.,  0.]), size=array([ 1024.,   768.]), texRes=128, units='pix', win=Window(...))
26.9307 	EXP 	BufferImageStim None: took 37.7ms to initialize
26.9889 	EXP 	Created unnamed ElementArrayStim = ElementArrayStim(autoLog=True, colorSpace='rgb', colors=array([ 1.,  1.,  1.]), contrs=array([ 1.]), depths=0, elementMask=method-wrapper(...), elementTex=method-wrapper(...), fieldDepth=0, fieldPos=array([ 0.,  0.]), fieldShape='circle', fieldSize=array([ 1.,  1.]), interpolate=True, maskParams=None, nElements=1, name='unnamed ElementArrayStim', opacities=array([ 1.]), oris=array([ 0.]), phases=array([[ 0.,  0.]]), rgbs=array([[ 1.,  1.,  1.]]), sfs=array([[ 1.,  1.]]), sizes=array([[ 1024.,  1024.]]), texRes=48, units='pix', win=Window(...), xys=array([[ 0.,  0.]]))
26.9895 	EXP 	window1: blendMode = 'avg'
26.9999 	EXP 	window1: blendMode = 'avg'
27.0120 	EXP 	window1: blendMode = 'avg'
27.0225 	EXP 	window1: blendMode = 'avg'
27.0325 	EXP 	window1: blendMode = 'avg'
27.0424 	EXP 	window1: blendMode = 'avg'
27.0524 	EXP 	window1: blendMode = 'avg'
27.0625 	EXP 	window1: blendMode = 'avg'
27.0727 	EXP 	window1: blendMode = 'avg'
27.0824 	EXP 	window1: blendMode = 'avg'
27.0928 	EXP 	window1: blendMode = 'avg'
27.1023 	EXP 	window1: blendMode = 'avg'
27.1127 	EXP 	window1: blendMode = 'avg'
27.1223 	EXP 	window1: blendMode = 'avg'
27.1327 	EXP 	window1: blendMode = 'avg'
27.1433 	EXP 	window1: blendMode = 'avg'
27.1525 	EXP 	window1: blendMode = 'avg'
27.1627 	EXP 	window1: blendMode = 'avg'
27.1726 	EXP 	window1: blendMode = 'avg'
27.1829 	EXP 	window1: blendMode = 'avg'
27.1927 	EXP 	window1: blendMode = 'avg'
27.2029 	EXP 	window1: blendMode = 'avg'
27.2127 	EXP 	window1: blendMode = 'avg'
27.2230 	EXP 	window1: blendMode = 'avg'
27.2327 	EXP 	window1: blendMode = 'avg'
27.2429 	EXP 	window1: blendMode = 'avg'
27.2530 	EXP 	window1: blendMode = 'avg'
27.2628 	EXP 	window1: blendMode = 'avg'
27.2729 	EXP 	window1: blendMode = 'avg'
27.2829 	EXP 	window1: blendMode = 'avg'
27.2932 	EXP 	window1: blendMode = 'avg'
27.3027 	EXP 	window1: blendMode = 'avg'
27.3131 	EXP 	window1: blendMode = 'avg'
27.3229 	EXP 	window1: blendMode = 'avg'
27.3330 	EXP 	window1: blendMode = 'avg'
27.3431 	EXP 	window1: blendMode = 'avg'
27.3532 	EXP 	window1: blendMode = 'avg'
27.3631 	EXP 	window1: blendMode = 'avg'
27.3731 	EXP 	window1: blendMode = 'avg'
27.3833 	EXP 	window1: blendMode = 'avg'
27.3929 	EXP 	window1: blendMode = 'avg'
27.4033 	EXP 	window1: blendMode = 'avg'
27.4130 	EXP 	window1: blendMode = 'avg'
27.4234 	EXP 	window1: blendMode = 'avg'
27.4331 	EXP 	window1: blendMode = 'avg'
27.4431 	EXP 	window1: blendMode = 'avg'
27.4533 	EXP 	window1: blendMode = 'avg'
27.4633 	EXP 	window1: blendMode = 'avg'
27.4734 	EXP 	window1: blendMode = 'avg'
27.4832 	EXP 	window1: blendMode = 'avg'
27.4936 	EXP 	window1: blendMode = 'avg'
27.5033 	EXP 	window1: blendMode = 'avg'
27.5137 	EXP 	window1: blendMode = 'avg'
27.5233 	EXP 	window1: blendMode = 'avg'
27.5337 	EXP 	window1: blendMode = 'avg'
27.5433 	EXP 	window1: blendMode = 'avg'
27.5536 	EXP 	window1: blendMode = 'avg'
27.5634 	EXP 	window1: blendMode = 'avg'
27.5737 	EXP 	window1: blendMode = 'avg'
27.5839 	EXP 	window1: blendMode = 'avg'
27.5936 	EXP 	window1: blendMode = 'avg'
27.6036 	EXP 	window1: blendMode = 'avg'
27.6140 	EXP 	window1: blendMode = 'avg'
27.6242 	EXP 	window1: blendMode = 'avg'
27.6340 	EXP 	window1: blendMode = 'avg'
27.6442 	EXP 	window1: blendMode = 'avg'
27.6540 	EXP 	window1: blendMode = 'avg'
27.6646 	EXP 	window1: blendMode = 'avg'
27.6740 	EXP 	window1: blendMode = 'avg'
27.6836 	EXP 	window1: blendMode = 'avg'
27.6942 	EXP 	window1: blendMode = 'avg'
27.7041 	EXP 	window1: blendMode = 'avg'
27.7145 	EXP 	window1: blendMode = 'avg'
27.7241 	EXP 	window1: blendMode = 'avg'
27.7342 	EXP 	window1: blendMode = 'avg'
27.7440 	EXP 	window1: blendMode = 'avg'
27.7546 	EXP 	window1: blendMode = 'avg'
27.7641 	EXP 	window1: blendMode = 'avg'
27.7743 	EXP 	window1: blendMode = 'avg'
27.7844 	EXP 	window1: blendMode = 'avg'
27.7943 	EXP 	window1: blendMode = 'avg'
27.8041 	EXP 	window1: blendMode = 'avg'
27.8141 	EXP 	window1: blendMode = 'avg'
27.8243 	EXP 	window1: blendMode = 'avg'
27.8339 	EXP 	window1: blendMode = 'avg'
27.8445 	EXP 	window1: blendMode = 'avg'
27.8539 	EXP 	window1: blendMode = 'avg'
27.8643 	EXP 	window1: blendMode = 'avg'
27.8742 	EXP 	window1: blendMode = 'avg'
27.8841 	EXP 	window1: blendMode = 'avg'
27.8943 	EXP 	window1: blendMode = 'avg'
27.9040 	EXP 	window1: blendMode = 'avg'
27.9143 	EXP 	window1: blendMode = 'avg'
27.9242 	EXP 	window1: blendMode = 'avg'
27.9346 	EXP 	window1: blendMode = 'avg'
27.9441 	EXP 	window1: blendMode = 'avg'
27.9546 	EXP 	window1: blendMode = 'avg'
27.9641 	EXP 	window1: blendMode = 'avg'
27.9749 	EXP 	window1: blendMode = 'avg'
27.9847 	EXP 	window1: blendMode = 'avg'
27.9947 	EXP 	window1: blendMode = 'avg'
28.0048 	EXP 	window1: blendMode = 'avg'
28.0144 	EXP 	window1: blendMode = 'avg'
28.0245 	EXP 	window1: blendMode = 'avg'
28.0345 	EXP 	window1: blendMode = 'avg'
28.0449 	EXP 	window1: blendMode = 'avg'
28.0548 	EXP 	window1: blendMode = 'avg'
28.0651 	EXP 	window1: blendMode = 'avg'
28.0749 	EXP 	window1: blendMode = 'avg'
28.0846 	EXP 	window1: blendMode = 'avg'
28.0946 	EXP 	window1: blendMode = 'avg'
28.1047 	EXP 	window1: blendMode = 'avg'
28.1153 	EXP 	window1: blendMode = 'avg'
28.1246 	EXP 	window1: blendMode = 'avg'
28.1349 	EXP 	window1: blendMode = 'avg'
28.1446 	DATA 	Mouse: Left button down, pos=(480,383)
28.9759 	DATA 	Mouse:  Left button up, pos=(481,383)
29.3347 	EXP 	Created OKrespZone = GratingStim(autoDraw=False, autoLog=True, color=array([ 1.,  1.,  1.]), colorSpace='rgb', contrast=1.0, depth=0, interpolate=False, mask='gauss', maskParams=None, name='OKrespZone', opacity=1.0, ori=0.0, phase=array([ 0.,  0.]), pos=array([ 0.,  0.]), rgbPedestal=array([ 0.,  0.,  0.]), sf=array([ 0.,  0.]), size=array([ 0.5,  0.5]), tex='sin', texRes=64, units='norm', win=Window(...))
29.3679 	EXP 	<method-wrapper '__getattribute__' of attributeSetter object at 0x10b8fed90>: vertices = array([[-0.07,  0.02],
       [ 0.07,  0.02],
       [ 0.07, -0.02],
       [-0.07, -0.02]])
29.3959 	EXP 	window1: blendMode = 'avg'
29.4056 	EXP 	window1: blendMode = 'avg'
29.4166 	EXP 	window1: blendMode = 'avg'
29.4274 	EXP 	window1: blendMode = 'avg'
29.4378 	EXP 	window1: blendMode = 'avg'
29.4472 	EXP 	window1: blendMode = 'avg'
29.4561 	EXP 	window1: blendMode = 'avg'
29.4650 	EXP 	window1: blendMode = 'avg'
29.4766 	EXP 	window1: blendMode = 'avg'
29.4859 	EXP 	window1: blendMode = 'avg'
29.4957 	EXP 	window1: blendMode = 'avg'
29.5060 	EXP 	window1: blendMode = 'avg'
29.5158 	EXP 	window1: blendMode = 'avg'
29.5251 	EXP 	window1: blendMode = 'avg'
29.5349 	EXP 	window1: blendMode = 'avg'
29.5450 	EXP 	window1: blendMode = 'avg'
29.5572 	EXP 	window1: blendMode = 'avg'
29.5665 	EXP 	window1: blendMode = 'avg'
29.5757 	EXP 	window1: blendMode = 'avg'
29.5896 	EXP 	window1: blendMode = 'avg'
29.6007 	EXP 	window1: blendMode = 'avg'
29.6113 	EXP 	window1: blendMode = 'avg'
29.6218 	EXP 	window1: blendMode = 'avg'
29.6317 	EXP 	window1: blendMode = 'avg'
29.6330 	EXP 	OKrespZone: pos = array([ 0. , -0.6])
30.7148 	DATA 	Mouse: Left button down, pos=(199,390)
30.7154 	EXP 	Sound  started
30.7250 	EXP 	window1: blendMode = 'avg'
30.7343 	EXP 	window1: blendMode = 'avg'
30.7430 	EXP 	window1: blendMode = 'avg'
30.7534 	EXP 	window1: blendMode = 'avg'
30.7626 	EXP 	window1: blendMode = 'avg'
30.7722 	EXP 	window1: blendMode = 'avg'
30.7833 	EXP 	window1: blendMode = 'avg'
30.7918 	EXP 	window1: blendMode = 'avg'
30.8006 	EXP 	window1: blendMode = 'avg'
30.8098 	EXP 	window1: blendMode = 'avg'
30.8187 	EXP 	window1: blendMode = 'avg'
30.8269 	EXP 	window1: blendMode = 'avg'
30.8383 	EXP 	window1: blendMode = 'avg'
30.8473 	EXP 	window1: blendMode = 'avg'
30.8562 	EXP 	window1: blendMode = 'avg'
30.8653 	EXP 	window1: blendMode = 'avg'
30.8744 	EXP 	window1: blendMode = 'avg'
30.8837 	EXP 	window1: blendMode = 'avg'
30.8926 	EXP 	window1: blendMode = 'avg'
30.9021 	EXP 	window1: blendMode = 'avg'
30.9108 	EXP 	window1: blendMode = 'avg'
30.9201 	EXP 	window1: blendMode = 'avg'
30.9290 	EXP 	window1: blendMode = 'avg'
30.9384 	EXP 	window1: blendMode = 'avg'
30.9390 	EXP 	<method-wrapper '__getattribute__' of attributeSetter object at 0x10b8fed90>: vertices = array([[-0.04166667,  0.04166667],
       [ 0.04166667,  0.04166667],
       [ 0.04166667, -0.04166667],
       [-0.04166667, -0.04166667]])
30.9577 	EXP 	window1: blendMode = 'avg'
30.9634 	EXP 	window1: blendMode = 'avg'
30.9647 	EXP 	window1: blendMode = 'avg'
30.9654 	DATA 	Mouse:  Left button up, pos=(199,390)
31.2986 	DATA 	Mouse: Left button down, pos=(507,170)
31.3008 	EXP 	New trial (rep=0, index=1): {'cue': True, 'whichInPair': 1, 'nStreams': 2, 'ring': 1, 'pairAngle': 120, 'whichStreamCuedAngle': 330.0}
31.3164 	EXP 	window1: blendMode = 'avg'
31.3207 	EXP 	window1: blendMode = 'avg'
31.3399 	EXP 	Created unnamed BufferImageStim = BufferImageStim(autoLog=True, color=array([ 1.,  1.,  1.]), colorSpace='rgb', contrast=1.0, depth=0, flipHoriz=False, flipVert=False, image=Image(...), interpolate=True, mask='None', maskParams=None, name='unnamed BufferImageStim', opacity=1.0, ori=0.0, pos=array([ 0.,  0.]), size=array([ 1024.,   768.]), texRes=128, units='pix', win=Window(...))
31.3399 	EXP 	BufferImageStim None: took 28.5ms to initialize
31.3893 	EXP 	Created unnamed ElementArrayStim = ElementArrayStim(autoLog=True, colorSpace='rgb', colors=array([ 1.,  1.,  1.]), contrs=array([ 1.]), depths=0, elementMask=method-wrapper(...), elementTex=method-wrapper(...), fieldDepth=0, fieldPos=array([ 0.,  0.]), fieldShape='circle', fieldSize=array([ 1.,  1.]), interpolate=True, maskParams=None, nElements=1, name='unnamed ElementArrayStim', opacities=array([ 1.]), oris=array([ 0.]), phases=array([[ 0.,  0.]]), rgbs=array([[ 1.,  1.,  1.]]), sfs=array([[ 1.,  1.]]), sizes=array([[ 1024.,  1024.]]), texRes=48, units='pix', win=Window(...), xys=array([[ 0.,  0.]]))
31.3899 	EXP 	window1: blendMode = 'avg'
31.3903 	EXP 	window1: blendMode = 'avg'
31.4227 	EXP 	Created unnamed BufferImageStim = BufferImageStim(autoLog=True, color=array([ 1.,  1.,  1.]), colorSpace='rgb', contrast=1.0, depth=0, flipHoriz=False, flipVert=False, image=Image(...), interpolate=True, mask='None', maskParams=None, name='unnamed BufferImageStim', opacity=1.0, ori=0.0, pos=array([ 0.,  0.]), size=array([ 1024.,   768.]), texRes=128, units='pix', win=Window(...))
31.4227 	EXP 	BufferImageStim None: took 33.3ms to initialize
31.4753 	EXP 	Created unnamed ElementArrayStim = ElementArrayStim(autoLog=True, colorSpace='rgb', colors=array([ 1.,  1.,  1.]), contrs=array([ 1.]), depths=0, elementMask=method-wrapper(...), elementTex=method-wrapper(...), fieldDepth=0, fieldPos=array([ 0.,  0.]), fieldShape='circle', fieldSize=array([ 1.,  1.]), interpolate=True, maskParams=None, nElements=1, name='unnamed ElementArrayStim', opacities=array([ 1.]), oris=array([ 0.]), phases=array([[ 0.,  0.]]), rgbs=array([[ 1.,  1.,  1.]]), sfs=array([[ 1.,  1.]]), sizes=array([[ 1024.,  1024.]]), texRes=48, units='pix', win=Window(...), xys=array([[ 0.,  0.]]))
31.4849 	EXP 	window1: blendMode = 'avg'
31.4891 	EXP 	window1: blendMode = 'avg'
31.5100 	EXP 	Created unnamed BufferImageStim = BufferImageStim(autoLog=True, color=array([ 1.,  1.,  1.]), colorSpace='rgb', contrast=1.0, depth=0, flipHoriz=False, flipVert=False, image=Image(...), interpolate=True, mask='None', maskParams=None, name='unnamed BufferImageStim', opacity=1.0, ori=0.0, pos=array([ 0.,  0.]), size=array([ 1024.,   768.]), texRes=128, units='pix', win=Window(...))
31.5100 	EXP 	BufferImageStim None: took 34.6ms to initialize
31.5580 	EXP 	Created unnamed ElementArrayStim = ElementArrayStim(autoLog=True, colorSpace='rgb', colors=array([ 1.,  1.,  1.]), contrs=array([ 1.]), depths=0, elementMask=method-wrapper(...), elementTex=method-wrapper(...), fieldDepth=0, fieldPos=array([ 0.,  0.]), fieldShape='circle', fieldSize=array([ 1.,  1.]), interpolate=True, maskParams=None, nElements=1, name='unnamed ElementArrayStim', opacities=array([ 1.]), oris=array([ 0.]), phases=array([[ 0.,  0.]]), rgbs=array([[ 1.,  1.,  1.]]), sfs=array([[ 1.,  1.]]), sizes=array([[ 1024.,  1024.]]), texRes=48, units='pix', win=Window(...), xys=array([[ 0.,  0.]]))
31.5585 	EXP 	window1: blendMode = 'avg'
31.5587 	EXP 	window1: blendMode = 'avg'
31.5912 	EXP 	Created unnamed BufferImageStim = BufferImageStim(autoLog=True, color=array([ 1.,  1.,  1.]), colorSpace='rgb', contrast=1.0, depth=0, flipHoriz=False, flipVert=False, image=Image(...), interpolate=True, mask='None', maskParams=None, name='unnamed BufferImageStim', opacity=1.0, ori=0.0, pos=array([ 0.,  0.]), size=array([ 1024.,   768.]), texRes=128, units='pix', win=Window(...))
31.5913 	EXP 	BufferImageStim None: took 33.2ms to initialize
31.6387 	EXP 	Created unnamed ElementArrayStim = ElementArrayStim(autoLog=True, colorSpace='rgb', colors=array([ 1.,  1.,  1.]), contrs=array([ 1.]), depths=0, elementMask=method-wrapper(...), elementTex=method-wrapper(...), fieldDepth=0, fieldPos=array([ 0.,  0.]), fieldShape='circle', fieldSize=array([ 1.,  1.]), interpolate=True, maskParams=None, nElements=1, name='unnamed ElementArrayStim', opacities=array([ 1.]), oris=array([ 0.]), phases=array([[ 0.,  0.]]), rgbs=array([[ 1.,  1.,  1.]]), sfs=array([[ 1.,  1.]]), sizes=array([[ 1024.,  1024.]]), texRes=48, units='pix', win=Window(...), xys=array([[ 0.,  0.]]))
31.6392 	EXP 	window1: blendMode = 'avg'
31.6401 	DATA 	Mouse:  Left button up, pos=(507,170)
31.6619 	EXP 	window1: blendMode = 'avg'
31.6630 	EXP 	window1: blendMode = 'avg'
31.6719 	EXP 	window1: blendMode = 'avg'
31.6822 	EXP 	window1: blendMode = 'avg'
31.6922 	EXP 	window1: blendMode = 'avg'
31.7022 	EXP 	window1: blendMode = 'avg'
31.7121 	EXP 	window1: blendMode = 'avg'
31.7225 	EXP 	window1: blendMode = 'avg'
31.7323 	EXP 	window1: blendMode = 'avg'
31.7423 	EXP 	window1: blendMode = 'avg'
31.7521 	EXP 	window1: blendMode = 'avg'
31.7622 	EXP 	window1: blendMode = 'avg'
31.7721 	EXP 	window1: blendMode = 'avg'
31.7824 	EXP 	window1: blendMode = 'avg'
31.7923 	EXP 	window1: blendMode = 'avg'
31.8025 	EXP 	window1: blendMode = 'avg'
31.8124 	EXP 	window1: blendMode = 'avg'
31.8223 	EXP 	window1: blendMode = 'avg'
31.8327 	EXP 	window1: blendMode = 'avg'
31.8424 	EXP 	window1: blendMode = 'avg'
31.8526 	EXP 	window1: blendMode = 'avg'
31.8624 	EXP 	window1: blendMode = 'avg'
31.8727 	EXP 	window1: blendMode = 'avg'
31.8827 	EXP 	window1: blendMode = 'avg'
31.8922 	EXP 	window1: blendMode = 'avg'
31.9024 	EXP 	window1: blendMode = 'avg'
31.9122 	EXP 	window1: blendMode = 'avg'
31.9224 	EXP 	window1: blendMode = 'avg'
31.9324 	EXP 	window1: blendMode = 'avg'
31.9427 	EXP 	window1: blendMode = 'avg'
31.9526 	EXP 	window1: blendMode = 'avg'
31.9627 	EXP 	window1: blendMode = 'avg'
31.9724 	EXP 	window1: blendMode = 'avg'
31.9824 	EXP 	window1: blendMode = 'avg'
31.9929 	EXP 	window1: blendMode = 'avg'
32.0031 	EXP 	window1: blendMode = 'avg'
32.0131 	EXP 	window1: blendMode = 'avg'
32.0230 	EXP 	window1: blendMode = 'avg'
32.0332 	EXP 	window1: blendMode = 'avg'
32.0430 	EXP 	window1: blendMode = 'avg'
32.0533 	EXP 	window1: blendMode = 'avg'
32.0630 	EXP 	window1: blendMode = 'avg'
32.0732 	EXP 	window1: blendMode = 'avg'
32.0829 	EXP 	window1: blendMode = 'avg'
32.0930 	EXP 	window1: blendMode = 'avg'
32.1029 	EXP 	window1: blendMode = 'avg'
32.1130 	EXP 	window1: blendMode = 'avg'
32.1235 	EXP 	window1: blendMode = 'avg'
32.1339 	EXP 	window1: blendMode = 'avg'
32.1438 	EXP 	window1: blendMode = 'avg'
32.1532 	EXP 	window1: blendMode = 'avg'
32.1632 	EXP 	window1: blendMode = 'avg'
32.1734 	EXP 	window1: blendMode = 'avg'
32.1837 	EXP 	window1: blendMode = 'avg'
32.1932 	EXP 	window1: blendMode = 'avg'
32.2034 	EXP 	window1: blendMode = 'avg'
32.2133 	EXP 	window1: blendMode = 'avg'
32.2233 	EXP 	window1: blendMode = 'avg'
32.2333 	EXP 	window1: blendMode = 'avg'
32.2430 	EXP 	window1: blendMode = 'avg'
32.2535 	EXP 	window1: blendMode = 'avg'
32.2630 	EXP 	window1: blendMode = 'avg'
32.2735 	EXP 	window1: blendMode = 'avg'
32.2836 	EXP 	window1: blendMode = 'avg'
32.2937 	EXP 	window1: blendMode = 'avg'
32.3037 	EXP 	window1: blendMode = 'avg'
32.3141 	EXP 	window1: blendMode = 'avg'
32.3238 	EXP 	window1: blendMode = 'avg'
32.3341 	EXP 	window1: blendMode = 'avg'
32.3440 	EXP 	window1: blendMode = 'avg'
32.3534 	EXP 	window1: blendMode = 'avg'
32.3635 	EXP 	window1: blendMode = 'avg'
32.3732 	EXP 	window1: blendMode = 'avg'
32.3841 	EXP 	window1: blendMode = 'avg'
32.3939 	EXP 	window1: blendMode = 'avg'
32.4040 	EXP 	window1: blendMode = 'avg'
32.4135 	EXP 	window1: blendMode = 'avg'
32.4237 	EXP 	window1: blendMode = 'avg'
32.4337 	EXP 	window1: blendMode = 'avg'
32.4436 	EXP 	window1: blendMode = 'avg'
32.4543 	EXP 	window1: blendMode = 'avg'
32.4640 	EXP 	window1: blendMode = 'avg'
32.4744 	EXP 	window1: blendMode = 'avg'
32.4835 	EXP 	window1: blendMode = 'avg'
32.4941 	EXP 	window1: blendMode = 'avg'
32.5037 	EXP 	window1: blendMode = 'avg'
32.5137 	EXP 	window1: blendMode = 'avg'
32.5238 	EXP 	window1: blendMode = 'avg'
32.5339 	EXP 	window1: blendMode = 'avg'
32.5438 	EXP 	window1: blendMode = 'avg'
32.5539 	EXP 	window1: blendMode = 'avg'
32.5639 	EXP 	window1: blendMode = 'avg'
32.5738 	EXP 	window1: blendMode = 'avg'
32.5842 	EXP 	window1: blendMode = 'avg'
32.5939 	DATA 	Mouse: Left button down, pos=(503,385)
33.4253 	DATA 	Mouse:  Left button up, pos=(503,385)
33.7841 	EXP 	Created OKrespZone = GratingStim(autoDraw=False, autoLog=True, color=array([ 1.,  1.,  1.]), colorSpace='rgb', contrast=1.0, depth=0, interpolate=False, mask='gauss', maskParams=None, name='OKrespZone', opacity=1.0, ori=0.0, phase=array([ 0.,  0.]), pos=array([ 0.,  0.]), rgbPedestal=array([ 0.,  0.,  0.]), sf=array([ 0.,  0.]), size=array([ 0.5,  0.5]), tex='sin', texRes=64, units='norm', win=Window(...))
33.7982 	EXP 	<method-wrapper '__getattribute__' of attributeSetter object at 0x10b8fed90>: vertices = array([[-0.07,  0.02],
       [ 0.07,  0.02],
       [ 0.07, -0.02],
       [-0.07, -0.02]])
33.8275 	EXP 	window1: blendMode = 'avg'
33.8369 	EXP 	window1: blendMode = 'avg'
33.8477 	EXP 	window1: blendMode = 'avg'
33.8572 	EXP 	window1: blendMode = 'avg'
33.8667 	EXP 	window1: blendMode = 'avg'
33.8759 	EXP 	window1: blendMode = 'avg'
33.8847 	EXP 	window1: blendMode = 'avg'
33.8946 	EXP 	window1: blendMode = 'avg'
33.9046 	EXP 	window1: blendMode = 'avg'
33.9148 	EXP 	window1: blendMode = 'avg'
33.9240 	EXP 	window1: blendMode = 'avg'
33.9343 	EXP 	window1: blendMode = 'avg'
33.9445 	EXP 	window1: blendMode = 'avg'
33.9542 	EXP 	window1: blendMode = 'avg'
33.9695 	EXP 	window1: blendMode = 'avg'
33.9793 	EXP 	window1: blendMode = 'avg'
33.9900 	EXP 	window1: blendMode = 'avg'
33.9994 	EXP 	window1: blendMode = 'avg'
34.0090 	EXP 	window1: blendMode = 'avg'
34.0200 	EXP 	window1: blendMode = 'avg'
34.0294 	EXP 	window1: blendMode = 'avg'
34.0399 	EXP 	window1: blendMode = 'avg'
34.0527 	EXP 	window1: blendMode = 'avg'
34.0623 	EXP 	window1: blendMode = 'avg'
34.0627 	EXP 	OKrespZone: pos = array([ 0. , -0.6])
35.0266 	DATA 	Mouse: Left button down, pos=(917,383)
35.0276 	EXP 	Sound  started
35.0374 	EXP 	window1: blendMode = 'avg'
35.0464 	EXP 	window1: blendMode = 'avg'
35.0550 	EXP 	window1: blendMode = 'avg'
35.0641 	EXP 	window1: blendMode = 'avg'
35.0735 	EXP 	window1: blendMode = 'avg'
35.0835 	EXP 	window1: blendMode = 'avg'
35.0924 	EXP 	window1: blendMode = 'avg'
35.1009 	EXP 	window1: blendMode = 'avg'
35.1095 	EXP 	window1: blendMode = 'avg'
35.1183 	EXP 	window1: blendMode = 'avg'
35.1268 	EXP 	window1: blendMode = 'avg'
35.1356 	EXP 	window1: blendMode = 'avg'
35.1450 	EXP 	window1: blendMode = 'avg'
35.1548 	EXP 	window1: blendMode = 'avg'
35.1648 	EXP 	window1: blendMode = 'avg'
35.1738 	EXP 	window1: blendMode = 'avg'
35.1836 	EXP 	window1: blendMode = 'avg'
35.1928 	EXP 	window1: blendMode = 'avg'
35.2021 	EXP 	window1: blendMode = 'avg'
35.2119 	EXP 	window1: blendMode = 'avg'
35.2216 	EXP 	window1: blendMode = 'avg'
35.2302 	EXP 	window1: blendMode = 'avg'
35.2388 	EXP 	window1: blendMode = 'avg'
35.2481 	EXP 	window1: blendMode = 'avg'
35.2488 	EXP 	<method-wrapper '__getattribute__' of attributeSetter object at 0x10b8fed90>: vertices = array([[-0.04166667,  0.04166667],
       [ 0.04166667,  0.04166667],
       [ 0.04166667, -0.04166667],
       [-0.04166667, -0.04166667]])
35.2667 	EXP 	window1: blendMode = 'avg'
35.2729 	EXP 	window1: blendMode = 'avg'
35.2739 	EXP 	window1: blendMode = 'avg'
35.2748 	DATA 	Mouse:  Left button up, pos=(918,383)
35.5626 	DATA 	Mouse: Left button down, pos=(519,172)
35.5650 	EXP 	New trial (rep=0, index=2): {'cue': False, 'whichInPair': 1, 'nStreams': 2, 'ring': 0, 'pairAngle': 120, 'whichStreamCuedAngle': 300.0}
35.5885 	EXP 	window1: blendMode = 'avg'
35.5953 	EXP 	window1: blendMode = 'avg'
35.6182 	EXP 	Created unnamed BufferImageStim = BufferImageStim(autoLog=True, color=array([ 1.,  1.,  1.]), colorSpace='rgb', contrast=1.0, depth=0, flipHoriz=False, flipVert=False, image=Image(...), interpolate=True, mask='None', maskParams=None, name='unnamed BufferImageStim', opacity=1.0, ori=0.0, pos=array([ 0.,  0.]), size=array([ 1024.,   768.]), texRes=128, units='pix', win=Window(...))
35.6183 	EXP 	BufferImageStim None: took 35.5ms to initialize
35.6699 	EXP 	Created unnamed ElementArrayStim = ElementArrayStim(autoLog=True, colorSpace='rgb', colors=array([ 1.,  1.,  1.]), contrs=array([ 1.]), depths=0, elementMask=method-wrapper(...), elementTex=method-wrapper(...), fieldDepth=0, fieldPos=array([ 0.,  0.]), fieldShape='circle', fieldSize=array([ 1.,  1.]), interpolate=True, maskParams=None, nElements=1, name='unnamed ElementArrayStim', opacities=array([ 1.]), oris=array([ 0.]), phases=array([[ 0.,  0.]]), rgbs=array([[ 1.,  1.,  1.]]), sfs=array([[ 1.,  1.]]), sizes=array([[ 1024.,  1024.]]), texRes=48, units='pix', win=Window(...), xys=array([[ 0.,  0.]]))
35.6706 	EXP 	window1: blendMode = 'avg'
35.6709 	EXP 	window1: blendMode = 'avg'
35.7036 	EXP 	Created unnamed BufferImageStim = BufferImageStim(autoLog=True, color=array([ 1.,  1.,  1.]), colorSpace='rgb', contrast=1.0, depth=0, flipHoriz=False, flipVert=False, image=Image(...), interpolate=True, mask='None', maskParams=None, name='unnamed BufferImageStim', opacity=1.0, ori=0.0, pos=array([ 0.,  0.]), size=array([ 1024.,   768.]), texRes=128, units='pix', win=Window(...))
35.7037 	EXP 	BufferImageStim None: took 33.7ms to initialize
35.7578 	EXP 	Created unnamed ElementArrayStim = ElementArrayStim(autoLog=True, colorSpace='rgb', colors=array([ 1.,  1.,  1.]), contrs=array([ 1.]), depths=0, elementMask=method-wrapper(...), elementTex=method-wrapper(...), fieldDepth=0, fieldPos=array([ 0.,  0.]), fieldShape='circle', fieldSize=array([ 1.,  1.]), interpolate=True, maskParams=None, nElements=1, name='unnamed ElementArrayStim', opacities=array([ 1.]), oris=array([ 0.]), phases=array([[ 0.,  0.]]), rgbs=array([[ 1.,  1.,  1.]]), sfs=array([[ 1.,  1.]]), sizes=array([[ 1024.,  1024.]]), texRes=48, units='pix', win=Window(...), xys=array([[ 0.,  0.]]))
35.7665 	EXP 	window1: blendMode = 'avg'
35.7711 	EXP 	window1: blendMode = 'avg'
35.7909 	EXP 	Created unnamed BufferImageStim = BufferImageStim(autoLog=True, color=array([ 1.,  1.,  1.]), colorSpace='rgb', contrast=1.0, depth=0, flipHoriz=False, flipVert=False, image=Image(...), interpolate=True, mask='None', maskParams=None, name='unnamed BufferImageStim', opacity=1.0, ori=0.0, pos=array([ 0.,  0.]), size=array([ 1024.,   768.]), texRes=128, units='pix', win=Window(...))
35.7909 	EXP 	BufferImageStim None: took 33.1ms to initialize
35.8389 	EXP 	Created unnamed ElementArrayStim = ElementArrayStim(autoLog=True, colorSpace='rgb', colors=array([ 1.,  1.,  1.]), contrs=array([ 1.]), depths=0, elementMask=method-wrapper(...), elementTex=method-wrapper(...), fieldDepth=0, fieldPos=array([ 0.,  0.]), fieldShape='circle', fieldSize=array([ 1.,  1.]), interpolate=True, maskParams=None, nElements=1, name='unnamed ElementArrayStim', opacities=array([ 1.]), oris=array([ 0.]), phases=array([[ 0.,  0.]]), rgbs=array([[ 1.,  1.,  1.]]), sfs=array([[ 1.,  1.]]), sizes=array([[ 1024.,  1024.]]), texRes=48, units='pix', win=Window(...), xys=array([[ 0.,  0.]]))
35.8395 	EXP 	window1: blendMode = 'avg'
35.8398 	EXP 	window1: blendMode = 'avg'
35.8709 	EXP 	Created unnamed BufferImageStim = BufferImageStim(autoLog=True, color=array([ 1.,  1.,  1.]), colorSpace='rgb', contrast=1.0, depth=0, flipHoriz=False, flipVert=False, image=Image(...), interpolate=True, mask='None', maskParams=None, name='unnamed BufferImageStim', opacity=1.0, ori=0.0, pos=array([ 0.,  0.]), size=array([ 1024.,   768.]), texRes=128, units='pix', win=Window(...))
35.8709 	EXP 	BufferImageStim None: took 32.0ms to initialize
35.9188 	EXP 	Created unnamed ElementArrayStim = ElementArrayStim(autoLog=True, colorSpace='rgb', colors=array([ 1.,  1.,  1.]), contrs=array([ 1.]), depths=0, elementMask=method-wrapper(...), elementTex=method-wrapper(...), fieldDepth=0, fieldPos=array([ 0.,  0.]), fieldShape='circle', fieldSize=array([ 1.,  1.]), interpolate=True, maskParams=None, nElements=1, name='unnamed ElementArrayStim', opacities=array([ 1.]), oris=array([ 0.]), phases=array([[ 0.,  0.]]), rgbs=array([[ 1.,  1.,  1.]]), sfs=array([[ 1.,  1.]]), sizes=array([[ 1024.,  1024.]]), texRes=48, units='pix', win=Window(...), xys=array([[ 0.,  0.]]))
35.9193 	EXP 	window1: blendMode = 'avg'
35.9202 	DATA 	Mouse:  Left button up, pos=(519,172)
35.9247 	EXP 	window1: blendMode = 'avg'
35.9413 	EXP 	window1: blendMode = 'avg'
35.9518 	EXP 	window1: blendMode = 'avg'
35.9613 	EXP 	window1: blendMode = 'avg'
35.9712 	EXP 	window1: blendMode = 'avg'
35.9813 	EXP 	window1: blendMode = 'avg'
35.9915 	EXP 	window1: blendMode = 'avg'
36.0012 	EXP 	window1: blendMode = 'avg'
36.0112 	EXP 	window1: blendMode = 'avg'
36.0212 	EXP 	window1: blendMode = 'avg'
36.0313 	EXP 	window1: blendMode = 'avg'
36.0412 	EXP 	window1: blendMode = 'avg'
36.0512 	EXP 	window1: blendMode = 'avg'
36.0611 	EXP 	window1: blendMode = 'avg'
36.0712 	EXP 	window1: blendMode = 'avg'
36.0817 	EXP 	window1: blendMode = 'avg'
36.0916 	EXP 	window1: blendMode = 'avg'
36.1020 	EXP 	window1: blendMode = 'avg'
36.1117 	EXP 	window1: blendMode = 'avg'
36.1222 	EXP 	window1: blendMode = 'avg'
36.1313 	EXP 	window1: blendMode = 'avg'
36.1416 	EXP 	window1: blendMode = 'avg'
36.1516 	EXP 	window1: blendMode = 'avg'
36.1617 	EXP 	window1: blendMode = 'avg'
36.1717 	EXP 	window1: blendMode = 'avg'
36.1817 	EXP 	window1: blendMode = 'avg'
36.1919 	EXP 	window1: blendMode = 'avg'
36.2017 	EXP 	window1: blendMode = 'avg'
36.2120 	EXP 	window1: blendMode = 'avg'
36.2216 	EXP 	window1: blendMode = 'avg'
36.2320 	EXP 	window1: blendMode = 'avg'
36.2418 	EXP 	window1: blendMode = 'avg'
36.2518 	EXP 	window1: blendMode = 'avg'
36.2624 	EXP 	window1: blendMode = 'avg'
36.2720 	EXP 	window1: blendMode = 'avg'
36.2819 	EXP 	window1: blendMode = 'avg'
36.2913 	EXP 	window1: blendMode = 'avg'
36.3019 	EXP 	window1: blendMode = 'avg'
36.3119 	EXP 	window1: blendMode = 'avg'
36.3221 	EXP 	window1: blendMode = 'avg'
36.3317 	EXP 	window1: blendMode = 'avg'
36.3419 	EXP 	window1: blendMode = 'avg'
36.3518 	EXP 	window1: blendMode = 'avg'
36.3621 	EXP 	window1: blendMode = 'avg'
36.3716 	EXP 	window1: blendMode = 'avg'
36.3818 	DATA 	Mouse: Left button down, pos=(507,395)
36.3826 	EXP 	window1: blendMode = 'avg'
36.3920 	EXP 	window1: blendMode = 'avg'
36.4020 	EXP 	window1: blendMode = 'avg'
36.4123 	EXP 	window1: blendMode = 'avg'
36.4219 	EXP 	window1: blendMode = 'avg'
36.4326 	EXP 	window1: blendMode = 'avg'
36.4421 	EXP 	window1: blendMode = 'avg'
36.4519 	DATA 	Mouse:  Left button up, pos=(507,395)
36.4525 	EXP 	window1: blendMode = 'avg'
36.4622 	EXP 	window1: blendMode = 'avg'
36.4720 	EXP 	window1: blendMode = 'avg'
36.4823 	EXP 	window1: blendMode = 'avg'
36.4920 	EXP 	window1: blendMode = 'avg'
36.5024 	EXP 	window1: blendMode = 'avg'
36.5120 	EXP 	window1: blendMode = 'avg'
36.5229 	EXP 	window1: blendMode = 'avg'
36.5323 	EXP 	window1: blendMode = 'avg'
36.5426 	EXP 	window1: blendMode = 'avg'
36.5524 	EXP 	window1: blendMode = 'avg'
36.5628 	EXP 	window1: blendMode = 'avg'
36.5725 	EXP 	window1: blendMode = 'avg'
36.5825 	EXP 	window1: blendMode = 'avg'
36.5921 	EXP 	window1: blendMode = 'avg'
36.6024 	EXP 	window1: blendMode = 'avg'
36.6123 	EXP 	window1: blendMode = 'avg'
36.6225 	EXP 	window1: blendMode = 'avg'
36.6325 	EXP 	window1: blendMode = 'avg'
36.6424 	EXP 	window1: blendMode = 'avg'
36.6524 	EXP 	window1: blendMode = 'avg'
36.6624 	EXP 	window1: blendMode = 'avg'
36.6727 	EXP 	window1: blendMode = 'avg'
36.6824 	EXP 	window1: blendMode = 'avg'
36.6924 	EXP 	window1: blendMode = 'avg'
36.7025 	EXP 	window1: blendMode = 'avg'
36.7124 	EXP 	window1: blendMode = 'avg'
36.7227 	DATA 	Mouse: Left button down, pos=(504,378)
37.5532 	DATA 	Mouse:  Left button up, pos=(504,378)
37.9126 	EXP 	Created OKrespZone = GratingStim(autoDraw=False, autoLog=True, color=array([ 1.,  1.,  1.]), colorSpace='rgb', contrast=1.0, depth=0, interpolate=False, mask='gauss', maskParams=None, name='OKrespZone', opacity=1.0, ori=0.0, phase=array([ 0.,  0.]), pos=array([ 0.,  0.]), rgbPedestal=array([ 0.,  0.,  0.]), sf=array([ 0.,  0.]), size=array([ 0.5,  0.5]), tex='sin', texRes=64, units='norm', win=Window(...))
37.9350 	EXP 	<method-wrapper '__getattribute__' of attributeSetter object at 0x10b8fed90>: vertices = array([[-0.07,  0.02],
       [ 0.07,  0.02],
       [ 0.07, -0.02],
       [-0.07, -0.02]])
37.9670 	EXP 	window1: blendMode = 'avg'
37.9766 	EXP 	window1: blendMode = 'avg'
37.9861 	EXP 	window1: blendMode = 'avg'
37.9957 	EXP 	window1: blendMode = 'avg'
38.0076 	EXP 	window1: blendMode = 'avg'
38.0177 	EXP 	window1: blendMode = 'avg'
38.0312 	EXP 	window1: blendMode = 'avg'
38.0414 	EXP 	window1: blendMode = 'avg'
38.0513 	EXP 	window1: blendMode = 'avg'
38.0632 	EXP 	window1: blendMode = 'avg'
38.0732 	EXP 	window1: blendMode = 'avg'
38.0820 	EXP 	window1: blendMode = 'avg'
38.0915 	EXP 	window1: blendMode = 'avg'
38.1006 	EXP 	window1: blendMode = 'avg'
38.1102 	EXP 	window1: blendMode = 'avg'
38.1198 	EXP 	window1: blendMode = 'avg'
38.1297 	EXP 	window1: blendMode = 'avg'
38.1393 	EXP 	window1: blendMode = 'avg'
38.1487 	EXP 	window1: blendMode = 'avg'
38.1592 	EXP 	window1: blendMode = 'avg'
38.1697 	EXP 	window1: blendMode = 'avg'
38.1796 	EXP 	window1: blendMode = 'avg'
38.1893 	EXP 	window1: blendMode = 'avg'
38.1993 	EXP 	window1: blendMode = 'avg'
38.1997 	EXP 	OKrespZone: pos = array([ 0. , -0.6])
39.0343 	DATA 	Mouse: Left button down, pos=(147,386)
39.0350 	EXP 	Sound  started
39.0452 	EXP 	window1: blendMode = 'avg'
39.0536 	EXP 	window1: blendMode = 'avg'
39.0627 	EXP 	window1: blendMode = 'avg'
39.0729 	EXP 	window1: blendMode = 'avg'
39.0827 	EXP 	window1: blendMode = 'avg'
39.0912 	EXP 	window1: blendMode = 'avg'
39.1004 	EXP 	window1: blendMode = 'avg'
39.1090 	EXP 	window1: blendMode = 'avg'
39.1182 	EXP 	window1: blendMode = 'avg'
39.1272 	EXP 	window1: blendMode = 'avg'
39.1369 	EXP 	window1: blendMode = 'avg'
39.1462 	EXP 	window1: blendMode = 'avg'
39.1550 	EXP 	window1: blendMode = 'avg'
39.1642 	EXP 	window1: blendMode = 'avg'
39.1741 	EXP 	window1: blendMode = 'avg'
39.1833 	EXP 	window1: blendMode = 'avg'
39.1925 	EXP 	window1: blendMode = 'avg'
39.2020 	EXP 	window1: blendMode = 'avg'
39.2109 	EXP 	window1: blendMode = 'avg'
39.2196 	EXP 	window1: blendMode = 'avg'
39.2286 	EXP 	window1: blendMode = 'avg'
39.2379 	EXP 	window1: blendMode = 'avg'
39.2473 	EXP 	window1: blendMode = 'avg'
39.2562 	EXP 	window1: blendMode = 'avg'
39.2570 	EXP 	<method-wrapper '__getattribute__' of attributeSetter object at 0x10b8fed90>: vertices = array([[-0.04166667,  0.04166667],
       [ 0.04166667,  0.04166667],
       [ 0.04166667, -0.04166667],
       [-0.04166667, -0.04166667]])
39.2806 	EXP 	window1: blendMode = 'avg'
39.2869 	EXP 	window1: blendMode = 'avg'
39.2882 	EXP 	window1: blendMode = 'avg'
39.2890 	DATA 	Mouse:  Left button up, pos=(147,386)
39.5384 	DATA 	Mouse: Left button down, pos=(520,185)
39.5406 	EXP 	New trial (rep=0, index=3): {'cue': False, 'whichInPair': 1, 'nStreams': 2, 'ring': 0, 'pairAngle': 60, 'whichStreamCuedAngle': 240.0}
39.5540 	EXP 	window1: blendMode = 'avg'
39.5583 	EXP 	window1: blendMode = 'avg'
39.5778 	EXP 	Created unnamed BufferImageStim = BufferImageStim(autoLog=True, color=array([ 1.,  1.,  1.]), colorSpace='rgb', contrast=1.0, depth=0, flipHoriz=False, flipVert=False, image=Image(...), interpolate=True, mask='None', maskParams=None, name='unnamed BufferImageStim', opacity=1.0, ori=0.0, pos=array([ 0.,  0.]), size=array([ 1024.,   768.]), texRes=128, units='pix', win=Window(...))
39.5778 	EXP 	BufferImageStim None: took 28.1ms to initialize
39.6298 	EXP 	Created unnamed ElementArrayStim = ElementArrayStim(autoLog=True, colorSpace='rgb', colors=array([ 1.,  1.,  1.]), contrs=array([ 1.]), depths=0, elementMask=method-wrapper(...), elementTex=method-wrapper(...), fieldDepth=0, fieldPos=array([ 0.,  0.]), fieldShape='circle', fieldSize=array([ 1.,  1.]), interpolate=True, maskParams=None, nElements=1, name='unnamed ElementArrayStim', opacities=array([ 1.]), oris=array([ 0.]), phases=array([[ 0.,  0.]]), rgbs=array([[ 1.,  1.,  1.]]), sfs=array([[ 1.,  1.]]), sizes=array([[ 1024.,  1024.]]), texRes=48, units='pix', win=Window(...), xys=array([[ 0.,  0.]]))
39.6306 	EXP 	window1: blendMode = 'avg'
39.6309 	EXP 	window1: blendMode = 'avg'
39.6665 	EXP 	Created unnamed BufferImageStim = BufferImageStim(autoLog=True, color=array([ 1.,  1.,  1.]), colorSpace='rgb', contrast=1.0, depth=0, flipHoriz=False, flipVert=False, image=Image(...), interpolate=True, mask='None', maskParams=None, name='unnamed BufferImageStim', opacity=1.0, ori=0.0, pos=array([ 0.,  0.]), size=array([ 1024.,   768.]), texRes=128, units='pix', win=Window(...))
39.6665 	EXP 	BufferImageStim None: took 36.6ms to initialize
39.7187 	EXP 	Created unnamed ElementArrayStim = ElementArrayStim(autoLog=True, colorSpace='rgb', colors=array([ 1.,  1.,  1.]), contrs=array([ 1.]), depths=0, elementMask=method-wrapper(...), elementTex=method-wrapper(...), fieldDepth=0, fieldPos=array([ 0.,  0.]), fieldShape='circle', fieldSize=array([ 1.,  1.]), interpolate=True, maskParams=None, nElements=1, name='unnamed ElementArrayStim', opacities=array([ 1.]), oris=array([ 0.]), phases=array([[ 0.,  0.]]), rgbs=array([[ 1.,  1.,  1.]]), sfs=array([[ 1.,  1.]]), sizes=array([[ 1024.,  1024.]]), texRes=48, units='pix', win=Window(...), xys=array([[ 0.,  0.]]))
39.7274 	EXP 	window1: blendMode = 'avg'
39.7329 	EXP 	window1: blendMode = 'avg'
39.7515 	EXP 	Created unnamed BufferImageStim = BufferImageStim(autoLog=True, color=array([ 1.,  1.,  1.]), colorSpace='rgb', contrast=1.0, depth=0, flipHoriz=False, flipVert=False, image=Image(...), interpolate=True, mask='None', maskParams=None, name='unnamed BufferImageStim', opacity=1.0, ori=0.0, pos=array([ 0.,  0.]), size=array([ 1024.,   768.]), texRes=128, units='pix', win=Window(...))
39.7515 	EXP 	BufferImageStim None: took 32.7ms to initialize
39.8000 	EXP 	Created unnamed ElementArrayStim = ElementArrayStim(autoLog=True, colorSpace='rgb', colors=array([ 1.,  1.,  1.]), contrs=array([ 1.]), depths=0, elementMask=method-wrapper(...), elementTex=method-wrapper(...), fieldDepth=0, fieldPos=array([ 0.,  0.]), fieldShape='circle', fieldSize=array([ 1.,  1.]), interpolate=True, maskParams=None, nElements=1, name='unnamed ElementArrayStim', opacities=array([ 1.]), oris=array([ 0.]), phases=array([[ 0.,  0.]]), rgbs=array([[ 1.,  1.,  1.]]), sfs=array([[ 1.,  1.]]), sizes=array([[ 1024.,  1024.]]), texRes=48, units='pix', win=Window(...), xys=array([[ 0.,  0.]]))
39.8005 	EXP 	window1: blendMode = 'avg'
39.8008 	EXP 	window1: blendMode = 'avg'
39.8314 	EXP 	Created unnamed BufferImageStim = BufferImageStim(autoLog=True, color=array([ 1.,  1.,  1.]), colorSpace='rgb', contrast=1.0, depth=0, flipHoriz=False, flipVert=False, image=Image(...), interpolate=True, mask='None', maskParams=None, name='unnamed BufferImageStim', opacity=1.0, ori=0.0, pos=array([ 0.,  0.]), size=array([ 1024.,   768.]), texRes=128, units='pix', win=Window(...))
39.8314 	EXP 	BufferImageStim None: took 31.4ms to initialize
39.8801 	EXP 	Created unnamed ElementArrayStim = ElementArrayStim(autoLog=True, colorSpace='rgb', colors=array([ 1.,  1.,  1.]), contrs=array([ 1.]), depths=0, elementMask=method-wrapper(...), elementTex=method-wrapper(...), fieldDepth=0, fieldPos=array([ 0.,  0.]), fieldShape='circle', fieldSize=array([ 1.,  1.]), interpolate=True, maskParams=None, nElements=1, name='unnamed ElementArrayStim', opacities=array([ 1.]), oris=array([ 0.]), phases=array([[ 0.,  0.]]), rgbs=array([[ 1.,  1.,  1.]]), sfs=array([[ 1.,  1.]]), sizes=array([[ 1024.,  1024.]]), texRes=48, units='pix', win=Window(...), xys=array([[ 0.,  0.]]))
39.8806 	EXP 	window1: blendMode = 'avg'
39.8815 	DATA 	Mouse:  Left button up, pos=(520,185)
39.8852 	EXP 	window1: blendMode = 'avg'
39.8996 	EXP 	window1: blendMode = 'avg'
39.9095 	EXP 	window1: blendMode = 'avg'
39.9190 	EXP 	window1: blendMode = 'avg'
39.9298 	EXP 	window1: blendMode = 'avg'
39.9393 	EXP 	window1: blendMode = 'avg'
39.9600 	EXP 	window1: blendMode = 'avg'
39.9609 	EXP 	window1: blendMode = 'avg'
39.9691 	EXP 	window1: blendMode = 'avg'
39.9799 	EXP 	window1: blendMode = 'avg'
39.9896 	EXP 	window1: blendMode = 'avg'
40.0001 	EXP 	window1: blendMode = 'avg'
40.0097 	EXP 	window1: blendMode = 'avg'
40.0201 	EXP 	window1: blendMode = 'avg'
40.0295 	EXP 	window1: blendMode = 'avg'
40.0399 	EXP 	window1: blendMode = 'avg'
40.0500 	EXP 	window1: blendMode = 'avg'
40.0597 	EXP 	window1: blendMode = 'avg'
40.0700 	EXP 	window1: blendMode = 'avg'
40.0796 	EXP 	window1: blendMode = 'avg'
40.0893 	EXP 	window1: blendMode = 'avg'
40.0998 	EXP 	window1: blendMode = 'avg'
40.1104 	EXP 	window1: blendMode = 'avg'
40.1204 	EXP 	window1: blendMode = 'avg'
40.1304 	EXP 	window1: blendMode = 'avg'
40.1400 	EXP 	window1: blendMode = 'avg'
40.1498 	EXP 	window1: blendMode = 'avg'
40.1602 	EXP 	window1: blendMode = 'avg'
40.1696 	EXP 	window1: blendMode = 'avg'
40.1802 	EXP 	window1: blendMode = 'avg'
40.1897 	EXP 	window1: blendMode = 'avg'
40.1999 	EXP 	window1: blendMode = 'avg'
40.2102 	EXP 	window1: blendMode = 'avg'
40.2201 	EXP 	window1: blendMode = 'avg'
40.2301 	EXP 	window1: blendMode = 'avg'
40.2403 	EXP 	window1: blendMode = 'avg'
40.2506 	EXP 	window1: blendMode = 'avg'
40.2602 	EXP 	window1: blendMode = 'avg'
40.2704 	EXP 	window1: blendMode = 'avg'
40.2800 	EXP 	window1: blendMode = 'avg'
40.2910 	EXP 	window1: blendMode = 'avg'
40.3001 	EXP 	window1: blendMode = 'avg'
40.3102 	EXP 	window1: blendMode = 'avg'
40.3204 	EXP 	window1: blendMode = 'avg'
40.3306 	EXP 	window1: blendMode = 'avg'
40.3399 	EXP 	window1: blendMode = 'avg'
40.3504 	EXP 	window1: blendMode = 'avg'
40.3607 	EXP 	window1: blendMode = 'avg'
40.3706 	EXP 	window1: blendMode = 'avg'
40.3806 	EXP 	window1: blendMode = 'avg'
40.3922 	EXP 	window1: blendMode = 'avg'
40.4007 	EXP 	window1: blendMode = 'avg'
40.4106 	EXP 	window1: blendMode = 'avg'
40.4208 	EXP 	window1: blendMode = 'avg'
40.4307 	EXP 	window1: blendMode = 'avg'
40.4408 	EXP 	window1: blendMode = 'avg'
40.4507 	EXP 	window1: blendMode = 'avg'
40.4606 	EXP 	window1: blendMode = 'avg'
40.4709 	EXP 	window1: blendMode = 'avg'
40.4803 	EXP 	window1: blendMode = 'avg'
40.4906 	EXP 	window1: blendMode = 'avg'
40.5003 	EXP 	window1: blendMode = 'avg'
40.5106 	EXP 	window1: blendMode = 'avg'
40.5204 	EXP 	window1: blendMode = 'avg'
40.5306 	EXP 	window1: blendMode = 'avg'
40.5406 	EXP 	window1: blendMode = 'avg'
40.5507 	EXP 	window1: blendMode = 'avg'
40.5608 	EXP 	window1: blendMode = 'avg'
40.5711 	EXP 	window1: blendMode = 'avg'
40.5811 	EXP 	window1: blendMode = 'avg'
40.5907 	EXP 	window1: blendMode = 'avg'
40.6011 	EXP 	window1: blendMode = 'avg'
40.6114 	EXP 	window1: blendMode = 'avg'
40.6211 	EXP 	window1: blendMode = 'avg'
40.6307 	EXP 	window1: blendMode = 'avg'
40.6408 	EXP 	window1: blendMode = 'avg'
40.6508 	EXP 	window1: blendMode = 'avg'
40.6608 	EXP 	window1: blendMode = 'avg'
40.6712 	EXP 	window1: blendMode = 'avg'
40.6811 	EXP 	window1: blendMode = 'avg'
40.6908 	EXP 	window1: blendMode = 'avg'
40.7007 	EXP 	window1: blendMode = 'avg'
40.7114 	EXP 	window1: blendMode = 'avg'
40.7207 	EXP 	window1: blendMode = 'avg'
40.7310 	EXP 	window1: blendMode = 'avg'
40.7408 	EXP 	window1: blendMode = 'avg'
40.7512 	EXP 	window1: blendMode = 'avg'
40.7610 	DATA 	Mouse: Left button down, pos=(508,377)
41.5911 	DATA 	Mouse:  Left button up, pos=(508,377)
41.9509 	EXP 	Created OKrespZone = GratingStim(autoDraw=False, autoLog=True, color=array([ 1.,  1.,  1.]), colorSpace='rgb', contrast=1.0, depth=0, interpolate=False, mask='gauss', maskParams=None, name='OKrespZone', opacity=1.0, ori=0.0, phase=array([ 0.,  0.]), pos=array([ 0.,  0.]), rgbPedestal=array([ 0.,  0.,  0.]), sf=array([ 0.,  0.]), size=array([ 0.5,  0.5]), tex='sin', texRes=64, units='norm', win=Window(...))
41.9671 	EXP 	<method-wrapper '__getattribute__' of attributeSetter object at 0x10b8fed90>: vertices = array([[-0.07,  0.02],
       [ 0.07,  0.02],
       [ 0.07, -0.02],
       [-0.07, -0.02]])
41.9968 	EXP 	window1: blendMode = 'avg'
42.0068 	EXP 	window1: blendMode = 'avg'
42.0163 	EXP 	window1: blendMode = 'avg'
42.0280 	EXP 	window1: blendMode = 'avg'
42.0384 	EXP 	window1: blendMode = 'avg'
42.0481 	EXP 	window1: blendMode = 'avg'
42.0639 	EXP 	window1: blendMode = 'avg'
42.0747 	EXP 	window1: blendMode = 'avg'
42.0849 	EXP 	window1: blendMode = 'avg'
42.0949 	EXP 	window1: blendMode = 'avg'
42.1060 	EXP 	window1: blendMode = 'avg'
42.1157 	EXP 	window1: blendMode = 'avg'
42.1253 	EXP 	window1: blendMode = 'avg'
42.1359 	EXP 	window1: blendMode = 'avg'
42.1463 	EXP 	window1: blendMode = 'avg'
42.1564 	EXP 	window1: blendMode = 'avg'
42.1664 	EXP 	window1: blendMode = 'avg'
42.1763 	EXP 	window1: blendMode = 'avg'
42.1866 	EXP 	window1: blendMode = 'avg'
42.1972 	EXP 	window1: blendMode = 'avg'
42.2078 	EXP 	window1: blendMode = 'avg'
42.2177 	EXP 	window1: blendMode = 'avg'
42.2273 	EXP 	window1: blendMode = 'avg'
42.2372 	EXP 	window1: blendMode = 'avg'
42.2377 	EXP 	OKrespZone: pos = array([ 0. , -0.6])
43.2982 	DATA 	Mouse: Left button down, pos=(710,369)
43.2989 	EXP 	Sound  started
43.3096 	EXP 	window1: blendMode = 'avg'
43.3183 	EXP 	window1: blendMode = 'avg'
43.3281 	EXP 	window1: blendMode = 'avg'
43.3376 	EXP 	window1: blendMode = 'avg'
43.3455 	EXP 	window1: blendMode = 'avg'
43.3546 	EXP 	window1: blendMode = 'avg'
43.3654 	EXP 	window1: blendMode = 'avg'
43.3755 	EXP 	window1: blendMode = 'avg'
43.3846 	EXP 	window1: blendMode = 'avg'
43.3935 	EXP 	window1: blendMode = 'avg'
43.4033 	EXP 	window1: blendMode = 'avg'
43.4126 	EXP 	window1: blendMode = 'avg'
43.4218 	EXP 	window1: blendMode = 'avg'
43.4332 	EXP 	window1: blendMode = 'avg'
43.4420 	EXP 	window1: blendMode = 'avg'
43.4507 	EXP 	window1: blendMode = 'avg'
43.4602 	EXP 	window1: blendMode = 'avg'
43.4699 	EXP 	window1: blendMode = 'avg'
43.4795 	EXP 	window1: blendMode = 'avg'
43.4899 	EXP 	window1: blendMode = 'avg'
43.4988 	EXP 	window1: blendMode = 'avg'
43.5086 	EXP 	window1: blendMode = 'avg'
43.5176 	EXP 	window1: blendMode = 'avg'
43.5264 	EXP 	window1: blendMode = 'avg'
43.5272 	EXP 	<method-wrapper '__getattribute__' of attributeSetter object at 0x10b8fed90>: vertices = array([[-0.04166667,  0.04166667],
       [ 0.04166667,  0.04166667],
       [ 0.04166667, -0.04166667],
       [-0.04166667, -0.04166667]])
43.5431 	EXP 	window1: blendMode = 'avg'
43.5489 	EXP 	window1: blendMode = 'avg'
43.5498 	EXP 	window1: blendMode = 'avg'
43.5505 	DATA 	Mouse:  Left button up, pos=(710,369)
43.8982 	DATA 	Mouse: Left button down, pos=(493,145)
43.9002 	EXP 	New trial (rep=0, index=4): {'cue': True, 'whichInPair': 1, 'nStreams': 2, 'ring': 1, 'pairAngle': 60, 'whichStreamCuedAngle': 270.0}
43.9152 	EXP 	window1: blendMode = 'avg'
43.9190 	EXP 	window1: blendMode = 'avg'
43.9374 	EXP 	Created unnamed BufferImageStim = BufferImageStim(autoLog=True, color=array([ 1.,  1.,  1.]), colorSpace='rgb', contrast=1.0, depth=0, flipHoriz=False, flipVert=False, image=Image(...), interpolate=True, mask='None', maskParams=None, name='unnamed BufferImageStim', opacity=1.0, ori=0.0, pos=array([ 0.,  0.]), size=array([ 1024.,   768.]), texRes=128, units='pix', win=Window(...))
43.9374 	EXP 	BufferImageStim None: took 26.3ms to initialize
43.9871 	EXP 	Created unnamed ElementArrayStim = ElementArrayStim(autoLog=True, colorSpace='rgb', colors=array([ 1.,  1.,  1.]), contrs=array([ 1.]), depths=0, elementMask=method-wrapper(...), elementTex=method-wrapper(...), fieldDepth=0, fieldPos=array([ 0.,  0.]), fieldShape='circle', fieldSize=array([ 1.,  1.]), interpolate=True, maskParams=None, nElements=1, name='unnamed ElementArrayStim', opacities=array([ 1.]), oris=array([ 0.]), phases=array([[ 0.,  0.]]), rgbs=array([[ 1.,  1.,  1.]]), sfs=array([[ 1.,  1.]]), sizes=array([[ 1024.,  1024.]]), texRes=48, units='pix', win=Window(...), xys=array([[ 0.,  0.]]))
43.9879 	EXP 	window1: blendMode = 'avg'
43.9886 	EXP 	window1: blendMode = 'avg'
44.0206 	EXP 	Created unnamed BufferImageStim = BufferImageStim(autoLog=True, color=array([ 1.,  1.,  1.]), colorSpace='rgb', contrast=1.0, depth=0, flipHoriz=False, flipVert=False, image=Image(...), interpolate=True, mask='None', maskParams=None, name='unnamed BufferImageStim', opacity=1.0, ori=0.0, pos=array([ 0.,  0.]), size=array([ 1024.,   768.]), texRes=128, units='pix', win=Window(...))
44.0206 	EXP 	BufferImageStim None: took 33.5ms to initialize
44.0722 	EXP 	Created unnamed ElementArrayStim = ElementArrayStim(autoLog=True, colorSpace='rgb', colors=array([ 1.,  1.,  1.]), contrs=array([ 1.]), depths=0, elementMask=method-wrapper(...), elementTex=method-wrapper(...), fieldDepth=0, fieldPos=array([ 0.,  0.]), fieldShape='circle', fieldSize=array([ 1.,  1.]), interpolate=True, maskParams=None, nElements=1, name='unnamed ElementArrayStim', opacities=array([ 1.]), oris=array([ 0.]), phases=array([[ 0.,  0.]]), rgbs=array([[ 1.,  1.,  1.]]), sfs=array([[ 1.,  1.]]), sizes=array([[ 1024.,  1024.]]), texRes=48, units='pix', win=Window(...), xys=array([[ 0.,  0.]]))
44.0807 	EXP 	window1: blendMode = 'avg'
44.0851 	EXP 	window1: blendMode = 'avg'
44.1071 	EXP 	Created unnamed BufferImageStim = BufferImageStim(autoLog=True, color=array([ 1.,  1.,  1.]), colorSpace='rgb', contrast=1.0, depth=0, flipHoriz=False, flipVert=False, image=Image(...), interpolate=True, mask='None', maskParams=None, name='unnamed BufferImageStim', opacity=1.0, ori=0.0, pos=array([ 0.,  0.]), size=array([ 1024.,   768.]), texRes=128, units='pix', win=Window(...))
44.1071 	EXP 	BufferImageStim None: took 34.9ms to initialize
44.1574 	EXP 	Created unnamed ElementArrayStim = ElementArrayStim(autoLog=True, colorSpace='rgb', colors=array([ 1.,  1.,  1.]), contrs=array([ 1.]), depths=0, elementMask=method-wrapper(...), elementTex=method-wrapper(...), fieldDepth=0, fieldPos=array([ 0.,  0.]), fieldShape='circle', fieldSize=array([ 1.,  1.]), interpolate=True, maskParams=None, nElements=1, name='unnamed ElementArrayStim', opacities=array([ 1.]), oris=array([ 0.]), phases=array([[ 0.,  0.]]), rgbs=array([[ 1.,  1.,  1.]]), sfs=array([[ 1.,  1.]]), sizes=array([[ 1024.,  1024.]]), texRes=48, units='pix', win=Window(...), xys=array([[ 0.,  0.]]))
44.1579 	EXP 	window1: blendMode = 'avg'
44.1582 	EXP 	window1: blendMode = 'avg'
44.1885 	EXP 	Created unnamed BufferImageStim = BufferImageStim(autoLog=True, color=array([ 1.,  1.,  1.]), colorSpace='rgb', contrast=1.0, depth=0, flipHoriz=False, flipVert=False, image=Image(...), interpolate=True, mask='None', maskParams=None, name='unnamed BufferImageStim', opacity=1.0, ori=0.0, pos=array([ 0.,  0.]), size=array([ 1024.,   768.]), texRes=128, units='pix', win=Window(...))
44.1885 	EXP 	BufferImageStim None: took 31.0ms to initialize
44.2349 	EXP 	Created unnamed ElementArrayStim = ElementArrayStim(autoLog=True, colorSpace='rgb', colors=array([ 1.,  1.,  1.]), contrs=array([ 1.]), depths=0, elementMask=method-wrapper(...), elementTex=method-wrapper(...), fieldDepth=0, fieldPos=array([ 0.,  0.]), fieldShape='circle', fieldSize=array([ 1.,  1.]), interpolate=True, maskParams=None, nElements=1, name='unnamed ElementArrayStim', opacities=array([ 1.]), oris=array([ 0.]), phases=array([[ 0.,  0.]]), rgbs=array([[ 1.,  1.,  1.]]), sfs=array([[ 1.,  1.]]), sizes=array([[ 1024.,  1024.]]), texRes=48, units='pix', win=Window(...), xys=array([[ 0.,  0.]]))
44.2355 	EXP 	window1: blendMode = 'avg'
44.2363 	DATA 	Mouse:  Left button up, pos=(493,145)
44.2402 	EXP 	window1: blendMode = 'avg'
44.2581 	EXP 	window1: blendMode = 'avg'
44.2682 	EXP 	window1: blendMode = 'avg'
44.2782 	EXP 	window1: blendMode = 'avg'
44.2884 	EXP 	window1: blendMode = 'avg'
44.2983 	EXP 	window1: blendMode = 'avg'
44.3086 	EXP 	window1: blendMode = 'avg'
44.3185 	EXP 	window1: blendMode = 'avg'
44.3284 	EXP 	window1: blendMode = 'avg'
44.3385 	EXP 	window1: blendMode = 'avg'
44.3485 	EXP 	window1: blendMode = 'avg'
44.3583 	EXP 	window1: blendMode = 'avg'
44.3685 	EXP 	window1: blendMode = 'avg'
44.3784 	EXP 	window1: blendMode = 'avg'
44.3885 	EXP 	window1: blendMode = 'avg'
44.3986 	EXP 	window1: blendMode = 'avg'
44.4086 	EXP 	window1: blendMode = 'avg'
44.4187 	EXP 	window1: blendMode = 'avg'
44.4288 	EXP 	window1: blendMode = 'avg'
44.4385 	EXP 	window1: blendMode = 'avg'
44.4487 	EXP 	window1: blendMode = 'avg'
44.4588 	EXP 	window1: blendMode = 'avg'
44.4686 	EXP 	window1: blendMode = 'avg'
44.4787 	EXP 	window1: blendMode = 'avg'
44.4887 	EXP 	window1: blendMode = 'avg'
44.4990 	EXP 	window1: blendMode = 'avg'
44.5088 	EXP 	window1: blendMode = 'avg'
44.5188 	EXP 	window1: blendMode = 'avg'
44.5288 	EXP 	window1: blendMode = 'avg'
44.5390 	EXP 	window1: blendMode = 'avg'
44.5488 	EXP 	window1: blendMode = 'avg'
44.5588 	EXP 	window1: blendMode = 'avg'
44.5688 	EXP 	window1: blendMode = 'avg'
44.5789 	EXP 	window1: blendMode = 'avg'
44.5889 	EXP 	window1: blendMode = 'avg'
44.5989 	EXP 	window1: blendMode = 'avg'
44.6090 	EXP 	window1: blendMode = 'avg'
44.6191 	EXP 	window1: blendMode = 'avg'
44.6293 	EXP 	window1: blendMode = 'avg'
44.6392 	EXP 	window1: blendMode = 'avg'
44.6493 	EXP 	window1: blendMode = 'avg'
44.6589 	EXP 	window1: blendMode = 'avg'
44.6691 	EXP 	window1: blendMode = 'avg'
44.6790 	EXP 	window1: blendMode = 'avg'
44.6891 	EXP 	window1: blendMode = 'avg'
44.6992 	EXP 	window1: blendMode = 'avg'
44.7091 	EXP 	window1: blendMode = 'avg'
44.7192 	EXP 	window1: blendMode = 'avg'
44.7294 	EXP 	window1: blendMode = 'avg'
44.7395 	EXP 	window1: blendMode = 'avg'
44.7493 	EXP 	window1: blendMode = 'avg'
44.7591 	EXP 	window1: blendMode = 'avg'
44.7698 	EXP 	window1: blendMode = 'avg'
44.7792 	EXP 	window1: blendMode = 'avg'
44.7891 	EXP 	window1: blendMode = 'avg'
44.7994 	EXP 	window1: blendMode = 'avg'
44.8093 	EXP 	window1: blendMode = 'avg'
44.8193 	EXP 	window1: blendMode = 'avg'
44.8294 	EXP 	window1: blendMode = 'avg'
44.8397 	EXP 	window1: blendMode = 'avg'
44.8498 	EXP 	window1: blendMode = 'avg'
44.8594 	EXP 	window1: blendMode = 'avg'
44.8694 	EXP 	window1: blendMode = 'avg'
44.8796 	EXP 	window1: blendMode = 'avg'
44.8894 	EXP 	window1: blendMode = 'avg'
44.8995 	EXP 	window1: blendMode = 'avg'
44.9096 	EXP 	window1: blendMode = 'avg'
44.9197 	EXP 	window1: blendMode = 'avg'
44.9297 	EXP 	window1: blendMode = 'avg'
44.9397 	EXP 	window1: blendMode = 'avg'
44.9499 	EXP 	window1: blendMode = 'avg'
44.9597 	EXP 	window1: blendMode = 'avg'
44.9697 	EXP 	window1: blendMode = 'avg'
44.9798 	EXP 	window1: blendMode = 'avg'
44.9896 	EXP 	window1: blendMode = 'avg'
44.9997 	EXP 	window1: blendMode = 'avg'
45.0098 	EXP 	window1: blendMode = 'avg'
45.0199 	EXP 	window1: blendMode = 'avg'
45.0298 	EXP 	window1: blendMode = 'avg'
45.0399 	EXP 	window1: blendMode = 'avg'
45.0501 	EXP 	window1: blendMode = 'avg'
45.0599 	EXP 	window1: blendMode = 'avg'
45.0702 	EXP 	window1: blendMode = 'avg'
45.0799 	EXP 	window1: blendMode = 'avg'
45.0898 	EXP 	window1: blendMode = 'avg'
45.0999 	EXP 	window1: blendMode = 'avg'
45.1100 	EXP 	window1: blendMode = 'avg'
45.1200 	EXP 	window1: blendMode = 'avg'
45.1301 	EXP 	window1: blendMode = 'avg'
45.1401 	EXP 	window1: blendMode = 'avg'
45.1502 	EXP 	window1: blendMode = 'avg'
45.1603 	EXP 	window1: blendMode = 'avg'
45.1702 	EXP 	window1: blendMode = 'avg'
45.1801 	EXP 	window1: blendMode = 'avg'
45.1899 	EXP 	window1: blendMode = 'avg'
45.2002 	EXP 	window1: blendMode = 'avg'
45.2102 	EXP 	window1: blendMode = 'avg'
45.2201 	EXP 	window1: blendMode = 'avg'
45.2302 	EXP 	window1: blendMode = 'avg'
45.2403 	EXP 	window1: blendMode = 'avg'
45.2503 	EXP 	window1: blendMode = 'avg'
45.2606 	EXP 	window1: blendMode = 'avg'
45.2702 	EXP 	window1: blendMode = 'avg'
45.2804 	EXP 	window1: blendMode = 'avg'
45.2904 	EXP 	window1: blendMode = 'avg'
45.3005 	EXP 	window1: blendMode = 'avg'
45.3104 	EXP 	window1: blendMode = 'avg'
45.3204 	EXP 	window1: blendMode = 'avg'
45.3306 	EXP 	window1: blendMode = 'avg'
45.3406 	EXP 	window1: blendMode = 'avg'
45.3505 	EXP 	window1: blendMode = 'avg'
45.3606 	EXP 	window1: blendMode = 'avg'
45.3708 	EXP 	window1: blendMode = 'avg'
45.3807 	EXP 	window1: blendMode = 'avg'
45.3907 	EXP 	window1: blendMode = 'avg'
45.4009 	EXP 	window1: blendMode = 'avg'
45.4105 	EXP 	window1: blendMode = 'avg'
45.4206 	EXP 	window1: blendMode = 'avg'
45.4306 	EXP 	window1: blendMode = 'avg'
45.4408 	EXP 	window1: blendMode = 'avg'
45.4508 	EXP 	window1: blendMode = 'avg'
45.4608 	EXP 	window1: blendMode = 'avg'
45.4708 	EXP 	window1: blendMode = 'avg'
45.4811 	EXP 	window1: blendMode = 'avg'
45.4907 	EXP 	window1: blendMode = 'avg'
45.5011 	EXP 	window1: blendMode = 'avg'
45.5109 	EXP 	window1: blendMode = 'avg'
45.5213 	EXP 	window1: blendMode = 'avg'
45.5309 	EXP 	window1: blendMode = 'avg'
45.5409 	EXP 	window1: blendMode = 'avg'
45.5512 	EXP 	window1: blendMode = 'avg'
45.5610 	EXP 	window1: blendMode = 'avg'
45.5709 	EXP 	window1: blendMode = 'avg'
45.5812 	EXP 	window1: blendMode = 'avg'
45.5912 	EXP 	window1: blendMode = 'avg'
45.6009 	EXP 	window1: blendMode = 'avg'
45.6112 	EXP 	window1: blendMode = 'avg'
45.6209 	EXP 	window1: blendMode = 'avg'
45.6311 	EXP 	window1: blendMode = 'avg'
45.6411 	EXP 	window1: blendMode = 'avg'
45.6511 	EXP 	window1: blendMode = 'avg'
45.6611 	EXP 	window1: blendMode = 'avg'
45.6712 	EXP 	window1: blendMode = 'avg'
45.6813 	EXP 	window1: blendMode = 'avg'
45.6913 	EXP 	window1: blendMode = 'avg'
45.7014 	EXP 	window1: blendMode = 'avg'
45.7111 	EXP 	window1: blendMode = 'avg'
45.7214 	EXP 	window1: blendMode = 'avg'
45.7313 	EXP 	window1: blendMode = 'avg'
45.7412 	EXP 	window1: blendMode = 'avg'
45.7513 	EXP 	window1: blendMode = 'avg'
45.7615 	EXP 	window1: blendMode = 'avg'
45.7714 	EXP 	window1: blendMode = 'avg'
45.7814 	EXP 	window1: blendMode = 'avg'
45.7917 	EXP 	window1: blendMode = 'avg'
45.8017 	EXP 	window1: blendMode = 'avg'
45.8115 	EXP 	window1: blendMode = 'avg'
45.8215 	EXP 	window1: blendMode = 'avg'
45.8316 	EXP 	window1: blendMode = 'avg'
45.8415 	EXP 	window1: blendMode = 'avg'
45.8516 	EXP 	window1: blendMode = 'avg'
45.8615 	EXP 	window1: blendMode = 'avg'
45.8716 	EXP 	window1: blendMode = 'avg'
45.8816 	EXP 	window1: blendMode = 'avg'
45.8916 	EXP 	window1: blendMode = 'avg'
45.9019 	EXP 	window1: blendMode = 'avg'
45.9118 	EXP 	window1: blendMode = 'avg'
45.9216 	EXP 	window1: blendMode = 'avg'
45.9316 	EXP 	window1: blendMode = 'avg'
45.9418 	EXP 	window1: blendMode = 'avg'
45.9517 	EXP 	window1: blendMode = 'avg'
45.9618 	EXP 	window1: blendMode = 'avg'
45.9719 	EXP 	window1: blendMode = 'avg'
45.9819 	EXP 	window1: blendMode = 'avg'
45.9918 	EXP 	window1: blendMode = 'avg'
46.0021 	EXP 	window1: blendMode = 'avg'
46.0122 	EXP 	window1: blendMode = 'avg'
46.0220 	EXP 	window1: blendMode = 'avg'
46.0321 	EXP 	window1: blendMode = 'avg'
46.0420 	EXP 	window1: blendMode = 'avg'
46.0519 	EXP 	window1: blendMode = 'avg'
46.0620 	EXP 	window1: blendMode = 'avg'
46.0720 	EXP 	window1: blendMode = 'avg'
46.0821 	EXP 	window1: blendMode = 'avg'
46.0920 	EXP 	window1: blendMode = 'avg'
46.1021 	EXP 	window1: blendMode = 'avg'
46.1124 	EXP 	window1: blendMode = 'avg'
46.1224 	EXP 	window1: blendMode = 'avg'
46.1320 	EXP 	window1: blendMode = 'avg'
46.1422 	EXP 	window1: blendMode = 'avg'
46.1526 	EXP 	window1: blendMode = 'avg'
46.1624 	EXP 	window1: blendMode = 'avg'
46.1722 	EXP 	window1: blendMode = 'avg'
46.1827 	EXP 	window1: blendMode = 'avg'
46.1923 	EXP 	window1: blendMode = 'avg'
46.2027 	EXP 	window1: blendMode = 'avg'
46.2129 	EXP 	window1: blendMode = 'avg'
46.2229 	EXP 	window1: blendMode = 'avg'
46.2326 	EXP 	window1: blendMode = 'avg'
46.2428 	EXP 	window1: blendMode = 'avg'
46.2528 	EXP 	window1: blendMode = 'avg'
46.2625 	EXP 	window1: blendMode = 'avg'
46.2728 	EXP 	window1: blendMode = 'avg'
46.2828 	EXP 	window1: blendMode = 'avg'
46.2926 	EXP 	window1: blendMode = 'avg'
46.3032 	EXP 	window1: blendMode = 'avg'
46.3131 	EXP 	window1: blendMode = 'avg'
46.3228 	EXP 	window1: blendMode = 'avg'
46.3339 	EXP 	window1: blendMode = 'avg'
46.3439 	EXP 	window1: blendMode = 'avg'
46.3535 	EXP 	window1: blendMode = 'avg'
46.3639 	EXP 	window1: blendMode = 'avg'
46.3736 	EXP 	window1: blendMode = 'avg'
46.3831 	EXP 	window1: blendMode = 'avg'
46.3939 	EXP 	window1: blendMode = 'avg'
46.4033 	EXP 	window1: blendMode = 'avg'
46.4141 	EXP 	window1: blendMode = 'avg'
46.4233 	EXP 	window1: blendMode = 'avg'
46.4330 	EXP 	window1: blendMode = 'avg'
46.4429 	EXP 	window1: blendMode = 'avg'
46.4530 	EXP 	window1: blendMode = 'avg'
46.4629 	EXP 	window1: blendMode = 'avg'
46.4730 	EXP 	window1: blendMode = 'avg'
46.4829 	EXP 	window1: blendMode = 'avg'
46.4930 	EXP 	window1: blendMode = 'avg'
46.5030 	EXP 	window1: blendMode = 'avg'
46.5130 	EXP 	window1: blendMode = 'avg'
46.5230 	EXP 	window1: blendMode = 'avg'
46.5331 	EXP 	window1: blendMode = 'avg'
46.5431 	EXP 	window1: blendMode = 'avg'
46.5533 	EXP 	window1: blendMode = 'avg'
46.5633 	EXP 	window1: blendMode = 'avg'
46.5733 	EXP 	window1: blendMode = 'avg'
46.5837 	EXP 	window1: blendMode = 'avg'
46.5936 	EXP 	window1: blendMode = 'avg'
46.6036 	EXP 	window1: blendMode = 'avg'
46.6137 	EXP 	window1: blendMode = 'avg'
46.6238 	EXP 	window1: blendMode = 'avg'
46.6343 	EXP 	window1: blendMode = 'avg'
46.6433 	EXP 	window1: blendMode = 'avg'
46.6535 	EXP 	window1: blendMode = 'avg'
46.6633 	EXP 	window1: blendMode = 'avg'
46.6735 	EXP 	window1: blendMode = 'avg'
46.6832 	EXP 	window1: blendMode = 'avg'
46.6932 	EXP 	window1: blendMode = 'avg'
46.7033 	EXP 	window1: blendMode = 'avg'
46.7140 	EXP 	window1: blendMode = 'avg'
46.7237 	EXP 	window1: blendMode = 'avg'
46.7335 	EXP 	window1: blendMode = 'avg'
46.7434 	EXP 	window1: blendMode = 'avg'
46.7537 	EXP 	window1: blendMode = 'avg'
46.7635 	EXP 	window1: blendMode = 'avg'
46.7735 	EXP 	window1: blendMode = 'avg'
46.7836 	EXP 	window1: blendMode = 'avg'
46.7934 	EXP 	window1: blendMode = 'avg'
46.8035 	EXP 	window1: blendMode = 'avg'
46.8136 	EXP 	window1: blendMode = 'avg'
46.8236 	EXP 	window1: blendMode = 'avg'
46.8337 	EXP 	window1: blendMode = 'avg'
46.8437 	EXP 	window1: blendMode = 'avg'
46.8543 	DATA 	Keypress: escape
46.8550 	EXP 	window1: blendMode = 'avg'
46.8639 	EXP 	window1: blendMode = 'avg'
46.8736 	EXP 	window1: blendMode = 'avg'
46.8840 	EXP 	window1: blendMode = 'avg'
46.8936 	EXP 	window1: blendMode = 'avg'
46.9037 	EXP 	window1: blendMode = 'avg'
46.9138 	EXP 	window1: blendMode = 'avg'
46.9239 	EXP 	window1: blendMode = 'avg'
46.9339 	EXP 	window1: blendMode = 'avg'
46.9440 	EXP 	window1: blendMode = 'avg'
46.9541 	EXP 	window1: blendMode = 'avg'
46.9639 	EXP 	window1: blendMode = 'avg'
46.9738 	EXP 	window1: blendMode = 'avg'
46.9845 	EXP 	window1: blendMode = 'avg'
46.9941 	EXP 	window1: blendMode = 'avg'
47.0039 	EXP 	window1: blendMode = 'avg'
47.0140 	EXP 	window1: blendMode = 'avg'
47.0240 	EXP 	window1: blendMode = 'avg'
47.0342 	EXP 	window1: blendMode = 'avg'
47.0441 	EXP 	window1: blendMode = 'avg'
47.0544 	EXP 	window1: blendMode = 'avg'
47.0644 	EXP 	window1: blendMode = 'avg'
47.0741 	EXP 	window1: blendMode = 'avg'
47.0840 	EXP 	window1: blendMode = 'avg'
47.0943 	EXP 	window1: blendMode = 'avg'
47.1046 	EXP 	window1: blendMode = 'avg'
47.1146 	EXP 	window1: blendMode = 'avg'
47.1246 	EXP 	window1: blendMode = 'avg'
47.1347 	EXP 	window1: blendMode = 'avg'
47.1447 	EXP 	window1: blendMode = 'avg'
47.1547 	EXP 	window1: blendMode = 'avg'
47.1645 	EXP 	window1: blendMode = 'avg'
47.1747 	EXP 	window1: blendMode = 'avg'
47.1846 	EXP 	window1: blendMode = 'avg'
47.1945 	EXP 	window1: blendMode = 'avg'
47.2045 	EXP 	window1: blendMode = 'avg'
47.2143 	EXP 	window1: blendMode = 'avg'
47.2244 	EXP 	window1: blendMode = 'avg'
47.2345 	EXP 	window1: blendMode = 'avg'
47.2446 	DATA 	Mouse: Left button down, pos=(480,380)
48.0759 	DATA 	Mouse:  Left button up, pos=(480,380)
48.4346 	EXP 	Created OKrespZone = GratingStim(autoDraw=False, autoLog=True, color=array([ 1.,  1.,  1.]), colorSpace='rgb', contrast=1.0, depth=0, interpolate=False, mask='gauss', maskParams=None, name='OKrespZone', opacity=1.0, ori=0.0, phase=array([ 0.,  0.]), pos=array([ 0.,  0.]), rgbPedestal=array([ 0.,  0.,  0.]), sf=array([ 0.,  0.]), size=array([ 0.5,  0.5]), tex='sin', texRes=64, units='norm', win=Window(...))
48.4505 	EXP 	<method-wrapper '__getattribute__' of attributeSetter object at 0x10b8fed90>: vertices = array([[-0.07,  0.02],
       [ 0.07,  0.02],
       [ 0.07, -0.02],
       [-0.07, -0.02]])
48.4771 	EXP 	window1: blendMode = 'avg'
48.4867 	EXP 	window1: blendMode = 'avg'
48.4968 	EXP 	window1: blendMode = 'avg'
48.5093 	EXP 	window1: blendMode = 'avg'
48.5193 	EXP 	window1: blendMode = 'avg'
48.5301 	EXP 	window1: blendMode = 'avg'
48.5385 	EXP 	window1: blendMode = 'avg'
48.5480 	EXP 	window1: blendMode = 'avg'
48.5589 	EXP 	window1: blendMode = 'avg'
48.5734 	EXP 	window1: blendMode = 'avg'
48.5840 	EXP 	window1: blendMode = 'avg'
48.5937 	EXP 	window1: blendMode = 'avg'
48.6046 	EXP 	window1: blendMode = 'avg'
48.6139 	EXP 	window1: blendMode = 'avg'
48.6236 	EXP 	window1: blendMode = 'avg'
48.6336 	EXP 	window1: blendMode = 'avg'
48.6434 	EXP 	window1: blendMode = 'avg'
48.6532 	EXP 	window1: blendMode = 'avg'
48.6631 	EXP 	window1: blendMode = 'avg'
48.6739 	EXP 	window1: blendMode = 'avg'
48.6836 	EXP 	window1: blendMode = 'avg'
48.6939 	EXP 	window1: blendMode = 'avg'
48.7053 	EXP 	window1: blendMode = 'avg'
48.7143 	EXP 	window1: blendMode = 'avg'
48.7152 	DATA 	Keypress: escape
48.7156 	EXP 	OKrespZone: pos = array([ 0. , -0.6])
49.0340 	DATA 	Mouse: Left button down, pos=(480,380)
49.0347 	EXP 	Sound  started
49.0365 	EXP 	window1: mouseVisible = True
