18.3525 	ERROR 	Frames per second ~=59.8 BUT program assumes 100which is off by more than3.0%!!
24.1284 	INFO 	Successfully set darwin thread to realtime
25.1890 	INFO 	#[ PsychoPy2 RuntimeInfoStart ]
  #[[ PsychoPy ]] #---------
    psychopyVersion: 1.85.2
    psychopyHaveExtRush: True
  #[[ Experiment ]] #---------
    experimentRunTime: 2018_07_31 16:15 (Year_Month_Day Hour:Min)
    experimentRunTime.epoch: 1533017711
    experimentScript: ABnStream.py
    experimentScript.digestSHA1: 72fba8ffeab3791535bfed613564df2ef9259ed2
    experimentScript.directory: /Users/charlesludowici/gitCode/nStream
  #[[ System ]] #---------
    systemHaveInternetAccess: True
    systemHostName: vlan-2680-10-17-73-163.staff.wireless.sydney.edu.au
    systemLocale: C
    systemMemFreeRAM: 4030.421875
    systemMemTotalRAM: 8192.0
    systemPlatform: darwin 10.11.6 x86_64
    systemPyo.InputDevices: {0: {'host api index': 0, 'latency': 0.001995464786887169, 'default sr': 44100, 'name': u'Built-in Microph'}}
    systemPyo.OutputDevices: {1: {'host api index': 0, 'latency': 0.006734693888574839, 'default sr': 44100, 'name': u'Built-in Output'}}
    systemPyoVersion: 0.8.6
    systemRebooted: Jul 30 09:45
    systemSec.OpenSSLVersion: OpenSSL 0.9.8zh 14 Jan 2016
    systemSec.pythonSSL: True
    systemTimeNumpySD1000000_sec: 0.0065
    systemUser: charlesludowici
    systemUserID: 501
    systemUserProcCount: 135
    systemUserProcFlagged: iTunes Dropbox ''Google Chrome'' Safari mdworker
    systemUsersCount: 1
  #[[ Window ]] #---------
    windowWinType: pyglet
    windowUnits: deg
    windowSize_pix: [1024  768]
    windowScreen: 0
    windowRgb: [-0.7 -0.7 -0.7]
    windowRefreshTimeSD_ms: 0.176
    windowRefreshTimeMedian_ms: 16.719
    windowRefreshTimeAvg_ms: 16.718
    windowPos_pix: [0, 0]
    windowMonitor.name: testmonitor
    windowMonitor.getWidth_cm: 40.5
    windowMonitor.getDistance_cm: 57.0
    windowMonitor.currentCalibName: 2017_01_19 10:48
    windowIsFullScr: True
  #[[ Python ]] #---------
    pythonVersion: 2.7.12
  #[[ OpenGL ]] #---------
#[ PsychoPy2 RuntimeInfoEnd ]

26.7309 	EXP 	Set  sound=C
26.7325 	EXP 	Set  sound=406__tictacshutup__click-1-d.wav
26.8889 	EXP 	Set  sound=406__tictacshutup__click-1-d.wav
26.8892 	EXP 	Set  sound=A
26.9016 	EXP 	Created sequence: random, trialTypes=20, nReps=10, seed=None
27.0672 	INFO 	 each trialDurFrames=208 or 2080.0 ms
28.6423 	INFO 	Mouse: using default window
28.6425 	INFO 	Starting dual stream part of experiment
28.6429 	EXP 	New trial (rep=0, index=0): {'task': 'oneCued', 'targetLeftRightIfOne': 'right', 'numStreams': 6, 'numRespsWanted': 1, 'numToCue': 1, 'cue1lag': 0, 'firstRespLRifTwo': 'right', 'cue0temporalPos': 7}
29.6577 	EXP 	window1: blendMode = 'avg'
29.6589 	EXP 	window1: blendMode = 'avg'
29.6600 	EXP 	window1: blendMode = 'avg'
29.6609 	EXP 	window1: blendMode = 'avg'
29.6618 	EXP 	window1: blendMode = 'avg'
29.6630 	EXP 	window1: blendMode = 'avg'
29.6717 	EXP 	window1: blendMode = 'avg'
29.6724 	EXP 	window1: blendMode = 'avg'
29.6730 	EXP 	window1: blendMode = 'avg'
29.6737 	EXP 	window1: blendMode = 'avg'
29.6746 	EXP 	window1: blendMode = 'avg'
29.6753 	EXP 	window1: blendMode = 'avg'
29.6892 	EXP 	window1: blendMode = 'avg'
29.6899 	EXP 	window1: blendMode = 'avg'
29.6908 	EXP 	window1: blendMode = 'avg'
29.6917 	EXP 	window1: blendMode = 'avg'
29.6925 	EXP 	window1: blendMode = 'avg'
29.6932 	EXP 	window1: blendMode = 'avg'
29.7048 	EXP 	window1: blendMode = 'avg'
29.7055 	EXP 	window1: blendMode = 'avg'
29.7064 	EXP 	window1: blendMode = 'avg'
29.7071 	EXP 	window1: blendMode = 'avg'
29.7078 	EXP 	window1: blendMode = 'avg'
29.7084 	EXP 	window1: blendMode = 'avg'
29.7219 	EXP 	window1: blendMode = 'avg'
29.7225 	EXP 	window1: blendMode = 'avg'
29.7231 	EXP 	window1: blendMode = 'avg'
29.7242 	EXP 	window1: blendMode = 'avg'
29.7249 	EXP 	window1: blendMode = 'avg'
29.7256 	EXP 	window1: blendMode = 'avg'
29.7390 	EXP 	window1: blendMode = 'avg'
29.7398 	EXP 	window1: blendMode = 'avg'
29.7405 	EXP 	window1: blendMode = 'avg'
29.7414 	EXP 	window1: blendMode = 'avg'
29.7422 	EXP 	window1: blendMode = 'avg'
29.7428 	EXP 	window1: blendMode = 'avg'
29.7551 	EXP 	window1: blendMode = 'avg'
29.7561 	EXP 	window1: blendMode = 'avg'
29.7568 	EXP 	window1: blendMode = 'avg'
29.7574 	EXP 	window1: blendMode = 'avg'
29.7580 	EXP 	window1: blendMode = 'avg'
29.7590 	EXP 	window1: blendMode = 'avg'
29.7717 	EXP 	window1: blendMode = 'avg'
29.7724 	EXP 	window1: blendMode = 'avg'
29.7734 	EXP 	window1: blendMode = 'avg'
29.7740 	EXP 	window1: blendMode = 'avg'
29.7747 	EXP 	window1: blendMode = 'avg'
29.7753 	EXP 	window1: blendMode = 'avg'
29.7884 	EXP 	window1: blendMode = 'avg'
29.7893 	EXP 	window1: blendMode = 'avg'
29.7902 	EXP 	window1: blendMode = 'avg'
29.7911 	EXP 	window1: blendMode = 'avg'
29.7919 	EXP 	window1: blendMode = 'avg'
29.7928 	EXP 	window1: blendMode = 'avg'
29.8053 	EXP 	window1: blendMode = 'avg'
29.8060 	EXP 	window1: blendMode = 'avg'
29.8066 	EXP 	window1: blendMode = 'avg'
29.8072 	EXP 	window1: blendMode = 'avg'
29.8082 	EXP 	window1: blendMode = 'avg'
29.8089 	EXP 	window1: blendMode = 'avg'
29.8221 	EXP 	window1: blendMode = 'avg'
29.8229 	EXP 	window1: blendMode = 'avg'
29.8236 	EXP 	window1: blendMode = 'avg'
29.8242 	EXP 	window1: blendMode = 'avg'
29.8249 	EXP 	window1: blendMode = 'avg'
29.8258 	EXP 	window1: blendMode = 'avg'
29.8386 	EXP 	window1: blendMode = 'avg'
29.8392 	EXP 	window1: blendMode = 'avg'
29.8403 	EXP 	window1: blendMode = 'avg'
29.8409 	EXP 	window1: blendMode = 'avg'
29.8416 	EXP 	window1: blendMode = 'avg'
29.8422 	EXP 	window1: blendMode = 'avg'
29.8553 	EXP 	window1: blendMode = 'avg'
29.8561 	EXP 	window1: blendMode = 'avg'
29.8569 	EXP 	window1: blendMode = 'avg'
29.8577 	EXP 	window1: blendMode = 'avg'
29.8583 	EXP 	window1: blendMode = 'avg'
29.8590 	EXP 	window1: blendMode = 'avg'
29.8720 	EXP 	window1: blendMode = 'avg'
29.8727 	EXP 	window1: blendMode = 'avg'
29.8734 	EXP 	window1: blendMode = 'avg'
29.8741 	EXP 	window1: blendMode = 'avg'
29.8750 	EXP 	window1: blendMode = 'avg'
29.8757 	EXP 	window1: blendMode = 'avg'
29.8892 	EXP 	window1: blendMode = 'avg'
29.8900 	EXP 	window1: blendMode = 'avg'
29.8908 	EXP 	window1: blendMode = 'avg'
29.8915 	EXP 	window1: blendMode = 'avg'
29.8924 	EXP 	window1: blendMode = 'avg'
29.8931 	EXP 	window1: blendMode = 'avg'
29.9056 	EXP 	window1: blendMode = 'avg'
29.9065 	EXP 	window1: blendMode = 'avg'
29.9073 	EXP 	window1: blendMode = 'avg'
29.9080 	EXP 	window1: blendMode = 'avg'
29.9086 	EXP 	window1: blendMode = 'avg'
29.9097 	EXP 	window1: blendMode = 'avg'
29.9228 	EXP 	window1: blendMode = 'avg'
29.9239 	EXP 	window1: blendMode = 'avg'
29.9249 	EXP 	window1: blendMode = 'avg'
29.9258 	EXP 	window1: blendMode = 'avg'
29.9276 	EXP 	window1: blendMode = 'avg'
29.9285 	EXP 	window1: blendMode = 'avg'
29.9390 	EXP 	window1: blendMode = 'avg'
29.9396 	EXP 	window1: blendMode = 'avg'
29.9403 	EXP 	window1: blendMode = 'avg'
29.9415 	EXP 	window1: blendMode = 'avg'
29.9423 	EXP 	window1: blendMode = 'avg'
29.9430 	EXP 	window1: blendMode = 'avg'
29.9559 	EXP 	window1: blendMode = 'avg'
29.9566 	EXP 	window1: blendMode = 'avg'
29.9572 	EXP 	window1: blendMode = 'avg'
29.9578 	EXP 	window1: blendMode = 'avg'
29.9585 	EXP 	window1: blendMode = 'avg'
29.9592 	EXP 	window1: blendMode = 'avg'
29.9722 	EXP 	window1: blendMode = 'avg'
29.9729 	EXP 	window1: blendMode = 'avg'
29.9739 	EXP 	window1: blendMode = 'avg'
29.9746 	EXP 	window1: blendMode = 'avg'
29.9753 	EXP 	window1: blendMode = 'avg'
29.9762 	EXP 	window1: blendMode = 'avg'
29.9898 	EXP 	window1: blendMode = 'avg'
29.9907 	EXP 	window1: blendMode = 'avg'
29.9921 	EXP 	window1: blendMode = 'avg'
29.9932 	EXP 	window1: blendMode = 'avg'
29.9943 	EXP 	window1: blendMode = 'avg'
29.9950 	EXP 	window1: blendMode = 'avg'
30.0061 	EXP 	window1: blendMode = 'avg'
30.0067 	EXP 	window1: blendMode = 'avg'
30.0074 	EXP 	window1: blendMode = 'avg'
30.0083 	EXP 	window1: blendMode = 'avg'
30.0090 	EXP 	window1: blendMode = 'avg'
30.0097 	EXP 	window1: blendMode = 'avg'
30.0225 	EXP 	window1: blendMode = 'avg'
30.0233 	EXP 	window1: blendMode = 'avg'
30.0239 	EXP 	window1: blendMode = 'avg'
30.0246 	EXP 	window1: blendMode = 'avg'
30.0253 	EXP 	window1: blendMode = 'avg'
30.0261 	EXP 	window1: blendMode = 'avg'
30.0397 	EXP 	window1: blendMode = 'avg'
30.0406 	EXP 	window1: blendMode = 'avg'
30.0412 	EXP 	window1: blendMode = 'avg'
30.0419 	EXP 	window1: blendMode = 'avg'
30.0425 	EXP 	window1: blendMode = 'avg'
30.0434 	EXP 	window1: blendMode = 'avg'
30.0569 	EXP 	window1: blendMode = 'avg'
30.0581 	EXP 	window1: blendMode = 'avg'
30.0593 	EXP 	window1: blendMode = 'avg'
30.0607 	EXP 	window1: blendMode = 'avg'
30.0618 	EXP 	window1: blendMode = 'avg'
30.0629 	EXP 	window1: blendMode = 'avg'
30.0740 	EXP 	window1: blendMode = 'avg'
30.0750 	EXP 	window1: blendMode = 'avg'
30.0760 	EXP 	window1: blendMode = 'avg'
30.0768 	EXP 	window1: blendMode = 'avg'
30.0778 	EXP 	window1: blendMode = 'avg'
30.0787 	EXP 	window1: blendMode = 'avg'
30.0902 	EXP 	window1: blendMode = 'avg'
30.0911 	EXP 	window1: blendMode = 'avg'
30.0920 	EXP 	window1: blendMode = 'avg'
30.0930 	EXP 	window1: blendMode = 'avg'
30.0939 	EXP 	window1: blendMode = 'avg'
30.0947 	EXP 	window1: blendMode = 'avg'
30.1062 	EXP 	window1: blendMode = 'avg'
30.1073 	EXP 	window1: blendMode = 'avg'
30.1081 	EXP 	window1: blendMode = 'avg'
30.1088 	EXP 	window1: blendMode = 'avg'
30.1098 	EXP 	window1: blendMode = 'avg'
30.1107 	EXP 	window1: blendMode = 'avg'
30.1229 	EXP 	window1: blendMode = 'avg'
30.1237 	EXP 	window1: blendMode = 'avg'
30.1247 	EXP 	window1: blendMode = 'avg'
30.1254 	EXP 	window1: blendMode = 'avg'
30.1262 	EXP 	window1: blendMode = 'avg'
30.1272 	EXP 	window1: blendMode = 'avg'
30.1398 	EXP 	window1: blendMode = 'avg'
30.1405 	EXP 	window1: blendMode = 'avg'
30.1413 	EXP 	window1: blendMode = 'avg'
30.1422 	EXP 	window1: blendMode = 'avg'
30.1429 	EXP 	window1: blendMode = 'avg'
30.1436 	EXP 	window1: blendMode = 'avg'
30.1566 	EXP 	window1: blendMode = 'avg'
30.1573 	EXP 	window1: blendMode = 'avg'
30.1580 	EXP 	window1: blendMode = 'avg'
30.1588 	EXP 	window1: blendMode = 'avg'
30.1596 	EXP 	window1: blendMode = 'avg'
30.1602 	EXP 	window1: blendMode = 'avg'
30.1758 	EXP 	window1: blendMode = 'avg'
30.1769 	EXP 	window1: blendMode = 'avg'
30.1783 	EXP 	window1: blendMode = 'avg'
30.1797 	EXP 	window1: blendMode = 'avg'
30.1810 	EXP 	window1: blendMode = 'avg'
30.1818 	EXP 	window1: blendMode = 'avg'
30.1900 	EXP 	window1: blendMode = 'avg'
30.1911 	EXP 	window1: blendMode = 'avg'
30.1925 	EXP 	window1: blendMode = 'avg'
30.1936 	EXP 	window1: blendMode = 'avg'
30.1945 	EXP 	window1: blendMode = 'avg'
30.1956 	EXP 	window1: blendMode = 'avg'
30.2083 	EXP 	window1: blendMode = 'avg'
30.2094 	EXP 	window1: blendMode = 'avg'
30.2105 	EXP 	window1: blendMode = 'avg'
30.2117 	EXP 	window1: blendMode = 'avg'
30.2129 	EXP 	window1: blendMode = 'avg'
30.2137 	EXP 	window1: blendMode = 'avg'
30.2239 	EXP 	window1: blendMode = 'avg'
30.2249 	EXP 	window1: blendMode = 'avg'
30.2258 	EXP 	window1: blendMode = 'avg'
30.2266 	EXP 	window1: blendMode = 'avg'
30.2275 	EXP 	window1: blendMode = 'avg'
30.2283 	EXP 	window1: blendMode = 'avg'
30.2403 	EXP 	window1: blendMode = 'avg'
30.2415 	EXP 	window1: blendMode = 'avg'
30.2424 	EXP 	window1: blendMode = 'avg'
30.2432 	EXP 	window1: blendMode = 'avg'
30.2439 	EXP 	window1: blendMode = 'avg'
30.2448 	EXP 	window1: blendMode = 'avg'
30.2568 	EXP 	window1: blendMode = 'avg'
30.2576 	EXP 	window1: blendMode = 'avg'
30.2584 	EXP 	window1: blendMode = 'avg'
30.2591 	EXP 	window1: blendMode = 'avg'
30.2605 	EXP 	window1: blendMode = 'avg'
30.2613 	EXP 	window1: blendMode = 'avg'
30.2739 	EXP 	window1: blendMode = 'avg'
30.2748 	EXP 	window1: blendMode = 'avg'
30.2756 	EXP 	window1: blendMode = 'avg'
30.2763 	EXP 	window1: blendMode = 'avg'
30.2773 	EXP 	window1: blendMode = 'avg'
30.2780 	EXP 	window1: blendMode = 'avg'
30.2906 	EXP 	window1: blendMode = 'avg'
30.2915 	EXP 	window1: blendMode = 'avg'
30.2922 	EXP 	window1: blendMode = 'avg'
30.2930 	EXP 	window1: blendMode = 'avg'
30.2936 	EXP 	window1: blendMode = 'avg'
30.2946 	EXP 	window1: blendMode = 'avg'
30.3068 	EXP 	window1: blendMode = 'avg'
30.3076 	EXP 	window1: blendMode = 'avg'
30.3083 	EXP 	window1: blendMode = 'avg'
30.3092 	EXP 	window1: blendMode = 'avg'
30.3100 	EXP 	window1: blendMode = 'avg'
30.3109 	EXP 	window1: blendMode = 'avg'
30.3240 	EXP 	window1: blendMode = 'avg'
30.3251 	EXP 	window1: blendMode = 'avg'
30.3259 	EXP 	window1: blendMode = 'avg'
30.3267 	EXP 	window1: blendMode = 'avg'
30.3276 	EXP 	window1: blendMode = 'avg'
30.3284 	EXP 	window1: blendMode = 'avg'
30.3407 	EXP 	window1: blendMode = 'avg'
30.3415 	EXP 	window1: blendMode = 'avg'
30.3423 	EXP 	window1: blendMode = 'avg'
30.3429 	EXP 	window1: blendMode = 'avg'
30.3437 	EXP 	window1: blendMode = 'avg'
30.3444 	EXP 	window1: blendMode = 'avg'
30.3573 	EXP 	window1: blendMode = 'avg'
30.3581 	EXP 	window1: blendMode = 'avg'
30.3588 	EXP 	window1: blendMode = 'avg'
30.3595 	EXP 	window1: blendMode = 'avg'
30.3602 	EXP 	window1: blendMode = 'avg'
30.3610 	EXP 	window1: blendMode = 'avg'
30.3739 	EXP 	window1: blendMode = 'avg'
30.3746 	EXP 	window1: blendMode = 'avg'
30.3754 	EXP 	window1: blendMode = 'avg'
30.3761 	EXP 	window1: blendMode = 'avg'
30.3769 	EXP 	window1: blendMode = 'avg'
30.3775 	EXP 	window1: blendMode = 'avg'
30.3904 	EXP 	window1: blendMode = 'avg'
30.3911 	EXP 	window1: blendMode = 'avg'
30.3919 	EXP 	window1: blendMode = 'avg'
30.3925 	EXP 	window1: blendMode = 'avg'
30.3935 	EXP 	window1: blendMode = 'avg'
30.3943 	EXP 	window1: blendMode = 'avg'
30.4077 	EXP 	window1: blendMode = 'avg'
30.4084 	EXP 	window1: blendMode = 'avg'
30.4092 	EXP 	window1: blendMode = 'avg'
30.4099 	EXP 	window1: blendMode = 'avg'
30.4108 	EXP 	window1: blendMode = 'avg'
30.4115 	EXP 	window1: blendMode = 'avg'
30.4247 	EXP 	window1: blendMode = 'avg'
30.4254 	EXP 	window1: blendMode = 'avg'
30.4262 	EXP 	window1: blendMode = 'avg'
30.4269 	EXP 	window1: blendMode = 'avg'
30.4276 	EXP 	window1: blendMode = 'avg'
30.4282 	EXP 	window1: blendMode = 'avg'
30.4404 	EXP 	window1: blendMode = 'avg'
30.4411 	EXP 	window1: blendMode = 'avg'
30.4417 	EXP 	window1: blendMode = 'avg'
30.4425 	EXP 	window1: blendMode = 'avg'
30.4432 	EXP 	window1: blendMode = 'avg'
30.4439 	EXP 	window1: blendMode = 'avg'
30.4584 	EXP 	window1: blendMode = 'avg'
30.4594 	EXP 	window1: blendMode = 'avg'
30.4611 	EXP 	window1: blendMode = 'avg'
30.4624 	EXP 	window1: blendMode = 'avg'
30.4634 	EXP 	window1: blendMode = 'avg'
30.4644 	EXP 	window1: blendMode = 'avg'
30.4743 	EXP 	window1: blendMode = 'avg'
30.4751 	EXP 	window1: blendMode = 'avg'
30.4759 	EXP 	window1: blendMode = 'avg'
30.4766 	EXP 	window1: blendMode = 'avg'
30.4775 	EXP 	window1: blendMode = 'avg'
30.4783 	EXP 	window1: blendMode = 'avg'
30.4906 	EXP 	window1: blendMode = 'avg'
30.4914 	EXP 	window1: blendMode = 'avg'
30.4921 	EXP 	window1: blendMode = 'avg'
30.4929 	EXP 	window1: blendMode = 'avg'
30.4936 	EXP 	window1: blendMode = 'avg'
30.4944 	EXP 	window1: blendMode = 'avg'
30.5073 	EXP 	window1: blendMode = 'avg'
30.5081 	EXP 	window1: blendMode = 'avg'
30.5090 	EXP 	window1: blendMode = 'avg'
30.5100 	EXP 	window1: blendMode = 'avg'
30.5108 	EXP 	window1: blendMode = 'avg'
30.5115 	EXP 	window1: blendMode = 'avg'
30.5254 	EXP 	window1: blendMode = 'avg'
30.5265 	EXP 	window1: blendMode = 'avg'
30.5274 	EXP 	window1: blendMode = 'avg'
30.5282 	EXP 	window1: blendMode = 'avg'
30.5289 	EXP 	window1: blendMode = 'avg'
30.5301 	EXP 	window1: blendMode = 'avg'
30.5414 	EXP 	window1: blendMode = 'avg'
30.5421 	EXP 	window1: blendMode = 'avg'
30.5428 	EXP 	window1: blendMode = 'avg'
30.5434 	EXP 	window1: blendMode = 'avg'
30.5443 	EXP 	window1: blendMode = 'avg'
30.5450 	EXP 	window1: blendMode = 'avg'
30.5584 	EXP 	window1: blendMode = 'avg'
30.5591 	EXP 	window1: blendMode = 'avg'
30.5598 	EXP 	window1: blendMode = 'avg'
30.5605 	EXP 	window1: blendMode = 'avg'
30.5614 	EXP 	window1: blendMode = 'avg'
30.5621 	EXP 	window1: blendMode = 'avg'
30.5746 	EXP 	window1: blendMode = 'avg'
30.5753 	EXP 	window1: blendMode = 'avg'
30.5762 	EXP 	window1: blendMode = 'avg'
30.5770 	EXP 	window1: blendMode = 'avg'
30.5777 	EXP 	window1: blendMode = 'avg'
30.5783 	EXP 	window1: blendMode = 'avg'
30.5939 	EXP 	window1: blendMode = 'avg'
30.5949 	EXP 	window1: blendMode = 'avg'
30.5958 	EXP 	window1: blendMode = 'avg'
30.5969 	EXP 	window1: blendMode = 'avg'
30.5977 	EXP 	window1: blendMode = 'avg'
30.5986 	EXP 	window1: blendMode = 'avg'
30.6082 	EXP 	window1: blendMode = 'avg'
30.6089 	EXP 	window1: blendMode = 'avg'
30.6097 	EXP 	window1: blendMode = 'avg'
30.6103 	EXP 	window1: blendMode = 'avg'
30.6113 	EXP 	window1: blendMode = 'avg'
30.6120 	EXP 	window1: blendMode = 'avg'
30.6254 	EXP 	window1: blendMode = 'avg'
30.6261 	EXP 	window1: blendMode = 'avg'
30.6269 	EXP 	window1: blendMode = 'avg'
30.6275 	EXP 	window1: blendMode = 'avg'
30.6284 	EXP 	window1: blendMode = 'avg'
30.6292 	EXP 	window1: blendMode = 'avg'
30.6415 	EXP 	window1: blendMode = 'avg'
30.6423 	EXP 	window1: blendMode = 'avg'
30.6432 	EXP 	window1: blendMode = 'avg'
30.6440 	EXP 	window1: blendMode = 'avg'
30.6446 	EXP 	window1: blendMode = 'avg'
30.6454 	EXP 	window1: blendMode = 'avg'
30.6583 	EXP 	window1: blendMode = 'avg'
30.6590 	EXP 	window1: blendMode = 'avg'
30.6596 	EXP 	window1: blendMode = 'avg'
30.6603 	EXP 	window1: blendMode = 'avg'
30.6609 	EXP 	window1: blendMode = 'avg'
30.6615 	EXP 	window1: blendMode = 'avg'
30.6751 	EXP 	window1: blendMode = 'avg'
30.6758 	EXP 	window1: blendMode = 'avg'
30.6765 	EXP 	window1: blendMode = 'avg'
30.6772 	EXP 	window1: blendMode = 'avg'
30.6778 	EXP 	window1: blendMode = 'avg'
30.6785 	EXP 	window1: blendMode = 'avg'
30.6915 	EXP 	window1: blendMode = 'avg'
30.6925 	EXP 	window1: blendMode = 'avg'
30.6933 	EXP 	window1: blendMode = 'avg'
30.6940 	EXP 	window1: blendMode = 'avg'
30.6948 	EXP 	window1: blendMode = 'avg'
30.6954 	EXP 	window1: blendMode = 'avg'
30.7085 	EXP 	window1: blendMode = 'avg'
30.7095 	EXP 	window1: blendMode = 'avg'
30.7102 	EXP 	window1: blendMode = 'avg'
30.7109 	EXP 	window1: blendMode = 'avg'
30.7116 	EXP 	window1: blendMode = 'avg'
30.7124 	EXP 	window1: blendMode = 'avg'
30.7251 	EXP 	window1: blendMode = 'avg'
30.7261 	EXP 	window1: blendMode = 'avg'
30.7273 	EXP 	window1: blendMode = 'avg'
30.7283 	EXP 	window1: blendMode = 'avg'
30.7291 	EXP 	window1: blendMode = 'avg'
30.7303 	EXP 	window1: blendMode = 'avg'
30.7414 	EXP 	window1: blendMode = 'avg'
30.7421 	EXP 	window1: blendMode = 'avg'
30.7428 	EXP 	window1: blendMode = 'avg'
30.7434 	EXP 	window1: blendMode = 'avg'
30.7442 	EXP 	window1: blendMode = 'avg'
30.7449 	EXP 	window1: blendMode = 'avg'
30.7584 	EXP 	window1: blendMode = 'avg'
30.7592 	EXP 	window1: blendMode = 'avg'
30.7599 	EXP 	window1: blendMode = 'avg'
30.7605 	EXP 	window1: blendMode = 'avg'
30.7611 	EXP 	window1: blendMode = 'avg'
30.7621 	EXP 	window1: blendMode = 'avg'
30.7765 	EXP 	window1: blendMode = 'avg'
30.7773 	EXP 	window1: blendMode = 'avg'
30.7781 	EXP 	window1: blendMode = 'avg'
30.7790 	EXP 	window1: blendMode = 'avg'
30.7797 	EXP 	window1: blendMode = 'avg'
30.7806 	EXP 	window1: blendMode = 'avg'
30.7914 	EXP 	window1: blendMode = 'avg'
30.7921 	EXP 	window1: blendMode = 'avg'
30.7927 	EXP 	window1: blendMode = 'avg'
30.7934 	EXP 	window1: blendMode = 'avg'
30.7941 	EXP 	window1: blendMode = 'avg'
30.7948 	EXP 	window1: blendMode = 'avg'
30.8084 	EXP 	window1: blendMode = 'avg'
30.8092 	EXP 	window1: blendMode = 'avg'
30.8100 	EXP 	window1: blendMode = 'avg'
30.8108 	EXP 	window1: blendMode = 'avg'
30.8114 	EXP 	window1: blendMode = 'avg'
30.8121 	EXP 	window1: blendMode = 'avg'
30.8256 	EXP 	window1: blendMode = 'avg'
30.8263 	EXP 	window1: blendMode = 'avg'
30.8270 	EXP 	window1: blendMode = 'avg'
30.8277 	EXP 	window1: blendMode = 'avg'
30.8286 	EXP 	window1: blendMode = 'avg'
30.8294 	EXP 	window1: blendMode = 'avg'
30.8438 	EXP 	window1: blendMode = 'avg'
30.8445 	EXP 	window1: blendMode = 'avg'
30.8451 	EXP 	window1: blendMode = 'avg'
30.8460 	EXP 	window1: blendMode = 'avg'
30.8467 	EXP 	window1: blendMode = 'avg'
30.8479 	EXP 	window1: blendMode = 'avg'
30.8588 	EXP 	window1: blendMode = 'avg'
30.8597 	EXP 	window1: blendMode = 'avg'
30.8609 	EXP 	window1: blendMode = 'avg'
30.8618 	EXP 	window1: blendMode = 'avg'
30.8627 	EXP 	window1: blendMode = 'avg'
30.8638 	EXP 	window1: blendMode = 'avg'
30.8752 	EXP 	window1: blendMode = 'avg'
30.8761 	EXP 	window1: blendMode = 'avg'
30.8768 	EXP 	window1: blendMode = 'avg'
30.8776 	EXP 	window1: blendMode = 'avg'
30.8783 	EXP 	window1: blendMode = 'avg'
30.8790 	EXP 	window1: blendMode = 'avg'
30.8932 	EXP 	window1: blendMode = 'avg'
30.8941 	EXP 	window1: blendMode = 'avg'
30.8950 	EXP 	window1: blendMode = 'avg'
30.8957 	EXP 	window1: blendMode = 'avg'
30.8965 	EXP 	window1: blendMode = 'avg'
30.8973 	EXP 	window1: blendMode = 'avg'
30.9088 	EXP 	window1: blendMode = 'avg'
30.9097 	EXP 	window1: blendMode = 'avg'
30.9104 	EXP 	window1: blendMode = 'avg'
30.9112 	EXP 	window1: blendMode = 'avg'
30.9119 	EXP 	window1: blendMode = 'avg'
30.9128 	EXP 	window1: blendMode = 'avg'
30.9256 	EXP 	window1: blendMode = 'avg'
30.9264 	EXP 	window1: blendMode = 'avg'
30.9274 	EXP 	window1: blendMode = 'avg'
30.9280 	EXP 	window1: blendMode = 'avg'
30.9288 	EXP 	window1: blendMode = 'avg'
30.9294 	EXP 	window1: blendMode = 'avg'
30.9422 	EXP 	window1: blendMode = 'avg'
30.9430 	EXP 	window1: blendMode = 'avg'
30.9438 	EXP 	window1: blendMode = 'avg'
30.9446 	EXP 	window1: blendMode = 'avg'
30.9453 	EXP 	window1: blendMode = 'avg'
30.9462 	EXP 	window1: blendMode = 'avg'
30.9590 	EXP 	window1: blendMode = 'avg'
30.9597 	EXP 	window1: blendMode = 'avg'
30.9606 	EXP 	window1: blendMode = 'avg'
30.9613 	EXP 	window1: blendMode = 'avg'
30.9622 	EXP 	window1: blendMode = 'avg'
30.9628 	EXP 	window1: blendMode = 'avg'
30.9762 	EXP 	window1: blendMode = 'avg'
30.9769 	EXP 	window1: blendMode = 'avg'
30.9776 	EXP 	window1: blendMode = 'avg'
30.9783 	EXP 	window1: blendMode = 'avg'
30.9790 	EXP 	window1: blendMode = 'avg'
30.9796 	EXP 	window1: blendMode = 'avg'
30.9925 	EXP 	window1: blendMode = 'avg'
30.9934 	EXP 	window1: blendMode = 'avg'
30.9945 	EXP 	window1: blendMode = 'avg'
30.9954 	EXP 	window1: blendMode = 'avg'
30.9962 	EXP 	window1: blendMode = 'avg'
30.9974 	EXP 	window1: blendMode = 'avg'
31.0089 	EXP 	window1: blendMode = 'avg'
31.0097 	EXP 	window1: blendMode = 'avg'
31.0105 	EXP 	window1: blendMode = 'avg'
31.0115 	EXP 	window1: blendMode = 'avg'
31.0121 	EXP 	window1: blendMode = 'avg'
31.0128 	EXP 	window1: blendMode = 'avg'
31.0263 	EXP 	window1: blendMode = 'avg'
31.0271 	EXP 	window1: blendMode = 'avg'
31.0277 	EXP 	window1: blendMode = 'avg'
31.0284 	EXP 	window1: blendMode = 'avg'
31.0291 	EXP 	window1: blendMode = 'avg'
31.0299 	EXP 	window1: blendMode = 'avg'
31.0425 	EXP 	window1: blendMode = 'avg'
31.0435 	EXP 	window1: blendMode = 'avg'
31.0443 	EXP 	window1: blendMode = 'avg'
31.0450 	EXP 	window1: blendMode = 'avg'
31.0457 	EXP 	window1: blendMode = 'avg'
31.0465 	EXP 	window1: blendMode = 'avg'
31.0605 	EXP 	window1: blendMode = 'avg'
31.0614 	EXP 	window1: blendMode = 'avg'
31.0624 	EXP 	window1: blendMode = 'avg'
31.0633 	EXP 	window1: blendMode = 'avg'
31.0640 	EXP 	window1: blendMode = 'avg'
31.0649 	EXP 	window1: blendMode = 'avg'
31.0756 	EXP 	window1: blendMode = 'avg'
31.0764 	EXP 	window1: blendMode = 'avg'
31.0770 	EXP 	window1: blendMode = 'avg'
31.0778 	EXP 	window1: blendMode = 'avg'
31.0784 	EXP 	window1: blendMode = 'avg'
31.0792 	EXP 	window1: blendMode = 'avg'
31.0927 	EXP 	window1: blendMode = 'avg'
31.0935 	EXP 	window1: blendMode = 'avg'
31.0943 	EXP 	window1: blendMode = 'avg'
31.0949 	EXP 	window1: blendMode = 'avg'
31.0960 	EXP 	window1: blendMode = 'avg'
31.0968 	EXP 	window1: blendMode = 'avg'
31.1098 	EXP 	window1: blendMode = 'avg'
31.1105 	EXP 	window1: blendMode = 'avg'
31.1112 	EXP 	window1: blendMode = 'avg'
31.1119 	EXP 	window1: blendMode = 'avg'
31.1126 	EXP 	window1: blendMode = 'avg'
31.1132 	EXP 	window1: blendMode = 'avg'
31.1268 	EXP 	window1: blendMode = 'avg'
31.1280 	EXP 	window1: blendMode = 'avg'
31.1290 	EXP 	window1: blendMode = 'avg'
31.1298 	EXP 	window1: blendMode = 'avg'
31.1308 	EXP 	window1: blendMode = 'avg'
31.1318 	EXP 	window1: blendMode = 'avg'
31.1423 	EXP 	window1: blendMode = 'avg'
31.1431 	EXP 	window1: blendMode = 'avg'
31.1438 	EXP 	window1: blendMode = 'avg'
31.1445 	EXP 	window1: blendMode = 'avg'
31.1452 	EXP 	window1: blendMode = 'avg'
31.1458 	EXP 	window1: blendMode = 'avg'
31.1596 	EXP 	window1: blendMode = 'avg'
31.1603 	EXP 	window1: blendMode = 'avg'
31.1609 	EXP 	window1: blendMode = 'avg'
31.1615 	EXP 	window1: blendMode = 'avg'
31.1624 	EXP 	window1: blendMode = 'avg'
31.1630 	EXP 	window1: blendMode = 'avg'
31.1764 	EXP 	window1: blendMode = 'avg'
31.1771 	EXP 	window1: blendMode = 'avg'
31.1779 	EXP 	window1: blendMode = 'avg'
31.1786 	EXP 	window1: blendMode = 'avg'
31.1793 	EXP 	window1: blendMode = 'avg'
31.1800 	EXP 	window1: blendMode = 'avg'
31.1927 	EXP 	window1: blendMode = 'avg'
31.1934 	EXP 	window1: blendMode = 'avg'
31.1943 	EXP 	window1: blendMode = 'avg'
31.1950 	EXP 	window1: blendMode = 'avg'
31.1958 	EXP 	window1: blendMode = 'avg'
31.1964 	EXP 	window1: blendMode = 'avg'
31.2095 	EXP 	window1: blendMode = 'avg'
31.2104 	EXP 	window1: blendMode = 'avg'
31.2110 	EXP 	window1: blendMode = 'avg'
31.2123 	EXP 	window1: blendMode = 'avg'
31.2130 	EXP 	window1: blendMode = 'avg'
31.2136 	EXP 	window1: blendMode = 'avg'
31.2263 	EXP 	window1: blendMode = 'avg'
31.2271 	EXP 	window1: blendMode = 'avg'
31.2278 	EXP 	window1: blendMode = 'avg'
31.2284 	EXP 	window1: blendMode = 'avg'
31.2292 	EXP 	window1: blendMode = 'avg'
31.2298 	EXP 	window1: blendMode = 'avg'
31.2443 	EXP 	window1: blendMode = 'avg'
31.2451 	EXP 	window1: blendMode = 'avg'
31.2457 	EXP 	window1: blendMode = 'avg'
31.2468 	EXP 	window1: blendMode = 'avg'
31.2476 	EXP 	window1: blendMode = 'avg'
31.2484 	EXP 	window1: blendMode = 'avg'
31.2609 	EXP 	window1: blendMode = 'avg'
31.2618 	EXP 	window1: blendMode = 'avg'
31.2630 	EXP 	window1: blendMode = 'avg'
31.2644 	EXP 	window1: blendMode = 'avg'
31.2655 	EXP 	window1: blendMode = 'avg'
31.2665 	EXP 	window1: blendMode = 'avg'
31.2767 	EXP 	window1: blendMode = 'avg'
31.2774 	EXP 	window1: blendMode = 'avg'
31.2781 	EXP 	window1: blendMode = 'avg'
31.2787 	EXP 	window1: blendMode = 'avg'
31.2794 	EXP 	window1: blendMode = 'avg'
31.2801 	EXP 	window1: blendMode = 'avg'
31.2933 	EXP 	window1: blendMode = 'avg'
31.2940 	EXP 	window1: blendMode = 'avg'
31.2946 	EXP 	window1: blendMode = 'avg'
31.2952 	EXP 	window1: blendMode = 'avg'
31.2962 	EXP 	window1: blendMode = 'avg'
31.2969 	EXP 	window1: blendMode = 'avg'
31.3110 	EXP 	window1: blendMode = 'avg'
31.3120 	EXP 	window1: blendMode = 'avg'
31.3127 	EXP 	window1: blendMode = 'avg'
31.3136 	EXP 	window1: blendMode = 'avg'
31.3144 	EXP 	window1: blendMode = 'avg'
31.3150 	EXP 	window1: blendMode = 'avg'
31.3271 	EXP 	window1: blendMode = 'avg'
31.3280 	EXP 	window1: blendMode = 'avg'
31.3287 	EXP 	window1: blendMode = 'avg'
31.3294 	EXP 	window1: blendMode = 'avg'
31.3300 	EXP 	window1: blendMode = 'avg'
31.3311 	EXP 	window1: blendMode = 'avg'
31.3436 	EXP 	window1: blendMode = 'avg'
31.3443 	EXP 	window1: blendMode = 'avg'
31.3452 	EXP 	window1: blendMode = 'avg'
31.3459 	EXP 	window1: blendMode = 'avg'
31.3466 	EXP 	window1: blendMode = 'avg'
31.3473 	EXP 	window1: blendMode = 'avg'
31.3604 	EXP 	window1: blendMode = 'avg'
31.3613 	EXP 	window1: blendMode = 'avg'
31.3619 	EXP 	window1: blendMode = 'avg'
31.3629 	EXP 	window1: blendMode = 'avg'
31.3637 	EXP 	window1: blendMode = 'avg'
31.3644 	EXP 	window1: blendMode = 'avg'
31.3777 	EXP 	window1: blendMode = 'avg'
31.3784 	EXP 	window1: blendMode = 'avg'
31.3791 	EXP 	window1: blendMode = 'avg'
31.3798 	EXP 	window1: blendMode = 'avg'
31.3805 	EXP 	window1: blendMode = 'avg'
31.3812 	EXP 	window1: blendMode = 'avg'
31.3942 	EXP 	window1: blendMode = 'avg'
31.3951 	EXP 	window1: blendMode = 'avg'
31.3960 	EXP 	window1: blendMode = 'avg'
31.3969 	EXP 	window1: blendMode = 'avg'
31.3981 	EXP 	window1: blendMode = 'avg'
31.3990 	EXP 	window1: blendMode = 'avg'
31.4105 	EXP 	window1: blendMode = 'avg'
31.4112 	EXP 	window1: blendMode = 'avg'
31.4121 	EXP 	window1: blendMode = 'avg'
31.4128 	EXP 	window1: blendMode = 'avg'
31.4135 	EXP 	window1: blendMode = 'avg'
31.4142 	EXP 	window1: blendMode = 'avg'
31.4271 	EXP 	window1: blendMode = 'avg'
31.4278 	EXP 	window1: blendMode = 'avg'
31.4285 	EXP 	window1: blendMode = 'avg'
31.4293 	EXP 	window1: blendMode = 'avg'
31.4300 	EXP 	window1: blendMode = 'avg'
31.4307 	EXP 	window1: blendMode = 'avg'
31.4435 	EXP 	window1: blendMode = 'avg'
31.4442 	EXP 	window1: blendMode = 'avg'
31.4449 	EXP 	window1: blendMode = 'avg'
31.4455 	EXP 	window1: blendMode = 'avg'
31.4461 	EXP 	window1: blendMode = 'avg'
31.4470 	EXP 	window1: blendMode = 'avg'
31.4606 	EXP 	window1: blendMode = 'avg'
31.4617 	EXP 	window1: blendMode = 'avg'
31.4624 	EXP 	window1: blendMode = 'avg'
31.4631 	EXP 	window1: blendMode = 'avg'
31.4640 	EXP 	window1: blendMode = 'avg'
31.4647 	EXP 	window1: blendMode = 'avg'
31.4774 	EXP 	window1: blendMode = 'avg'
31.4781 	EXP 	window1: blendMode = 'avg'
31.4790 	EXP 	window1: blendMode = 'avg'
31.4798 	EXP 	window1: blendMode = 'avg'
31.4805 	EXP 	window1: blendMode = 'avg'
31.4812 	EXP 	window1: blendMode = 'avg'
31.4940 	EXP 	window1: blendMode = 'avg'
31.4947 	EXP 	window1: blendMode = 'avg'
31.4954 	EXP 	window1: blendMode = 'avg'
31.4963 	EXP 	window1: blendMode = 'avg'
31.4971 	EXP 	window1: blendMode = 'avg'
31.4978 	EXP 	window1: blendMode = 'avg'
31.5104 	EXP 	window1: blendMode = 'avg'
31.5112 	EXP 	window1: blendMode = 'avg'
31.5120 	EXP 	window1: blendMode = 'avg'
31.5127 	EXP 	window1: blendMode = 'avg'
31.5135 	EXP 	window1: blendMode = 'avg'
31.5141 	EXP 	window1: blendMode = 'avg'
31.5275 	EXP 	window1: blendMode = 'avg'
31.5287 	EXP 	window1: blendMode = 'avg'
31.5297 	EXP 	window1: blendMode = 'avg'
31.5306 	EXP 	window1: blendMode = 'avg'
31.5315 	EXP 	window1: blendMode = 'avg'
31.5325 	EXP 	window1: blendMode = 'avg'
31.5445 	EXP 	window1: blendMode = 'avg'
31.5454 	EXP 	window1: blendMode = 'avg'
31.5461 	EXP 	window1: blendMode = 'avg'
31.5469 	EXP 	window1: blendMode = 'avg'
31.5476 	EXP 	window1: blendMode = 'avg'
31.5484 	EXP 	window1: blendMode = 'avg'
31.5609 	EXP 	window1: blendMode = 'avg'
31.5617 	EXP 	window1: blendMode = 'avg'
31.5623 	EXP 	window1: blendMode = 'avg'
31.5632 	EXP 	window1: blendMode = 'avg'
31.5639 	EXP 	window1: blendMode = 'avg'
31.5645 	EXP 	window1: blendMode = 'avg'
31.5774 	EXP 	window1: blendMode = 'avg'
31.5781 	EXP 	window1: blendMode = 'avg'
31.5789 	EXP 	window1: blendMode = 'avg'
31.5796 	EXP 	window1: blendMode = 'avg'
31.5805 	EXP 	window1: blendMode = 'avg'
31.5812 	EXP 	window1: blendMode = 'avg'
31.5941 	EXP 	window1: blendMode = 'avg'
31.5949 	EXP 	window1: blendMode = 'avg'
31.5957 	EXP 	window1: blendMode = 'avg'
31.5964 	EXP 	window1: blendMode = 'avg'
31.5971 	EXP 	window1: blendMode = 'avg'
31.5981 	EXP 	window1: blendMode = 'avg'
31.6119 	EXP 	window1: blendMode = 'avg'
31.6127 	EXP 	window1: blendMode = 'avg'
31.6135 	EXP 	window1: blendMode = 'avg'
31.6142 	EXP 	window1: blendMode = 'avg'
31.6152 	EXP 	window1: blendMode = 'avg'
31.6159 	EXP 	window1: blendMode = 'avg'
31.6277 	EXP 	window1: blendMode = 'avg'
31.6284 	EXP 	window1: blendMode = 'avg'
31.6292 	EXP 	window1: blendMode = 'avg'
31.6299 	EXP 	window1: blendMode = 'avg'
31.6306 	EXP 	window1: blendMode = 'avg'
31.6314 	EXP 	window1: blendMode = 'avg'
31.6450 	EXP 	window1: blendMode = 'avg'
31.6460 	EXP 	window1: blendMode = 'avg'
31.6471 	EXP 	window1: blendMode = 'avg'
31.6482 	EXP 	window1: blendMode = 'avg'
31.6493 	EXP 	window1: blendMode = 'avg'
31.6505 	EXP 	window1: blendMode = 'avg'
31.6615 	EXP 	window1: blendMode = 'avg'
31.6626 	EXP 	window1: blendMode = 'avg'
31.6637 	EXP 	window1: blendMode = 'avg'
31.6649 	EXP 	window1: blendMode = 'avg'
31.6660 	EXP 	window1: blendMode = 'avg'
31.6672 	EXP 	window1: blendMode = 'avg'
31.6782 	EXP 	window1: blendMode = 'avg'
31.6793 	EXP 	window1: blendMode = 'avg'
31.6800 	EXP 	window1: blendMode = 'avg'
31.6807 	EXP 	window1: blendMode = 'avg'
31.6815 	EXP 	window1: blendMode = 'avg'
31.6821 	EXP 	window1: blendMode = 'avg'
31.6942 	EXP 	window1: blendMode = 'avg'
31.6949 	EXP 	window1: blendMode = 'avg'
31.6955 	EXP 	window1: blendMode = 'avg'
31.6963 	EXP 	window1: blendMode = 'avg'
31.6970 	EXP 	window1: blendMode = 'avg'
31.6978 	EXP 	window1: blendMode = 'avg'
31.7113 	EXP 	window1: blendMode = 'avg'
31.7121 	EXP 	window1: blendMode = 'avg'
31.7128 	EXP 	window1: blendMode = 'avg'
31.7136 	EXP 	window1: blendMode = 'avg'
31.7143 	EXP 	window1: blendMode = 'avg'
31.7152 	EXP 	window1: blendMode = 'avg'
31.7279 	EXP 	window1: blendMode = 'avg'
31.7285 	EXP 	window1: blendMode = 'avg'
31.7295 	EXP 	window1: blendMode = 'avg'
31.7301 	EXP 	window1: blendMode = 'avg'
31.7309 	EXP 	window1: blendMode = 'avg'
31.7316 	EXP 	window1: blendMode = 'avg'
31.7466 	EXP 	window1: blendMode = 'avg'
31.7474 	EXP 	window1: blendMode = 'avg'
31.7483 	EXP 	window1: blendMode = 'avg'
31.7491 	EXP 	window1: blendMode = 'avg'
31.7501 	EXP 	window1: blendMode = 'avg'
31.7518 	EXP 	window1: blendMode = 'avg'
31.7619 	EXP 	window1: blendMode = 'avg'
31.7627 	EXP 	window1: blendMode = 'avg'
31.7634 	EXP 	window1: blendMode = 'avg'
31.7641 	EXP 	window1: blendMode = 'avg'
31.7647 	EXP 	window1: blendMode = 'avg'
31.7654 	EXP 	window1: blendMode = 'avg'
31.7802 	EXP 	window1: blendMode = 'avg'
31.7813 	EXP 	window1: blendMode = 'avg'
31.7820 	EXP 	window1: blendMode = 'avg'
31.7827 	EXP 	window1: blendMode = 'avg'
31.7836 	EXP 	window1: blendMode = 'avg'
31.7843 	EXP 	window1: blendMode = 'avg'
31.7953 	EXP 	window1: blendMode = 'avg'
31.7963 	EXP 	window1: blendMode = 'avg'
31.7972 	EXP 	window1: blendMode = 'avg'
31.7982 	EXP 	window1: blendMode = 'avg'
31.7992 	EXP 	window1: blendMode = 'avg'
31.8001 	EXP 	window1: blendMode = 'avg'
31.8114 	EXP 	window1: blendMode = 'avg'
31.8121 	EXP 	window1: blendMode = 'avg'
31.8128 	EXP 	window1: blendMode = 'avg'
31.8135 	EXP 	window1: blendMode = 'avg'
31.8141 	EXP 	window1: blendMode = 'avg'
31.8148 	EXP 	window1: blendMode = 'avg'
31.8284 	EXP 	window1: blendMode = 'avg'
31.8291 	EXP 	window1: blendMode = 'avg'
31.8301 	EXP 	window1: blendMode = 'avg'
31.8309 	EXP 	window1: blendMode = 'avg'
31.8316 	EXP 	window1: blendMode = 'avg'
31.8324 	EXP 	window1: blendMode = 'avg'
31.8451 	EXP 	window1: blendMode = 'avg'
31.8458 	EXP 	window1: blendMode = 'avg'
31.8465 	EXP 	window1: blendMode = 'avg'
31.8476 	EXP 	window1: blendMode = 'avg'
31.8484 	EXP 	window1: blendMode = 'avg'
31.8491 	EXP 	window1: blendMode = 'avg'
31.8628 	EXP 	window1: blendMode = 'avg'
31.8635 	EXP 	window1: blendMode = 'avg'
31.8643 	EXP 	window1: blendMode = 'avg'
31.8650 	EXP 	window1: blendMode = 'avg'
31.8656 	EXP 	window1: blendMode = 'avg'
31.8663 	EXP 	window1: blendMode = 'avg'
31.8786 	EXP 	window1: blendMode = 'avg'
31.8795 	EXP 	window1: blendMode = 'avg'
31.8803 	EXP 	window1: blendMode = 'avg'
31.8810 	EXP 	window1: blendMode = 'avg'
31.8817 	EXP 	window1: blendMode = 'avg'
31.8825 	EXP 	window1: blendMode = 'avg'
31.8958 	EXP 	window1: blendMode = 'avg'
31.8968 	EXP 	window1: blendMode = 'avg'
31.8976 	EXP 	window1: blendMode = 'avg'
31.8984 	EXP 	window1: blendMode = 'avg'
31.8993 	EXP 	window1: blendMode = 'avg'
31.9000 	EXP 	window1: blendMode = 'avg'
31.9121 	EXP 	window1: blendMode = 'avg'
31.9129 	EXP 	window1: blendMode = 'avg'
31.9138 	EXP 	window1: blendMode = 'avg'
31.9146 	EXP 	window1: blendMode = 'avg'
31.9153 	EXP 	window1: blendMode = 'avg'
31.9159 	EXP 	window1: blendMode = 'avg'
31.9286 	EXP 	window1: blendMode = 'avg'
31.9296 	EXP 	window1: blendMode = 'avg'
31.9306 	EXP 	window1: blendMode = 'avg'
31.9318 	EXP 	window1: blendMode = 'avg'
31.9328 	EXP 	window1: blendMode = 'avg'
31.9337 	EXP 	window1: blendMode = 'avg'
31.9448 	EXP 	window1: blendMode = 'avg'
31.9456 	EXP 	window1: blendMode = 'avg'
31.9463 	EXP 	window1: blendMode = 'avg'
31.9471 	EXP 	window1: blendMode = 'avg'
31.9477 	EXP 	window1: blendMode = 'avg'
31.9485 	EXP 	window1: blendMode = 'avg'
31.9629 	EXP 	window1: blendMode = 'avg'
31.9636 	EXP 	window1: blendMode = 'avg'
31.9644 	EXP 	window1: blendMode = 'avg'
31.9653 	EXP 	window1: blendMode = 'avg'
31.9663 	EXP 	window1: blendMode = 'avg'
31.9671 	EXP 	window1: blendMode = 'avg'
31.9786 	EXP 	window1: blendMode = 'avg'
31.9793 	EXP 	window1: blendMode = 'avg'
31.9799 	EXP 	window1: blendMode = 'avg'
31.9807 	EXP 	window1: blendMode = 'avg'
31.9813 	EXP 	window1: blendMode = 'avg'
31.9820 	EXP 	window1: blendMode = 'avg'
31.9954 	EXP 	window1: blendMode = 'avg'
31.9961 	EXP 	window1: blendMode = 'avg'
31.9969 	EXP 	window1: blendMode = 'avg'
31.9975 	EXP 	window1: blendMode = 'avg'
31.9985 	EXP 	window1: blendMode = 'avg'
31.9994 	EXP 	window1: blendMode = 'avg'
32.0122 	EXP 	window1: blendMode = 'avg'
32.0130 	EXP 	window1: blendMode = 'avg'
32.0138 	EXP 	window1: blendMode = 'avg'
32.0145 	EXP 	window1: blendMode = 'avg'
32.0152 	EXP 	window1: blendMode = 'avg'
32.0159 	EXP 	window1: blendMode = 'avg'
32.0290 	EXP 	window1: blendMode = 'avg'
32.0298 	EXP 	window1: blendMode = 'avg'
32.0305 	EXP 	window1: blendMode = 'avg'
32.0312 	EXP 	window1: blendMode = 'avg'
32.0319 	EXP 	window1: blendMode = 'avg'
32.0327 	EXP 	window1: blendMode = 'avg'
32.0453 	EXP 	window1: blendMode = 'avg'
32.0461 	EXP 	window1: blendMode = 'avg'
32.0467 	EXP 	window1: blendMode = 'avg'
32.0476 	EXP 	window1: blendMode = 'avg'
32.0483 	EXP 	window1: blendMode = 'avg'
32.0491 	EXP 	window1: blendMode = 'avg'
32.0623 	EXP 	window1: blendMode = 'avg'
32.0633 	EXP 	window1: blendMode = 'avg'
32.0641 	EXP 	window1: blendMode = 'avg'
32.0652 	EXP 	window1: blendMode = 'avg'
32.0660 	EXP 	window1: blendMode = 'avg'
32.0668 	EXP 	window1: blendMode = 'avg'
32.0790 	EXP 	window1: blendMode = 'avg'
32.0797 	EXP 	window1: blendMode = 'avg'
32.0804 	EXP 	window1: blendMode = 'avg'
32.0811 	EXP 	window1: blendMode = 'avg'
32.0818 	EXP 	window1: blendMode = 'avg'
32.0825 	EXP 	window1: blendMode = 'avg'
32.0965 	EXP 	window1: blendMode = 'avg'
32.0972 	EXP 	window1: blendMode = 'avg'
32.0980 	EXP 	window1: blendMode = 'avg'
32.0987 	EXP 	window1: blendMode = 'avg'
32.0994 	EXP 	window1: blendMode = 'avg'
32.1001 	EXP 	window1: blendMode = 'avg'
32.1126 	EXP 	window1: blendMode = 'avg'
32.1133 	EXP 	window1: blendMode = 'avg'
32.1142 	EXP 	window1: blendMode = 'avg'
32.1149 	EXP 	window1: blendMode = 'avg'
32.1157 	EXP 	window1: blendMode = 'avg'
32.1164 	EXP 	window1: blendMode = 'avg'
32.1289 	EXP 	window1: blendMode = 'avg'
32.1296 	EXP 	window1: blendMode = 'avg'
32.1303 	EXP 	window1: blendMode = 'avg'
32.1309 	EXP 	window1: blendMode = 'avg'
32.1318 	EXP 	window1: blendMode = 'avg'
32.1325 	EXP 	window1: blendMode = 'avg'
32.1456 	EXP 	window1: blendMode = 'avg'
32.1469 	EXP 	window1: blendMode = 'avg'
32.1477 	EXP 	window1: blendMode = 'avg'
32.1483 	EXP 	window1: blendMode = 'avg'
32.1491 	EXP 	window1: blendMode = 'avg'
32.1498 	EXP 	window1: blendMode = 'avg'
32.1641 	EXP 	window1: blendMode = 'avg'
32.1650 	EXP 	window1: blendMode = 'avg'
32.1658 	EXP 	window1: blendMode = 'avg'
32.1669 	EXP 	window1: blendMode = 'avg'
32.1677 	EXP 	window1: blendMode = 'avg'
32.1698 	EXP 	window1: blendMode = 'avg'
32.1795 	EXP 	window1: blendMode = 'avg'
32.1802 	EXP 	window1: blendMode = 'avg'
32.1812 	EXP 	window1: blendMode = 'avg'
32.1819 	EXP 	window1: blendMode = 'avg'
32.1826 	EXP 	window1: blendMode = 'avg'
32.1833 	EXP 	window1: blendMode = 'avg'
32.1962 	EXP 	window1: blendMode = 'avg'
32.1971 	EXP 	window1: blendMode = 'avg'
32.1980 	EXP 	window1: blendMode = 'avg'
32.1988 	EXP 	window1: blendMode = 'avg'
32.1997 	EXP 	window1: blendMode = 'avg'
32.2005 	EXP 	window1: blendMode = 'avg'
32.2131 	EXP 	window1: blendMode = 'avg'
32.2138 	EXP 	window1: blendMode = 'avg'
32.2145 	EXP 	window1: blendMode = 'avg'
32.2151 	EXP 	window1: blendMode = 'avg'
32.2165 	EXP 	window1: blendMode = 'avg'
32.2175 	EXP 	window1: blendMode = 'avg'
32.2300 	EXP 	window1: blendMode = 'avg'
32.2307 	EXP 	window1: blendMode = 'avg'
32.2315 	EXP 	window1: blendMode = 'avg'
32.2322 	EXP 	window1: blendMode = 'avg'
32.2328 	EXP 	window1: blendMode = 'avg'
32.2335 	EXP 	window1: blendMode = 'avg'
32.2463 	EXP 	window1: blendMode = 'avg'
32.2470 	EXP 	window1: blendMode = 'avg'
32.2479 	EXP 	window1: blendMode = 'avg'
32.2486 	EXP 	window1: blendMode = 'avg'
32.2492 	EXP 	window1: blendMode = 'avg'
32.2499 	EXP 	window1: blendMode = 'avg'
32.2628 	EXP 	window1: blendMode = 'avg'
32.2635 	EXP 	window1: blendMode = 'avg'
32.2642 	EXP 	window1: blendMode = 'avg'
32.2649 	EXP 	window1: blendMode = 'avg'
32.2655 	EXP 	window1: blendMode = 'avg'
32.2662 	EXP 	window1: blendMode = 'avg'
32.2801 	EXP 	window1: blendMode = 'avg'
32.2809 	EXP 	window1: blendMode = 'avg'
32.2816 	EXP 	window1: blendMode = 'avg'
32.2823 	EXP 	window1: blendMode = 'avg'
32.2830 	EXP 	window1: blendMode = 'avg'
32.2837 	EXP 	window1: blendMode = 'avg'
32.2964 	EXP 	window1: blendMode = 'avg'
32.2973 	EXP 	window1: blendMode = 'avg'
32.2981 	EXP 	window1: blendMode = 'avg'
32.2988 	EXP 	window1: blendMode = 'avg'
32.2994 	EXP 	window1: blendMode = 'avg'
32.3003 	EXP 	window1: blendMode = 'avg'
32.3137 	EXP 	window1: blendMode = 'avg'
32.3147 	EXP 	window1: blendMode = 'avg'
32.3155 	EXP 	window1: blendMode = 'avg'
32.3162 	EXP 	window1: blendMode = 'avg'
32.3168 	EXP 	window1: blendMode = 'avg'
32.3177 	EXP 	window1: blendMode = 'avg'
32.3297 	EXP 	window1: blendMode = 'avg'
32.3307 	EXP 	window1: blendMode = 'avg'
32.3316 	EXP 	window1: blendMode = 'avg'
32.3325 	EXP 	window1: blendMode = 'avg'
32.3338 	EXP 	window1: blendMode = 'avg'
32.3351 	EXP 	window1: blendMode = 'avg'
32.3476 	EXP 	window1: blendMode = 'avg'
32.3484 	EXP 	window1: blendMode = 'avg'
32.3493 	EXP 	window1: blendMode = 'avg'
32.3500 	EXP 	window1: blendMode = 'avg'
32.3508 	EXP 	window1: blendMode = 'avg'
32.3514 	EXP 	window1: blendMode = 'avg'
32.3636 	EXP 	window1: blendMode = 'avg'
32.3643 	EXP 	window1: blendMode = 'avg'
32.3650 	EXP 	window1: blendMode = 'avg'
32.3656 	EXP 	window1: blendMode = 'avg'
32.3663 	EXP 	window1: blendMode = 'avg'
32.3670 	EXP 	window1: blendMode = 'avg'
32.3813 	EXP 	window1: blendMode = 'avg'
32.3821 	EXP 	window1: blendMode = 'avg'
32.3829 	EXP 	window1: blendMode = 'avg'
32.3836 	EXP 	window1: blendMode = 'avg'
32.3848 	EXP 	window1: blendMode = 'avg'
32.3855 	EXP 	window1: blendMode = 'avg'
32.3968 	EXP 	window1: blendMode = 'avg'
32.3975 	EXP 	window1: blendMode = 'avg'
32.3983 	EXP 	window1: blendMode = 'avg'
32.3989 	EXP 	window1: blendMode = 'avg'
32.3996 	EXP 	window1: blendMode = 'avg'
32.4003 	EXP 	window1: blendMode = 'avg'
32.4134 	EXP 	window1: blendMode = 'avg'
32.4142 	EXP 	window1: blendMode = 'avg'
32.4148 	EXP 	window1: blendMode = 'avg'
32.4154 	EXP 	window1: blendMode = 'avg'
32.4162 	EXP 	window1: blendMode = 'avg'
32.4168 	EXP 	window1: blendMode = 'avg'
32.4302 	EXP 	window1: blendMode = 'avg'
32.4309 	EXP 	window1: blendMode = 'avg'
32.4316 	EXP 	window1: blendMode = 'avg'
32.4322 	EXP 	window1: blendMode = 'avg'
32.4328 	EXP 	window1: blendMode = 'avg'
32.4337 	EXP 	window1: blendMode = 'avg'
32.4465 	EXP 	window1: blendMode = 'avg'
32.4471 	EXP 	window1: blendMode = 'avg'
32.4480 	EXP 	window1: blendMode = 'avg'
32.4487 	EXP 	window1: blendMode = 'avg'
32.4495 	EXP 	window1: blendMode = 'avg'
32.4501 	EXP 	window1: blendMode = 'avg'
32.4634 	EXP 	window1: blendMode = 'avg'
32.4643 	EXP 	window1: blendMode = 'avg'
32.4653 	EXP 	window1: blendMode = 'avg'
32.4661 	EXP 	window1: blendMode = 'avg'
32.4671 	EXP 	window1: blendMode = 'avg'
32.4680 	EXP 	window1: blendMode = 'avg'
32.4800 	EXP 	window1: blendMode = 'avg'
32.4807 	EXP 	window1: blendMode = 'avg'
32.4815 	EXP 	window1: blendMode = 'avg'
32.4822 	EXP 	window1: blendMode = 'avg'
32.4831 	EXP 	window1: blendMode = 'avg'
32.4838 	EXP 	window1: blendMode = 'avg'
32.4967 	EXP 	window1: blendMode = 'avg'
32.4978 	EXP 	window1: blendMode = 'avg'
32.4986 	EXP 	window1: blendMode = 'avg'
32.4992 	EXP 	window1: blendMode = 'avg'
32.5000 	EXP 	window1: blendMode = 'avg'
32.5006 	EXP 	window1: blendMode = 'avg'
32.5136 	EXP 	window1: blendMode = 'avg'
32.5143 	EXP 	window1: blendMode = 'avg'
32.5150 	EXP 	window1: blendMode = 'avg'
32.5158 	EXP 	window1: blendMode = 'avg'
32.5165 	EXP 	window1: blendMode = 'avg'
32.5171 	EXP 	window1: blendMode = 'avg'
32.5301 	EXP 	window1: blendMode = 'avg'
32.5308 	EXP 	window1: blendMode = 'avg'
32.5314 	EXP 	window1: blendMode = 'avg'
32.5322 	EXP 	window1: blendMode = 'avg'
32.5329 	EXP 	window1: blendMode = 'avg'
32.5336 	EXP 	window1: blendMode = 'avg'
32.5472 	EXP 	window1: blendMode = 'avg'
32.5480 	EXP 	window1: blendMode = 'avg'
32.5486 	EXP 	window1: blendMode = 'avg'
32.5494 	EXP 	window1: blendMode = 'avg'
32.5501 	EXP 	window1: blendMode = 'avg'
32.5510 	EXP 	window1: blendMode = 'avg'
32.5638 	EXP 	window1: blendMode = 'avg'
32.5645 	EXP 	window1: blendMode = 'avg'
32.5652 	EXP 	window1: blendMode = 'avg'
32.5659 	EXP 	window1: blendMode = 'avg'
32.5665 	EXP 	window1: blendMode = 'avg'
32.5675 	EXP 	window1: blendMode = 'avg'
32.5817 	EXP 	window1: blendMode = 'avg'
32.5824 	EXP 	window1: blendMode = 'avg'
32.5832 	EXP 	window1: blendMode = 'avg'
32.5839 	EXP 	window1: blendMode = 'avg'
32.5849 	EXP 	window1: blendMode = 'avg'
32.5857 	EXP 	window1: blendMode = 'avg'
32.5976 	EXP 	window1: blendMode = 'avg'
32.5986 	EXP 	window1: blendMode = 'avg'
32.5995 	EXP 	window1: blendMode = 'avg'
32.6004 	EXP 	window1: blendMode = 'avg'
32.6013 	EXP 	window1: blendMode = 'avg'
32.6026 	EXP 	window1: blendMode = 'avg'
32.6135 	EXP 	window1: blendMode = 'avg'
32.6142 	EXP 	window1: blendMode = 'avg'
32.6149 	EXP 	window1: blendMode = 'avg'
32.6156 	EXP 	window1: blendMode = 'avg'
32.6164 	EXP 	window1: blendMode = 'avg'
32.6171 	EXP 	window1: blendMode = 'avg'
32.6311 	EXP 	window1: blendMode = 'avg'
32.6319 	EXP 	window1: blendMode = 'avg'
32.6326 	EXP 	window1: blendMode = 'avg'
32.6334 	EXP 	window1: blendMode = 'avg'
32.6341 	EXP 	window1: blendMode = 'avg'
32.6349 	EXP 	window1: blendMode = 'avg'
32.6478 	EXP 	window1: blendMode = 'avg'
32.6487 	EXP 	window1: blendMode = 'avg'
32.6496 	EXP 	window1: blendMode = 'avg'
32.6502 	EXP 	window1: blendMode = 'avg'
32.6511 	EXP 	window1: blendMode = 'avg'
32.6517 	EXP 	window1: blendMode = 'avg'
32.6639 	EXP 	window1: blendMode = 'avg'
32.6646 	EXP 	window1: blendMode = 'avg'
32.6653 	EXP 	window1: blendMode = 'avg'
32.6661 	EXP 	window1: blendMode = 'avg'
32.6668 	EXP 	window1: blendMode = 'avg'
32.6675 	EXP 	window1: blendMode = 'avg'
32.6808 	EXP 	window1: blendMode = 'avg'
32.6816 	EXP 	window1: blendMode = 'avg'
32.6823 	EXP 	window1: blendMode = 'avg'
32.6832 	EXP 	window1: blendMode = 'avg'
32.6839 	EXP 	window1: blendMode = 'avg'
32.6846 	EXP 	window1: blendMode = 'avg'
32.6973 	EXP 	window1: blendMode = 'avg'
32.6980 	EXP 	window1: blendMode = 'avg'
32.6986 	EXP 	window1: blendMode = 'avg'
32.6993 	EXP 	window1: blendMode = 'avg'
32.6999 	EXP 	window1: blendMode = 'avg'
32.7007 	EXP 	window1: blendMode = 'avg'
32.7145 	EXP 	window1: blendMode = 'avg'
32.7154 	EXP 	window1: blendMode = 'avg'
32.7162 	EXP 	window1: blendMode = 'avg'
32.7168 	EXP 	window1: blendMode = 'avg'
32.7175 	EXP 	window1: blendMode = 'avg'
32.7181 	EXP 	window1: blendMode = 'avg'
32.7323 	EXP 	window1: blendMode = 'avg'
32.7334 	EXP 	window1: blendMode = 'avg'
32.7344 	EXP 	window1: blendMode = 'avg'
32.7355 	EXP 	window1: blendMode = 'avg'
32.7366 	EXP 	window1: blendMode = 'avg'
32.7376 	EXP 	window1: blendMode = 'avg'
32.7479 	EXP 	window1: blendMode = 'avg'
32.7486 	EXP 	window1: blendMode = 'avg'
32.7492 	EXP 	window1: blendMode = 'avg'
32.7501 	EXP 	window1: blendMode = 'avg'
32.7507 	EXP 	window1: blendMode = 'avg'
32.7514 	EXP 	window1: blendMode = 'avg'
32.7639 	EXP 	window1: blendMode = 'avg'
32.7648 	EXP 	window1: blendMode = 'avg'
32.7656 	EXP 	window1: blendMode = 'avg'
32.7662 	EXP 	window1: blendMode = 'avg'
32.7670 	EXP 	window1: blendMode = 'avg'
32.7678 	EXP 	window1: blendMode = 'avg'
32.7811 	EXP 	window1: blendMode = 'avg'
32.7820 	EXP 	window1: blendMode = 'avg'
32.7826 	EXP 	window1: blendMode = 'avg'
32.7833 	EXP 	window1: blendMode = 'avg'
32.7839 	EXP 	window1: blendMode = 'avg'
32.7848 	EXP 	window1: blendMode = 'avg'
32.7985 	EXP 	window1: blendMode = 'avg'
32.7996 	EXP 	window1: blendMode = 'avg'
32.8004 	EXP 	window1: blendMode = 'avg'
32.8012 	EXP 	window1: blendMode = 'avg'
32.8023 	EXP 	window1: blendMode = 'avg'
32.8030 	EXP 	window1: blendMode = 'avg'
32.8141 	EXP 	window1: blendMode = 'avg'
32.8149 	EXP 	window1: blendMode = 'avg'
32.8155 	EXP 	window1: blendMode = 'avg'
32.8161 	EXP 	window1: blendMode = 'avg'
32.8170 	EXP 	window1: blendMode = 'avg'
32.8178 	EXP 	window1: blendMode = 'avg'
32.8316 	EXP 	window1: blendMode = 'avg'
32.8324 	EXP 	window1: blendMode = 'avg'
32.8331 	EXP 	window1: blendMode = 'avg'
32.8340 	EXP 	window1: blendMode = 'avg'
32.8347 	EXP 	window1: blendMode = 'avg'
32.8355 	EXP 	window1: blendMode = 'avg'
32.8478 	EXP 	window1: blendMode = 'avg'
32.8486 	EXP 	window1: blendMode = 'avg'
32.8493 	EXP 	window1: blendMode = 'avg'
32.8504 	EXP 	window1: blendMode = 'avg'
32.8515 	EXP 	window1: blendMode = 'avg'
32.8522 	EXP 	window1: blendMode = 'avg'
32.8652 	EXP 	window1: blendMode = 'avg'
32.8663 	EXP 	window1: blendMode = 'avg'
32.8672 	EXP 	window1: blendMode = 'avg'
32.8681 	EXP 	window1: blendMode = 'avg'
32.8692 	EXP 	window1: blendMode = 'avg'
32.8701 	EXP 	window1: blendMode = 'avg'
32.8812 	EXP 	window1: blendMode = 'avg'
32.8819 	EXP 	window1: blendMode = 'avg'
32.8826 	EXP 	window1: blendMode = 'avg'
32.8834 	EXP 	window1: blendMode = 'avg'
32.8840 	EXP 	window1: blendMode = 'avg'
32.8848 	EXP 	window1: blendMode = 'avg'
32.8980 	EXP 	window1: blendMode = 'avg'
32.8987 	EXP 	window1: blendMode = 'avg'
32.8995 	EXP 	window1: blendMode = 'avg'
32.9001 	EXP 	window1: blendMode = 'avg'
32.9009 	EXP 	window1: blendMode = 'avg'
32.9016 	EXP 	window1: blendMode = 'avg'
32.9148 	EXP 	window1: blendMode = 'avg'
32.9156 	EXP 	window1: blendMode = 'avg'
32.9164 	EXP 	window1: blendMode = 'avg'
32.9171 	EXP 	window1: blendMode = 'avg'
32.9177 	EXP 	window1: blendMode = 'avg'
32.9188 	EXP 	window1: blendMode = 'avg'
32.9330 	EXP 	window1: blendMode = 'avg'
32.9337 	EXP 	window1: blendMode = 'avg'
32.9344 	EXP 	window1: blendMode = 'avg'
32.9350 	EXP 	window1: blendMode = 'avg'
32.9360 	EXP 	window1: blendMode = 'avg'
32.9366 	EXP 	window1: blendMode = 'avg'
32.9483 	EXP 	window1: blendMode = 'avg'
32.9490 	EXP 	window1: blendMode = 'avg'
32.9498 	EXP 	window1: blendMode = 'avg'
32.9505 	EXP 	window1: blendMode = 'avg'
32.9513 	EXP 	window1: blendMode = 'avg'
32.9522 	EXP 	window1: blendMode = 'avg'
32.9661 	EXP 	window1: blendMode = 'avg'
32.9670 	EXP 	window1: blendMode = 'avg'
32.9678 	EXP 	window1: blendMode = 'avg'
32.9686 	EXP 	window1: blendMode = 'avg'
32.9694 	EXP 	window1: blendMode = 'avg'
32.9703 	EXP 	window1: blendMode = 'avg'
32.9822 	EXP 	window1: blendMode = 'avg'
32.9829 	EXP 	window1: blendMode = 'avg'
32.9836 	EXP 	window1: blendMode = 'avg'
32.9843 	EXP 	window1: blendMode = 'avg'
32.9851 	EXP 	window1: blendMode = 'avg'
32.9858 	EXP 	window1: blendMode = 'avg'
32.9988 	EXP 	window1: blendMode = 'avg'
33.0001 	EXP 	window1: blendMode = 'avg'
33.0011 	EXP 	window1: blendMode = 'avg'
33.0020 	EXP 	window1: blendMode = 'avg'
33.0029 	EXP 	window1: blendMode = 'avg'
33.0038 	EXP 	window1: blendMode = 'avg'
33.0148 	EXP 	window1: blendMode = 'avg'
33.0155 	EXP 	window1: blendMode = 'avg'
33.0162 	EXP 	window1: blendMode = 'avg'
33.0171 	EXP 	window1: blendMode = 'avg'
33.0179 	EXP 	window1: blendMode = 'avg'
33.0185 	EXP 	window1: blendMode = 'avg'
33.0327 	EXP 	window1: blendMode = 'avg'
33.0334 	EXP 	window1: blendMode = 'avg'
33.0343 	EXP 	window1: blendMode = 'avg'
33.0353 	EXP 	window1: blendMode = 'avg'
33.0361 	EXP 	window1: blendMode = 'avg'
33.0371 	EXP 	window1: blendMode = 'avg'
33.0490 	EXP 	window1: blendMode = 'avg'
33.0497 	EXP 	window1: blendMode = 'avg'
33.0505 	EXP 	window1: blendMode = 'avg'
33.0512 	EXP 	window1: blendMode = 'avg'
33.0522 	EXP 	window1: blendMode = 'avg'
33.0530 	EXP 	window1: blendMode = 'avg'
33.0665 	EXP 	window1: blendMode = 'avg'
33.0673 	EXP 	window1: blendMode = 'avg'
33.0682 	EXP 	window1: blendMode = 'avg'
33.0693 	EXP 	window1: blendMode = 'avg'
33.0701 	EXP 	window1: blendMode = 'avg'
33.0709 	EXP 	window1: blendMode = 'avg'
33.0823 	EXP 	window1: blendMode = 'avg'
33.0829 	EXP 	window1: blendMode = 'avg'
33.0840 	EXP 	window1: blendMode = 'avg'
33.0846 	EXP 	window1: blendMode = 'avg'
33.0853 	EXP 	window1: blendMode = 'avg'
33.0859 	EXP 	window1: blendMode = 'avg'
33.0989 	EXP 	window1: blendMode = 'avg'
33.0997 	EXP 	window1: blendMode = 'avg'
33.1004 	EXP 	window1: blendMode = 'avg'
33.1014 	EXP 	window1: blendMode = 'avg'
33.1022 	EXP 	window1: blendMode = 'avg'
33.1029 	EXP 	window1: blendMode = 'avg'
33.1159 	EXP 	window1: blendMode = 'avg'
33.1166 	EXP 	window1: blendMode = 'avg'
33.1173 	EXP 	window1: blendMode = 'avg'
33.1179 	EXP 	window1: blendMode = 'avg'
33.1188 	EXP 	window1: blendMode = 'avg'
33.1195 	EXP 	window1: blendMode = 'avg'
33.1284 	EXP 	window1: recordFrameIntervals = False
33.1480 	ERROR 	trialnum=0 ERROR,207 frames were longer than 12.0 ms apparently screen refreshes skipped, interframe durs were:[ 16.7  16.6  16.7  16.8  16.7  16.5  16.7  16.6  17.   16.7  16.5  17.
  16.6  16.6  16.7  17.   16.8  16.5  16.7  16.9  16.5  16.6  16.8  16.7
  16.7  16.9  16.7  16.8  16.8  16.6  16.5  16.9  16.6  16.7  16.8  16.8
  16.6  16.8  17.   16.4  16.9  16.5  17.   16.6  16.9  16.5  17.   16.3
  16.7  16.7  16.8  16.7  16.9  16.6  16.9  16.6  16.6  16.9  16.6  16.8
  16.6  16.9  16.6  16.9  16.5  17.1  16.3  17.   16.7  16.8  16.6  16.8
  16.7  16.7  16.6  16.8  16.6  16.8  16.6  16.9  16.7  16.6  17.   16.5
  16.9  16.5  16.9  16.5  16.9  16.5  17.   16.4  17.   16.5  17.1  16.4
  16.9  16.6  16.7  16.6  17.   16.5  16.7  16.7  16.9  16.7  16.6  16.8
  16.7  16.7  16.6  16.9  16.5  16.9  16.5  16.6  16.7  16.7  16.6  16.8
  16.7  17.   16.6  16.9  16.6  16.9  16.5  16.7  16.7  16.8  16.8  16.5
  17.   16.5  16.8  16.5  17.   16.4  16.8  16.6  16.9  16.4  17.   16.5
  17.   16.4  16.9  16.6  16.9  16.5  16.8  16.6  16.8  16.7  16.7  16.8
  16.6  17.   16.5  17.   16.4  17.   16.5  16.8  16.5  16.9  16.5  17.
  16.6  16.6  16.7  17.   16.6  17.   16.4  16.6  16.9  16.8  16.7  16.8
  16.7  16.6  17.   16.6  16.7  16.6  17.   16.4  16.9  16.5  16.9  16.5
  17.   16.5  17.1  16.3  17.3  16.2  16.9  16.6  17.2  16.2  16.9  16.6
  16.8  16.5  16.8] and was these frames: [  0   1   2   3   4   5   6   7   8   9  10  11  12  13  14  15  16  17
  18  19  20  21  22  23  24  25  26  27  28  29  30  31  32  33  34  35
  36  37  38  39  40  41  42  43  44  45  46  47  48  49  50  51  52  53
  54  55  56  57  58  59  60  61  62  63  64  65  66  67  68  69  70  71
  72  73  74  75  76  77  78  79  80  81  82  83  84  85  86  87  88  89
  90  91  92  93  94  95  96  97  98  99 100 101 102 103 104 105 106 107
 108 109 110 111 112 113 114 115 116 117 118 119 120 121 122 123 124 125
 126 127 128 129 130 131 132 133 134 135 136 137 138 139 140 141 142 143
 144 145 146 147 148 149 150 151 152 153 154 155 156 157 158 159 160 161
 162 163 164 165 166 167 168 169 170 171 172 173 174 175 176 177 178 179
 180 181 182 183 184 185 186 187 188 189 190 191 192 193 194 195 196 197
 198 199 200 201 202 203 204 205 206]
33.1663 	INFO 	flankers also=[ 16.7  16.6  16.7  16.6  16.7  16.6  16.7  16.8  16.7  16.8  16.7  16.8
  16.7  16.5  16.7  16.5  16.7  16.5  16.7  16.6  16.7  16.6  17.   16.6
  17.   16.7  17.   16.7  16.5  16.7  16.5  17.   16.5  17.   16.6  17.
  16.6  16.6  16.6  16.6  16.7  16.6  16.7  17.   16.7  17.   16.8  17.
  16.8  16.5  16.8  16.5  16.7  16.5  16.7  16.9  16.7  16.9  16.5  16.9
  16.5  16.6  16.5  16.6  16.8  16.6  16.8  16.7  16.8  16.7  16.7  16.7
  16.7  16.9  16.7  16.9  16.7  16.9  16.7  16.8  16.7  16.8  16.8  16.8
  16.8  16.6  16.8  16.6  16.5  16.6  16.5  16.9  16.5  16.9  16.6  16.9
  16.6  16.7  16.6  16.7  16.8  16.7  16.8  16.8  16.8  16.8  16.6  16.8
  16.6  16.8  16.6  16.8  17.   16.8  17.   16.4  17.   16.4  16.9  16.4
  16.9  16.5  16.9  16.5  17.   16.5  17.   16.6  17.   16.6  16.9  16.6
  16.9  16.5  16.9  16.5  17.   16.5  17.   16.3  17.   16.3  16.7  16.3
  16.7  16.7  16.7  16.7  16.8  16.7  16.8  16.7  16.8  16.7  16.9  16.7
  16.9  16.6  16.9  16.6  16.9  16.6  16.9  16.6  16.9  16.6  16.6  16.6
  16.6  16.9  16.6  16.9  16.6  16.9  16.6  16.8  16.6  16.8  16.6  16.8
  16.6  16.9  16.6  16.9  16.6  16.9  16.6  16.9  16.6  16.9  16.5  16.9
  16.5  17.1  16.5  17.1  16.3  17.1  16.3  17.   16.3  17.   16.7  17.
  16.7  16.8  16.7  16.8  16.6  16.8  16.6  16.8  16.6  16.8  16.7  16.8
  16.7  16.7  16.7  16.7  16.6  16.7  16.6  16.8  16.6  16.8  16.6  16.8
  16.6  16.8  16.6  16.8  16.6  16.8  16.6  16.9  16.6  16.9  16.7  16.9
  16.7  16.6  16.7  16.6  17.   16.6  17.   16.5  17.   16.5  16.9  16.5
  16.9  16.5  16.9  16.5  16.9  16.5  16.9  16.5  16.9  16.5  16.9  16.5
  16.9  16.5  16.9  16.5  17.   16.5  17.   16.4  17.   16.4  17.   16.4
  17.   16.5  17.   16.5  17.1  16.5  17.1  16.4  17.1  16.4  16.9  16.4
  16.9  16.6  16.9  16.6  16.7  16.6  16.7  16.6  16.7  16.6  17.   16.6
  17.   16.5  17.   16.5  16.7  16.5  16.7  16.7  16.7  16.7  16.9  16.7
  16.9  16.7  16.9  16.7  16.6  16.7  16.6  16.8  16.6  16.8  16.7  16.8
  16.7  16.7  16.7  16.7  16.6  16.7  16.6  16.9  16.6  16.9  16.5  16.9
  16.5  16.9  16.5  16.9  16.5  16.9  16.5  16.6  16.5  16.6  16.7  16.6
  16.7  16.7  16.7  16.7  16.6  16.7  16.6  16.8  16.6  16.8  16.7  16.8
  16.7  17.   16.7  17.   16.6  17.   16.6  16.9  16.6  16.9  16.6  16.9
  16.6  16.9  16.6  16.9  16.5  16.9  16.5  16.7  16.5  16.7  16.7  16.7
  16.7  16.8  16.7  16.8  16.8  16.8  16.8  16.5  16.8  16.5  17.   16.5
  17.   16.5  17.   16.5  16.8  16.5  16.8  16.5  16.8  16.5  17.   16.5
  17.   16.4  17.   16.4  16.8  16.4  16.8  16.6  16.8  16.6  16.9  16.6
  16.9  16.4  16.9  16.4  17.   16.4  17.   16.5  17.   16.5  17.   16.5
  17.   16.4  17.   16.4  16.9  16.4  16.9  16.6  16.9  16.6  16.9  16.6
  16.9  16.5  16.9  16.5  16.8  16.5  16.8  16.6  16.8  16.6  16.8  16.6
  16.8  16.7  16.8  16.7  16.7  16.7  16.7  16.8  16.7  16.8  16.6  16.8
  16.6  17.   16.6  17.   16.5  17.   16.5  17.   16.5  17.   16.4  17.
  16.4  17.   16.4  17.   16.5  17.   16.5  16.8  16.5  16.8  16.5  16.8
  16.5  16.9  16.5  16.9  16.5  16.9  16.5  17.   16.5  17.   16.6  17.
  16.6  16.6  16.6  16.6  16.7  16.6  16.7  17.   16.7  17.   16.6  17.
  16.6  17.   16.6  17.   16.4  17.   16.4  16.6  16.4  16.6  16.9  16.6
  16.9  16.8  16.9  16.8  16.7  16.8  16.7  16.8  16.7  16.8  16.7  16.8
  16.7  16.6  16.7  16.6  17.   16.6  17.   16.6  17.   16.6  16.7  16.6
  16.7  16.6  16.7  16.6  17.   16.6  17.   16.4  17.   16.4  16.9  16.4
  16.9  16.5  16.9  16.5  16.9  16.5  16.9  16.5  16.9  16.5  17.   16.5
  17.   16.5  17.   16.5  17.1  16.5  17.1  16.3  17.1  16.3  17.3  16.3
  17.3  16.2  17.3  16.2  16.9  16.2  16.9  16.6  16.9  16.6  17.2  16.6
  17.2  16.2  17.2  16.2  16.9  16.2  16.9  16.6  16.9  16.6  16.8  16.6
  16.8  16.5  16.8  16.5  16.8  16.5  16.8]
33.1665 	EXP 	window1: mouseVisible = True
33.1699 	EXP 	Created OKrespZone = GratingStim(autoDraw=False, autoLog=True, color=array([ 1.,  1.,  1.]), colorSpace='rgb', contrast=1.0, depth=0, interpolate=False, mask='gauss', maskParams=None, name='OKrespZone', opacity=1.0, ori=0.0, phase=array([ 0.,  0.]), pos=array([ 0.,  0.]), rgbPedestal=array([ 0.,  0.,  0.]), sf=array([ 0.,  0.]), size=array([ 0.5,  0.5]), tex='sin', texRes=64, units='norm', win=Window(...))
33.2107 	EXP 	<method-wrapper '__getattribute__' of attributeSetter object at 0x108828710>: vertices = array([[-0.07,  0.02],
       [ 0.07,  0.02],
       [ 0.07, -0.02],
       [-0.07, -0.02]])
33.2369 	EXP 	window1: blendMode = 'avg'
33.2480 	EXP 	window1: blendMode = 'avg'
33.2593 	EXP 	window1: blendMode = 'avg'
33.2703 	EXP 	window1: blendMode = 'avg'
33.2811 	EXP 	window1: blendMode = 'avg'
33.2910 	EXP 	window1: blendMode = 'avg'
33.3014 	EXP 	window1: blendMode = 'avg'
33.3112 	EXP 	window1: blendMode = 'avg'
33.3214 	EXP 	window1: blendMode = 'avg'
33.3316 	EXP 	window1: blendMode = 'avg'
33.3427 	EXP 	window1: blendMode = 'avg'
33.3532 	EXP 	window1: blendMode = 'avg'
33.3622 	EXP 	window1: blendMode = 'avg'
33.3756 	EXP 	window1: blendMode = 'avg'
33.3850 	EXP 	window1: blendMode = 'avg'
33.3958 	EXP 	window1: blendMode = 'avg'
33.4073 	EXP 	window1: blendMode = 'avg'
33.4180 	EXP 	window1: blendMode = 'avg'
33.4279 	EXP 	window1: blendMode = 'avg'
33.4398 	EXP 	window1: blendMode = 'avg'
33.4512 	EXP 	window1: blendMode = 'avg'
33.4625 	EXP 	window1: blendMode = 'avg'
33.4719 	EXP 	window1: blendMode = 'avg'
33.4831 	EXP 	window1: blendMode = 'avg'
33.4948 	EXP 	window1: blendMode = 'avg'
33.5061 	EXP 	window1: blendMode = 'avg'
33.5065 	EXP 	OKrespZone: pos = array([ 0. , -0.6])
35.3503 	DATA 	Keypress: escape
35.5572 	DATA 	Mouse: Left button down, pos=(450,375)
35.5580 	EXP 	Sound  started
35.5587 	EXP 	window1: mouseVisible = False
35.5588 	INFO 	Finishing at 16:15 on 31 Jul 2018
35.5864 	ERROR 	user aborted experiment on keypress with trials done=0 of 201
35.5867 	EXP 	window1: mouseVisible = True
