23.5252 	INFO 	Successfully set darwin thread to realtime
24.5944 	INFO 	#[ PsychoPy2 RuntimeInfoStart ]
  #[[ PsychoPy ]] #---------
    psychopyVersion: 1.84.2
    psychopyHaveExtRush: True
  #[[ Experiment ]] #---------
    experimentRunTime: 2017_05_08 16:04 (Year_Month_Day Hour:Min)
    experimentRunTime.epoch: 1494223459
    experimentScript: ABnStream.py
    experimentScript.digestSHA1: e05d5e779a101a0f8ca5072c59955863b8842e28
    experimentScript.directory: /Users/supalab/Documents/CharlieAndAlex/nStream
  #[[ System ]] #---------
    systemHaveInternetAccess: False (proxies not attempted)
    systemHostName: supalabs-macbook-pro.local
    systemLocale: C
    systemMemFreeRAM: 4919.796875
    systemMemTotalRAM: 8192.0
    systemPlatform: darwin 10.8.5 x86_64
    systemPyo.InputDevices: {0: {'host api index': 0, 'latency': 0.0006802721181884408, 'default sr': 44100, 'name': u'Built-in Microph'}, 1: {'host api index': 0, 'latency': 0.0006802721181884408, 'default sr': 44100, 'name': u'Built-in Input'}, 3: {'host api index': 0, 'latency': 0.009999999776482582, 'default sr': 44100, 'name': u'Soundflower (2ch)'}, 4: {'host api index': 0, 'latency': 0.009999999776482582, 'default sr': 44100, 'name': u'Soundflower (64ch)'}}
    systemPyo.OutputDevices: {2: {'host api index': 0, 'latency': 0.006258503533899784, 'default sr': 44100, 'name': u'Built-in Output'}, 3: {'host api index': 0, 'latency': 0.0, 'default sr': 44100, 'name': u'Soundflower (2ch)'}, 4: {'host api index': 0, 'latency': 0.0, 'default sr': 44100, 'name': u'Soundflower (64ch)'}}
    systemPyoVersion: 0.8.0
    systemRavailable: R version 3.1.1 (2014-07-10) -- Sock it to Me
    systemRebooted: May 8 09:02
    systemSec.OpenSSLVersion: OpenSSL 0.9.8y 5 Feb 2013
    systemSec.pythonSSL: True
    systemTimeNumpySD1000000_sec: 0.0045
    systemUser: supalab
    systemUserID: 503
    systemUserProcCount: 30
    systemUserProcFlagged: mdworker
    systemUsersCount: 1
  #[[ Window ]] #---------
    windowWinType: pyglet
    windowUnits: deg
    windowSize_pix: [1024  768]
    windowScreen: 0
    windowRgb: [-0.7 -0.7 -0.7]
    windowRefreshTimeSD_ms: 0.068
    windowRefreshTimeMedian_ms: 16.668
    windowRefreshTimeAvg_ms: 16.665
    windowPos_pix: [0, 0]
    windowMonitor.name: testmonitor
    windowMonitor.getWidth_cm: 40.5
    windowMonitor.getDistance_cm: 57.0
    windowMonitor.currentCalibName: 2015_02_16 18:01
    windowIsFullScr: True
  #[[ Python ]] #---------
    pythonVersion: 2.7.12
  #[[ OpenGL ]] #---------
#[ PsychoPy2 RuntimeInfoEnd ]

26.0732 	EXP 	Set  sound=C
26.0748 	EXP 	Set  sound=406__tictacshutup__click-1-d.wav
26.2633 	EXP 	Set  sound=406__tictacshutup__click-1-d.wav
26.2636 	EXP 	Set  sound=A
26.4309 	EXP 	Created sequence: random, trialTypes=160, nReps=2, seed=None
26.5260 	INFO 	 each trialDurFrames=96 or 1600.0 ms
28.0002 	INFO 	Mouse: using default window
28.0040 	EXP 	Created unnamed PatchStim = PatchStim(autoDraw=False, autoLog=True, color=array([ 1.,  1.,  1.]), colorSpace='rgb', contrast=1.0, depth=0, interpolate=False, mask='circle', maskParams=None, name='unnamed PatchStim', opacity=1.0, ori=0.0, phase=array([ 0.,  0.]), pos=array([ 0.,  0.]), rgbPedestal=array([ 0.,  0.,  0.]), sf=array([ 0.16666667,  0.16666667]), size=array([ 6.,  6.]), tex=None, texRes=128, units='pix', win=Window(...))
33.2616 	DATA 	Mouse: wheel shift=(0,0), pos=(1023,768)
35.1495 	DATA 	Mouse: Middle button down, pos=(994,751)
35.3177 	DATA 	Mouse:  Middle button up, pos=(994,751)
40.5757 	EXP 	unnamed PatchStim: pos = array([ 0.,  0.])
41.8923 	EXP 	unnamed PatchStim: pos = array([   0.,  319.])
42.7423 	EXP 	unnamed PatchStim: pos = array([-451.,    0.])
43.6755 	EXP 	unnamed PatchStim: pos = array([   0., -318.])
48.6752 	EXP 	unnamed PatchStim: pos = array([ 450.,    0.])
50.0418 	EXP 	unnamed PatchStim: pos = array([ 0.,  0.])
51.6814 	EXP 	unnamed PatchStim: pos = array([ 0.,  0.])
53.8081 	EXP 	unnamed PatchStim: pos = array([ 450.,    0.])
54.9080 	EXP 	unnamed PatchStim: pos = array([-451.,    0.])
56.3246 	EXP 	unnamed PatchStim: pos = array([   0.,  319.])
57.3912 	EXP 	unnamed PatchStim: pos = array([   0., -318.])
58.4745 	EXP 	unnamed PatchStim: pos = array([ 0.,  0.])
66.1888 	DATA 	Keypress: space
66.7720 	DATA 	Keypress: m
66.8352 	INFO 	Mouse: using default window
66.8384 	EXP 	Created unnamed PatchStim = PatchStim(autoDraw=False, autoLog=True, color=array([ 1.,  1.,  1.]), colorSpace='rgb', contrast=1.0, depth=0, interpolate=False, mask='circle', maskParams=None, name='unnamed PatchStim', opacity=1.0, ori=0.0, phase=array([ 0.,  0.]), pos=array([ 0.,  0.]), rgbPedestal=array([ 0.,  0.,  0.]), sf=array([ 0.16666667,  0.16666667]), size=array([ 6.,  6.]), tex=None, texRes=128, units='pix', win=Window(...))
69.9092 	INFO 	Mouse: using default window
69.9093 	INFO 	Starting dual stream part of experiment
69.9404 	EXP 	unnamed PatchStim: pos = array([ 0.,  0.])
73.1703 	EXP 	New trial (rep=0, index=0): {'cue0temporalPos': 8, 'task': 'oneCued', 'targetLeftRightIfOne': 'right', 'baseAngleCWfromEast': 225, 'streamsPerRing': 2, 'numRespsWanted': 1, 'numToCue': 1, 'numRings': 1, 'firstRespLRifTwo': 'right', 'cue1lag': 0}
75.5400 	EXP 	window1: recordFrameIntervals = False
75.6593 	EXP 	window1: mouseVisible = True
75.6621 	EXP 	Created OKrespZone = GratingStim(autoDraw=False, autoLog=True, color=array([ 1.,  1.,  1.]), colorSpace='rgb', contrast=1.0, depth=0, interpolate=False, mask='gauss', maskParams=None, name='OKrespZone', opacity=1.0, ori=0.0, phase=array([ 0.,  0.]), pos=array([ 0.,  0.]), rgbPedestal=array([ 0.,  0.,  0.]), sf=array([ 0.,  0.]), size=array([ 0.5,  0.5]), tex='sin', texRes=64, units='norm', win=Window(...))
75.6911 	EXP 	<method-wrapper '__getattribute__' of attributeSetter object at 0x10ad34f90>: vertices = array([[-0.07,  0.02],
       [ 0.07,  0.02],
       [ 0.07, -0.02],
       [-0.07, -0.02]])
75.9486 	EXP 	OKrespZone: pos = array([ 0. , -0.6])
77.6695 	DATA 	Mouse: Middle button down, pos=(861,720)
77.6702 	EXP 	Sound  started
77.8510 	EXP 	Sound  started
78.0338 	EXP 	Sound  started
78.2152 	DATA 	Mouse:  Middle button up, pos=(605,591)
80.2059 	DATA 	Mouse: Left button down, pos=(70,387)
80.2066 	EXP 	Sound  started
80.3834 	EXP 	<method-wrapper '__getattribute__' of attributeSetter object at 0x10ad34f90>: vertices = array([[-0.04166667,  0.04166667],
       [ 0.04166667,  0.04166667],
       [ 0.04166667, -0.04166667],
       [-0.04166667, -0.04166667]])
80.4255 	DATA 	Mouse:  Left button up, pos=(70,387)
81.3097 	DATA 	Mouse: Left button down, pos=(474,148)
81.3106 	EXP 	window1: mouseVisible = False
81.3498 	DATA 	Mouse:  Left button up, pos=(474,148)
81.3657 	DATA 	Mouse: Left button down, pos=(474,148)
81.3818 	DATA 	Mouse:  Left button up, pos=(474,148)
81.8229 	EXP 	unnamed PatchStim: pos = array([ 0.,  0.])
83.8207 	EXP 	New trial (rep=0, index=1): {'cue0temporalPos': 9, 'task': 'oneCued', 'targetLeftRightIfOne': 'right', 'baseAngleCWfromEast': 0, 'streamsPerRing': 8, 'numRespsWanted': 1, 'numToCue': 1, 'numRings': 1, 'firstRespLRifTwo': 'right', 'cue1lag': 0}
86.2558 	EXP 	window1: recordFrameIntervals = False
86.3670 	EXP 	window1: mouseVisible = True
86.3712 	EXP 	Created OKrespZone = GratingStim(autoDraw=False, autoLog=True, color=array([ 1.,  1.,  1.]), colorSpace='rgb', contrast=1.0, depth=0, interpolate=False, mask='gauss', maskParams=None, name='OKrespZone', opacity=1.0, ori=0.0, phase=array([ 0.,  0.]), pos=array([ 0.,  0.]), rgbPedestal=array([ 0.,  0.,  0.]), sf=array([ 0.,  0.]), size=array([ 0.5,  0.5]), tex='sin', texRes=64, units='norm', win=Window(...))
86.4013 	EXP 	<method-wrapper '__getattribute__' of attributeSetter object at 0x10ad34f90>: vertices = array([[-0.07,  0.02],
       [ 0.07,  0.02],
       [ 0.07, -0.02],
       [-0.07, -0.02]])
86.6441 	EXP 	OKrespZone: pos = array([ 0. , -0.6])
88.3897 	DATA 	Mouse: Left button down, pos=(794,391)
88.3902 	EXP 	Sound  started
88.5726 	EXP 	<method-wrapper '__getattribute__' of attributeSetter object at 0x10ad34f90>: vertices = array([[-0.04166667,  0.04166667],
       [ 0.04166667,  0.04166667],
       [ 0.04166667, -0.04166667],
       [-0.04166667, -0.04166667]])
88.6128 	DATA 	Mouse:  Left button up, pos=(794,391)
88.6131 	DATA 	Mouse: Left button down, pos=(794,391)
88.6134 	DATA 	Mouse:  Left button up, pos=(794,391)
89.7578 	DATA 	Mouse: Left button down, pos=(526,157)
89.7586 	EXP 	window1: mouseVisible = False
89.8218 	DATA 	Mouse:  Left button up, pos=(526,157)
89.8377 	DATA 	Mouse: Left button down, pos=(526,157)
89.8617 	DATA 	Mouse:  Left button up, pos=(526,157)
90.2723 	EXP 	unnamed PatchStim: pos = array([ 0.,  0.])
92.3369 	EXP 	New trial (rep=0, index=2): {'cue0temporalPos': 6, 'task': 'oneCued', 'targetLeftRightIfOne': 'right', 'baseAngleCWfromEast': 315, 'streamsPerRing': 8, 'numRespsWanted': 1, 'numToCue': 1, 'numRings': 1, 'firstRespLRifTwo': 'right', 'cue1lag': 0}
94.3720 	EXP 	window1: recordFrameIntervals = False
94.4823 	EXP 	window1: mouseVisible = True
94.4856 	EXP 	Created OKrespZone = GratingStim(autoDraw=False, autoLog=True, color=array([ 1.,  1.,  1.]), colorSpace='rgb', contrast=1.0, depth=0, interpolate=False, mask='gauss', maskParams=None, name='OKrespZone', opacity=1.0, ori=0.0, phase=array([ 0.,  0.]), pos=array([ 0.,  0.]), rgbPedestal=array([ 0.,  0.,  0.]), sf=array([ 0.,  0.]), size=array([ 0.5,  0.5]), tex='sin', texRes=64, units='norm', win=Window(...))
94.5161 	EXP 	<method-wrapper '__getattribute__' of attributeSetter object at 0x10ad34f90>: vertices = array([[-0.07,  0.02],
       [ 0.07,  0.02],
       [ 0.07, -0.02],
       [-0.07, -0.02]])
94.7644 	EXP 	OKrespZone: pos = array([ 0. , -0.6])
96.1580 	DATA 	Mouse: Left button down, pos=(71,377)
96.1589 	EXP 	Sound  started
96.3361 	EXP 	<method-wrapper '__getattribute__' of attributeSetter object at 0x10ad34f90>: vertices = array([[-0.04166667,  0.04166667],
       [ 0.04166667,  0.04166667],
       [ 0.04166667, -0.04166667],
       [-0.04166667, -0.04166667]])
96.3777 	DATA 	Mouse:  Left button up, pos=(71,377)
97.3977 	DATA 	Mouse: Left button down, pos=(476,172)
97.3985 	EXP 	window1: mouseVisible = False
97.5017 	DATA 	Mouse:  Left button up, pos=(476,172)
97.9051 	EXP 	unnamed PatchStim: pos = array([ 0.,  0.])
101.6549 	EXP 	unnamed PatchStim: pos = array([ 0.,  0.])
103.3547 	EXP 	unnamed PatchStim: pos = array([   0.,  319.])
104.8212 	EXP 	unnamed PatchStim: pos = array([-451.,    0.])
106.1379 	EXP 	unnamed PatchStim: pos = array([   0., -318.])
108.4377 	EXP 	unnamed PatchStim: pos = array([ 450.,    0.])
110.3542 	EXP 	unnamed PatchStim: pos = array([ 0.,  0.])
114.3059 	EXP 	unnamed PatchStim: pos = array([ 0.,  0.])
116.0371 	EXP 	unnamed PatchStim: pos = array([   0.,  319.])
117.7204 	EXP 	unnamed PatchStim: pos = array([-451.,    0.])
119.1703 	EXP 	unnamed PatchStim: pos = array([   0., -318.])
120.5868 	EXP 	unnamed PatchStim: pos = array([ 450.,    0.])
122.3867 	EXP 	unnamed PatchStim: pos = array([ 0.,  0.])
134.4077 	EXP 	New trial (rep=0, index=3): {'cue0temporalPos': 7, 'task': 'oneCued', 'targetLeftRightIfOne': 'right', 'baseAngleCWfromEast': 270, 'streamsPerRing': 2, 'numRespsWanted': 1, 'numToCue': 1, 'numRings': 1, 'firstRespLRifTwo': 'right', 'cue1lag': 0}
136.8024 	EXP 	window1: recordFrameIntervals = False
136.9131 	EXP 	window1: mouseVisible = True
136.9165 	EXP 	Created OKrespZone = GratingStim(autoDraw=False, autoLog=True, color=array([ 1.,  1.,  1.]), colorSpace='rgb', contrast=1.0, depth=0, interpolate=False, mask='gauss', maskParams=None, name='OKrespZone', opacity=1.0, ori=0.0, phase=array([ 0.,  0.]), pos=array([ 0.,  0.]), rgbPedestal=array([ 0.,  0.,  0.]), sf=array([ 0.,  0.]), size=array([ 0.5,  0.5]), tex='sin', texRes=64, units='norm', win=Window(...))
136.9445 	EXP 	<method-wrapper '__getattribute__' of attributeSetter object at 0x10ad34f90>: vertices = array([[-0.07,  0.02],
       [ 0.07,  0.02],
       [ 0.07, -0.02],
       [-0.07, -0.02]])
137.1862 	EXP 	OKrespZone: pos = array([ 0. , -0.6])
139.0779 	DATA 	Mouse: Left button down, pos=(907,381)
139.0784 	EXP 	Sound  started
139.2575 	EXP 	<method-wrapper '__getattribute__' of attributeSetter object at 0x10ad34f90>: vertices = array([[-0.04166667,  0.04166667],
       [ 0.04166667,  0.04166667],
       [ 0.04166667, -0.04166667],
       [-0.04166667, -0.04166667]])
139.2979 	DATA 	Mouse:  Left button up, pos=(907,381)
140.6458 	DATA 	Mouse: Left button down, pos=(544,163)
140.6466 	EXP 	window1: mouseVisible = False
140.7177 	DATA 	Mouse:  Left button up, pos=(544,163)
140.7336 	DATA 	Mouse: Left button down, pos=(544,163)
140.7657 	DATA 	Mouse:  Left button up, pos=(544,163)
141.1525 	EXP 	unnamed PatchStim: pos = array([ 0.,  0.])
143.2494 	EXP 	New trial (rep=0, index=4): {'cue0temporalPos': 10, 'task': 'oneCued', 'targetLeftRightIfOne': 'right', 'baseAngleCWfromEast': 180, 'streamsPerRing': 2, 'numRespsWanted': 1, 'numToCue': 1, 'numRings': 1, 'firstRespLRifTwo': 'left', 'cue1lag': 0}
145.7184 	EXP 	window1: recordFrameIntervals = False
145.8291 	EXP 	window1: mouseVisible = True
145.8326 	EXP 	Created OKrespZone = GratingStim(autoDraw=False, autoLog=True, color=array([ 1.,  1.,  1.]), colorSpace='rgb', contrast=1.0, depth=0, interpolate=False, mask='gauss', maskParams=None, name='OKrespZone', opacity=1.0, ori=0.0, phase=array([ 0.,  0.]), pos=array([ 0.,  0.]), rgbPedestal=array([ 0.,  0.,  0.]), sf=array([ 0.,  0.]), size=array([ 0.5,  0.5]), tex='sin', texRes=64, units='norm', win=Window(...))
145.8608 	EXP 	<method-wrapper '__getattribute__' of attributeSetter object at 0x10ad34f90>: vertices = array([[-0.07,  0.02],
       [ 0.07,  0.02],
       [ 0.07, -0.02],
       [-0.07, -0.02]])
146.1069 	EXP 	OKrespZone: pos = array([ 0. , -0.6])
148.4458 	DATA 	Mouse: Left button down, pos=(117,390)
148.4463 	EXP 	Sound  started
148.6250 	EXP 	<method-wrapper '__getattribute__' of attributeSetter object at 0x10ad34f90>: vertices = array([[-0.04166667,  0.04166667],
       [ 0.04166667,  0.04166667],
       [ 0.04166667, -0.04166667],
       [-0.04166667, -0.04166667]])
148.6655 	DATA 	Mouse:  Left button up, pos=(117,390)
148.6659 	DATA 	Mouse: Left button down, pos=(117,390)
148.6662 	DATA 	Mouse:  Left button up, pos=(117,390)
149.5419 	DATA 	Mouse: Left button down, pos=(484,161)
149.5428 	EXP 	window1: mouseVisible = False
149.6298 	DATA 	Mouse:  Left button up, pos=(484,161)
150.0514 	EXP 	unnamed PatchStim: pos = array([ 0.,  0.])
151.9812 	EXP 	New trial (rep=0, index=5): {'cue0temporalPos': 8, 'task': 'oneCued', 'targetLeftRightIfOne': 'right', 'baseAngleCWfromEast': 45, 'streamsPerRing': 2, 'numRespsWanted': 1, 'numToCue': 1, 'numRings': 1, 'firstRespLRifTwo': 'right', 'cue1lag': 0}
154.3511 	EXP 	window1: recordFrameIntervals = False
154.4617 	EXP 	window1: mouseVisible = True
154.4647 	EXP 	Created OKrespZone = GratingStim(autoDraw=False, autoLog=True, color=array([ 1.,  1.,  1.]), colorSpace='rgb', contrast=1.0, depth=0, interpolate=False, mask='gauss', maskParams=None, name='OKrespZone', opacity=1.0, ori=0.0, phase=array([ 0.,  0.]), pos=array([ 0.,  0.]), rgbPedestal=array([ 0.,  0.,  0.]), sf=array([ 0.,  0.]), size=array([ 0.5,  0.5]), tex='sin', texRes=64, units='norm', win=Window(...))
154.4930 	EXP 	<method-wrapper '__getattribute__' of attributeSetter object at 0x10ad34f90>: vertices = array([[-0.07,  0.02],
       [ 0.07,  0.02],
       [ 0.07, -0.02],
       [-0.07, -0.02]])
154.7490 	EXP 	OKrespZone: pos = array([ 0. , -0.6])
155.6458 	DATA 	Mouse: Left button down, pos=(571,376)
155.6462 	EXP 	Sound  started
155.8271 	EXP 	<method-wrapper '__getattribute__' of attributeSetter object at 0x10ad34f90>: vertices = array([[-0.04166667,  0.04166667],
       [ 0.04166667,  0.04166667],
       [ 0.04166667, -0.04166667],
       [-0.04166667, -0.04166667]])
155.8682 	DATA 	Mouse:  Left button up, pos=(571,376)
156.8698 	DATA 	Mouse: Left button down, pos=(513,161)
156.8707 	EXP 	window1: mouseVisible = False
156.9498 	DATA 	Mouse:  Left button up, pos=(513,161)
157.3843 	EXP 	unnamed PatchStim: pos = array([ 0.,  0.])
158.7975 	EXP 	New trial (rep=0, index=6): {'cue0temporalPos': 6, 'task': 'oneCued', 'targetLeftRightIfOne': 'right', 'baseAngleCWfromEast': 0, 'streamsPerRing': 2, 'numRespsWanted': 1, 'numToCue': 1, 'numRings': 1, 'firstRespLRifTwo': 'right', 'cue1lag': 0}
161.1674 	EXP 	window1: recordFrameIntervals = False
161.2782 	EXP 	window1: mouseVisible = True
161.2831 	EXP 	Created OKrespZone = GratingStim(autoDraw=False, autoLog=True, color=array([ 1.,  1.,  1.]), colorSpace='rgb', contrast=1.0, depth=0, interpolate=False, mask='gauss', maskParams=None, name='OKrespZone', opacity=1.0, ori=0.0, phase=array([ 0.,  0.]), pos=array([ 0.,  0.]), rgbPedestal=array([ 0.,  0.,  0.]), sf=array([ 0.,  0.]), size=array([ 0.5,  0.5]), tex='sin', texRes=64, units='norm', win=Window(...))
161.3115 	EXP 	<method-wrapper '__getattribute__' of attributeSetter object at 0x10ad34f90>: vertices = array([[-0.07,  0.02],
       [ 0.07,  0.02],
       [ 0.07, -0.02],
       [-0.07, -0.02]])
161.5585 	EXP 	OKrespZone: pos = array([ 0. , -0.6])
162.7978 	DATA 	Mouse: Right button down, pos=(753,370)
162.7983 	EXP 	Sound  started
162.9843 	EXP 	<method-wrapper '__getattribute__' of attributeSetter object at 0x10ad34f90>: vertices = array([[-0.04166667,  0.04166667],
       [ 0.04166667,  0.04166667],
       [ 0.04166667, -0.04166667],
       [-0.04166667, -0.04166667]])
163.0269 	DATA 	Mouse:  Right button up, pos=(753,370)
164.0698 	DATA 	Mouse: Left button down, pos=(528,165)
164.0707 	EXP 	window1: mouseVisible = False
164.1496 	DATA 	Mouse:  Left button up, pos=(528,165)
164.5838 	EXP 	unnamed PatchStim: pos = array([ 0.,  0.])
165.9812 	EXP 	New trial (rep=0, index=7): {'cue0temporalPos': 9, 'task': 'oneCued', 'targetLeftRightIfOne': 'right', 'baseAngleCWfromEast': 270, 'streamsPerRing': 2, 'numRespsWanted': 1, 'numToCue': 1, 'numRings': 1, 'firstRespLRifTwo': 'left', 'cue1lag': 0}
168.4169 	EXP 	window1: recordFrameIntervals = False
168.5268 	EXP 	window1: mouseVisible = True
168.5301 	EXP 	Created OKrespZone = GratingStim(autoDraw=False, autoLog=True, color=array([ 1.,  1.,  1.]), colorSpace='rgb', contrast=1.0, depth=0, interpolate=False, mask='gauss', maskParams=None, name='OKrespZone', opacity=1.0, ori=0.0, phase=array([ 0.,  0.]), pos=array([ 0.,  0.]), rgbPedestal=array([ 0.,  0.,  0.]), sf=array([ 0.,  0.]), size=array([ 0.5,  0.5]), tex='sin', texRes=64, units='norm', win=Window(...))
168.5591 	EXP 	<method-wrapper '__getattribute__' of attributeSetter object at 0x10ad34f90>: vertices = array([[-0.07,  0.02],
       [ 0.07,  0.02],
       [ 0.07, -0.02],
       [-0.07, -0.02]])
168.7978 	EXP 	OKrespZone: pos = array([ 0. , -0.6])
170.1099 	DATA 	Mouse: Left button down, pos=(657,373)
170.1105 	EXP 	Sound  started
170.3704 	EXP 	<method-wrapper '__getattribute__' of attributeSetter object at 0x10ad34f90>: vertices = array([[-0.04166667,  0.04166667],
       [ 0.04166667,  0.04166667],
       [ 0.04166667, -0.04166667],
       [-0.04166667, -0.04166667]])
170.4109 	DATA 	Mouse:  Left button up, pos=(657,373)
171.0698 	DATA 	Mouse: Left button down, pos=(534,160)
171.0707 	EXP 	window1: mouseVisible = False
171.1817 	DATA 	Mouse:  Left button up, pos=(534,160)
171.5833 	EXP 	unnamed PatchStim: pos = array([ 0.,  0.])
172.8136 	EXP 	New trial (rep=0, index=8): {'cue0temporalPos': 8, 'task': 'oneCued', 'targetLeftRightIfOne': 'right', 'baseAngleCWfromEast': 270, 'streamsPerRing': 8, 'numRespsWanted': 1, 'numToCue': 1, 'numRings': 1, 'firstRespLRifTwo': 'right', 'cue1lag': 0}
174.9164 	EXP 	window1: recordFrameIntervals = False
175.0268 	EXP 	window1: mouseVisible = True
175.0299 	EXP 	Created OKrespZone = GratingStim(autoDraw=False, autoLog=True, color=array([ 1.,  1.,  1.]), colorSpace='rgb', contrast=1.0, depth=0, interpolate=False, mask='gauss', maskParams=None, name='OKrespZone', opacity=1.0, ori=0.0, phase=array([ 0.,  0.]), pos=array([ 0.,  0.]), rgbPedestal=array([ 0.,  0.,  0.]), sf=array([ 0.,  0.]), size=array([ 0.5,  0.5]), tex='sin', texRes=64, units='norm', win=Window(...))
175.0590 	EXP 	<method-wrapper '__getattribute__' of attributeSetter object at 0x10ad34f90>: vertices = array([[-0.07,  0.02],
       [ 0.07,  0.02],
       [ 0.07, -0.02],
       [-0.07, -0.02]])
175.3029 	EXP 	OKrespZone: pos = array([ 0. , -0.6])
177.3979 	DATA 	Mouse: Left button down, pos=(959,387)
177.3985 	EXP 	Sound  started
177.5754 	EXP 	<method-wrapper '__getattribute__' of attributeSetter object at 0x10ad34f90>: vertices = array([[-0.04166667,  0.04166667],
       [ 0.04166667,  0.04166667],
       [ 0.04166667, -0.04166667],
       [-0.04166667, -0.04166667]])
177.6158 	DATA 	Mouse:  Left button up, pos=(959,387)
178.7177 	DATA 	Mouse: Left button down, pos=(531,154)
178.7186 	EXP 	window1: mouseVisible = False
178.8217 	DATA 	Mouse:  Left button up, pos=(531,154)
179.2327 	EXP 	unnamed PatchStim: pos = array([ 0.,  0.])
181.4463 	EXP 	New trial (rep=0, index=9): {'cue0temporalPos': 9, 'task': 'oneCued', 'targetLeftRightIfOne': 'right', 'baseAngleCWfromEast': 315, 'streamsPerRing': 8, 'numRespsWanted': 1, 'numToCue': 1, 'numRings': 1, 'firstRespLRifTwo': 'left', 'cue1lag': 0}
183.7158 	EXP 	window1: recordFrameIntervals = False
183.8604 	EXP 	window1: mouseVisible = True
183.8638 	EXP 	Created OKrespZone = GratingStim(autoDraw=False, autoLog=True, color=array([ 1.,  1.,  1.]), colorSpace='rgb', contrast=1.0, depth=0, interpolate=False, mask='gauss', maskParams=None, name='OKrespZone', opacity=1.0, ori=0.0, phase=array([ 0.,  0.]), pos=array([ 0.,  0.]), rgbPedestal=array([ 0.,  0.,  0.]), sf=array([ 0.,  0.]), size=array([ 0.5,  0.5]), tex='sin', texRes=64, units='norm', win=Window(...))
183.8933 	EXP 	<method-wrapper '__getattribute__' of attributeSetter object at 0x10ad34f90>: vertices = array([[-0.07,  0.02],
       [ 0.07,  0.02],
       [ 0.07, -0.02],
       [-0.07, -0.02]])
184.1414 	EXP 	OKrespZone: pos = array([ 0. , -0.6])
185.6218 	DATA 	Mouse: Left button down, pos=(497,374)
185.6222 	EXP 	Sound  started
185.8016 	EXP 	<method-wrapper '__getattribute__' of attributeSetter object at 0x10ad34f90>: vertices = array([[-0.04166667,  0.04166667],
       [ 0.04166667,  0.04166667],
       [ 0.04166667, -0.04166667],
       [-0.04166667, -0.04166667]])
185.8441 	DATA 	Mouse:  Left button up, pos=(497,374)
186.6377 	DATA 	Mouse: Left button down, pos=(528,151)
186.6386 	EXP 	window1: mouseVisible = False
186.7097 	DATA 	Mouse:  Left button up, pos=(528,151)
187.1488 	EXP 	unnamed PatchStim: pos = array([ 0.,  0.])
188.5456 	EXP 	New trial (rep=0, index=10): {'cue0temporalPos': 9, 'task': 'oneCued', 'targetLeftRightIfOne': 'right', 'baseAngleCWfromEast': 135, 'streamsPerRing': 2, 'numRespsWanted': 1, 'numToCue': 1, 'numRings': 1, 'firstRespLRifTwo': 'right', 'cue1lag': 0}
190.7153 	EXP 	window1: recordFrameIntervals = False
190.8259 	EXP 	window1: mouseVisible = True
190.8293 	EXP 	Created OKrespZone = GratingStim(autoDraw=False, autoLog=True, color=array([ 1.,  1.,  1.]), colorSpace='rgb', contrast=1.0, depth=0, interpolate=False, mask='gauss', maskParams=None, name='OKrespZone', opacity=1.0, ori=0.0, phase=array([ 0.,  0.]), pos=array([ 0.,  0.]), rgbPedestal=array([ 0.,  0.,  0.]), sf=array([ 0.,  0.]), size=array([ 0.5,  0.5]), tex='sin', texRes=64, units='norm', win=Window(...))
190.8586 	EXP 	<method-wrapper '__getattribute__' of attributeSetter object at 0x10ad34f90>: vertices = array([[-0.07,  0.02],
       [ 0.07,  0.02],
       [ 0.07, -0.02],
       [-0.07, -0.02]])
191.1060 	EXP 	OKrespZone: pos = array([ 0. , -0.6])
192.4459 	DATA 	Mouse: Left button down, pos=(606,383)
192.4463 	EXP 	Sound  started
192.6362 	EXP 	<method-wrapper '__getattribute__' of attributeSetter object at 0x10ad34f90>: vertices = array([[-0.04166667,  0.04166667],
       [ 0.04166667,  0.04166667],
       [ 0.04166667, -0.04166667],
       [-0.04166667, -0.04166667]])
192.6769 	DATA 	Mouse:  Left button up, pos=(606,383)
193.3818 	DATA 	Mouse: Left button down, pos=(539,159)
193.3827 	EXP 	window1: mouseVisible = False
193.4376 	DATA 	Mouse:  Left button up, pos=(539,159)
193.8984 	EXP 	unnamed PatchStim: pos = array([ 0.,  0.])
197.8794 	EXP 	New trial (rep=0, index=11): {'cue0temporalPos': 8, 'task': 'oneCued', 'targetLeftRightIfOne': 'right', 'baseAngleCWfromEast': 135, 'streamsPerRing': 2, 'numRespsWanted': 1, 'numToCue': 1, 'numRings': 1, 'firstRespLRifTwo': 'left', 'cue1lag': 0}
200.3146 	EXP 	window1: recordFrameIntervals = False
200.4249 	EXP 	window1: mouseVisible = True
200.4283 	EXP 	Created OKrespZone = GratingStim(autoDraw=False, autoLog=True, color=array([ 1.,  1.,  1.]), colorSpace='rgb', contrast=1.0, depth=0, interpolate=False, mask='gauss', maskParams=None, name='OKrespZone', opacity=1.0, ori=0.0, phase=array([ 0.,  0.]), pos=array([ 0.,  0.]), rgbPedestal=array([ 0.,  0.,  0.]), sf=array([ 0.,  0.]), size=array([ 0.5,  0.5]), tex='sin', texRes=64, units='norm', win=Window(...))
200.4565 	EXP 	<method-wrapper '__getattribute__' of attributeSetter object at 0x10ad34f90>: vertices = array([[-0.07,  0.02],
       [ 0.07,  0.02],
       [ 0.07, -0.02],
       [-0.07, -0.02]])
200.7044 	EXP 	OKrespZone: pos = array([ 0. , -0.6])
202.0218 	DATA 	Mouse: Left button down, pos=(960,381)
202.0223 	EXP 	Sound  started
202.2005 	EXP 	<method-wrapper '__getattribute__' of attributeSetter object at 0x10ad34f90>: vertices = array([[-0.04166667,  0.04166667],
       [ 0.04166667,  0.04166667],
       [ 0.04166667, -0.04166667],
       [-0.04166667, -0.04166667]])
202.2410 	DATA 	Mouse:  Left button up, pos=(960,381)
203.2537 	DATA 	Mouse: Left button down, pos=(539,167)
203.2545 	EXP 	window1: mouseVisible = False
203.3979 	DATA 	Mouse:  Left button up, pos=(539,167)
203.7644 	EXP 	unnamed PatchStim: pos = array([ 0.,  0.])
224.8129 	EXP 	unnamed PatchStim: pos = array([ 0.,  0.])
227.4794 	EXP 	unnamed PatchStim: pos = array([   0., -318.])
228.3793 	EXP 	unnamed PatchStim: pos = array([-451.,    0.])
229.1627 	EXP 	unnamed PatchStim: pos = array([   0.,  319.])
230.1625 	EXP 	unnamed PatchStim: pos = array([ 450.,    0.])
231.0624 	EXP 	unnamed PatchStim: pos = array([ 0.,  0.])
233.0702 	EXP 	unnamed PatchStim: pos = array([ 0.,  0.])
233.8123 	EXP 	unnamed PatchStim: pos = array([   0., -318.])
235.0622 	EXP 	unnamed PatchStim: pos = array([ 450.,    0.])
236.7621 	EXP 	unnamed PatchStim: pos = array([-451.,    0.])
238.7452 	EXP 	unnamed PatchStim: pos = array([   0.,  319.])
240.6785 	EXP 	unnamed PatchStim: pos = array([ 0.,  0.])
242.2950 	EXP 	unnamed PatchStim: pos = array([   0., -318.])
249.6112 	EXP 	unnamed PatchStim: pos = array([-451.,    0.])
253.6442 	EXP 	unnamed PatchStim: pos = array([ 0.,  0.])
259.8438 	EXP 	unnamed PatchStim: pos = array([ 0.,  0.])
260.7104 	EXP 	unnamed PatchStim: pos = array([   0.,  319.])
261.7937 	EXP 	unnamed PatchStim: pos = array([ 450.,    0.])
263.0769 	EXP 	unnamed PatchStim: pos = array([-451.,    0.])
264.0936 	EXP 	unnamed PatchStim: pos = array([   0., -318.])
265.0935 	EXP 	unnamed PatchStim: pos = array([ 0.,  0.])
266.7503 	EXP 	unnamed PatchStim: pos = array([ 0.,  0.])
267.4433 	EXP 	unnamed PatchStim: pos = array([   0.,  319.])
268.3765 	EXP 	unnamed PatchStim: pos = array([ 450.,    0.])
269.3432 	EXP 	unnamed PatchStim: pos = array([   0., -318.])
271.1598 	EXP 	unnamed PatchStim: pos = array([-451.,    0.])
272.1597 	EXP 	unnamed PatchStim: pos = array([ 0.,  0.])
282.3154 	EXP 	New trial (rep=0, index=12): {'cue0temporalPos': 8, 'task': 'oneCued', 'targetLeftRightIfOne': 'right', 'baseAngleCWfromEast': 180, 'streamsPerRing': 2, 'numRespsWanted': 1, 'numToCue': 1, 'numRings': 1, 'firstRespLRifTwo': 'left', 'cue1lag': 0}
284.6421 	EXP 	window1: recordFrameIntervals = False
284.7528 	EXP 	window1: mouseVisible = True
284.7562 	EXP 	Created OKrespZone = GratingStim(autoDraw=False, autoLog=True, color=array([ 1.,  1.,  1.]), colorSpace='rgb', contrast=1.0, depth=0, interpolate=False, mask='gauss', maskParams=None, name='OKrespZone', opacity=1.0, ori=0.0, phase=array([ 0.,  0.]), pos=array([ 0.,  0.]), rgbPedestal=array([ 0.,  0.,  0.]), sf=array([ 0.,  0.]), size=array([ 0.5,  0.5]), tex='sin', texRes=64, units='norm', win=Window(...))
284.7843 	EXP 	<method-wrapper '__getattribute__' of attributeSetter object at 0x10ad34f90>: vertices = array([[-0.07,  0.02],
       [ 0.07,  0.02],
       [ 0.07, -0.02],
       [-0.07, -0.02]])
285.0250 	EXP 	OKrespZone: pos = array([ 0. , -0.6])
287.0538 	DATA 	Mouse: Left button down, pos=(151,366)
287.0543 	EXP 	Sound  started
287.2438 	DATA 	Mouse:  Left button up, pos=(151,366)
287.8058 	DATA 	Mouse: Left button down, pos=(148,371)
287.8063 	EXP 	Sound  started
287.9865 	EXP 	<method-wrapper '__getattribute__' of attributeSetter object at 0x10ad34f90>: vertices = array([[-0.04166667,  0.04166667],
       [ 0.04166667,  0.04166667],
       [ 0.04166667, -0.04166667],
       [-0.04166667, -0.04166667]])
288.0305 	DATA 	Mouse:  Left button up, pos=(148,371)
289.1658 	DATA 	Mouse: Left button down, pos=(487,171)
289.1666 	EXP 	window1: mouseVisible = False
289.2777 	DATA 	Mouse:  Left button up, pos=(487,171)
289.6750 	EXP 	unnamed PatchStim: pos = array([ 0.,  0.])
292.2042 	EXP 	New trial (rep=0, index=13): {'cue0temporalPos': 9, 'task': 'oneCued', 'targetLeftRightIfOne': 'right', 'baseAngleCWfromEast': 225, 'streamsPerRing': 8, 'numRespsWanted': 1, 'numToCue': 1, 'numRings': 1, 'firstRespLRifTwo': 'left', 'cue1lag': 0}
294.5748 	EXP 	window1: recordFrameIntervals = False
294.6842 	EXP 	window1: mouseVisible = True
294.6877 	EXP 	Created OKrespZone = GratingStim(autoDraw=False, autoLog=True, color=array([ 1.,  1.,  1.]), colorSpace='rgb', contrast=1.0, depth=0, interpolate=False, mask='gauss', maskParams=None, name='OKrespZone', opacity=1.0, ori=0.0, phase=array([ 0.,  0.]), pos=array([ 0.,  0.]), rgbPedestal=array([ 0.,  0.,  0.]), sf=array([ 0.,  0.]), size=array([ 0.5,  0.5]), tex='sin', texRes=64, units='norm', win=Window(...))
294.7153 	EXP 	<method-wrapper '__getattribute__' of attributeSetter object at 0x10ad34f90>: vertices = array([[-0.07,  0.02],
       [ 0.07,  0.02],
       [ 0.07, -0.02],
       [-0.07, -0.02]])
294.9579 	EXP 	OKrespZone: pos = array([ 0. , -0.6])
298.2537 	DATA 	Mouse: Left button down, pos=(756,375)
298.2543 	EXP 	Sound  started
298.4373 	EXP 	<method-wrapper '__getattribute__' of attributeSetter object at 0x10ad34f90>: vertices = array([[-0.04166667,  0.04166667],
       [ 0.04166667,  0.04166667],
       [ 0.04166667, -0.04166667],
       [-0.04166667, -0.04166667]])
298.4795 	DATA 	Mouse:  Left button up, pos=(756,375)
299.4139 	DATA 	Mouse: Left button down, pos=(523,161)
299.4147 	EXP 	window1: mouseVisible = False
299.5418 	DATA 	Mouse:  Left button up, pos=(523,161)
299.9244 	EXP 	unnamed PatchStim: pos = array([ 0.,  0.])
301.5544 	EXP 	New trial (rep=0, index=14): {'cue0temporalPos': 8, 'task': 'oneCued', 'targetLeftRightIfOne': 'right', 'baseAngleCWfromEast': 270, 'streamsPerRing': 2, 'numRespsWanted': 1, 'numToCue': 1, 'numRings': 1, 'firstRespLRifTwo': 'right', 'cue1lag': 0}
303.5908 	EXP 	window1: recordFrameIntervals = False
303.7010 	EXP 	window1: mouseVisible = True
303.7062 	EXP 	Created OKrespZone = GratingStim(autoDraw=False, autoLog=True, color=array([ 1.,  1.,  1.]), colorSpace='rgb', contrast=1.0, depth=0, interpolate=False, mask='gauss', maskParams=None, name='OKrespZone', opacity=1.0, ori=0.0, phase=array([ 0.,  0.]), pos=array([ 0.,  0.]), rgbPedestal=array([ 0.,  0.,  0.]), sf=array([ 0.,  0.]), size=array([ 0.5,  0.5]), tex='sin', texRes=64, units='norm', win=Window(...))
303.7366 	EXP 	<method-wrapper '__getattribute__' of attributeSetter object at 0x10ad34f90>: vertices = array([[-0.07,  0.02],
       [ 0.07,  0.02],
       [ 0.07, -0.02],
       [-0.07, -0.02]])
303.9770 	EXP 	OKrespZone: pos = array([ 0. , -0.6])
307.0378 	DATA 	Mouse: Left button down, pos=(147,376)
307.0383 	EXP 	Sound  started
307.2176 	EXP 	<method-wrapper '__getattribute__' of attributeSetter object at 0x10ad34f90>: vertices = array([[-0.04166667,  0.04166667],
       [ 0.04166667,  0.04166667],
       [ 0.04166667, -0.04166667],
       [-0.04166667, -0.04166667]])
307.2590 	DATA 	Mouse:  Left button up, pos=(147,376)
308.4379 	DATA 	Mouse: Left button down, pos=(487,173)
308.4387 	EXP 	window1: mouseVisible = False
308.5339 	DATA 	Mouse:  Left button up, pos=(487,173)
308.5416 	DATA 	Mouse: Left button down, pos=(487,173)
308.5658 	DATA 	Mouse:  Left button up, pos=(487,173)
308.9571 	EXP 	unnamed PatchStim: pos = array([ 0.,  0.])
309.9703 	EXP 	New trial (rep=0, index=15): {'cue0temporalPos': 10, 'task': 'oneCued', 'targetLeftRightIfOne': 'right', 'baseAngleCWfromEast': 0, 'streamsPerRing': 8, 'numRespsWanted': 1, 'numToCue': 1, 'numRings': 1, 'firstRespLRifTwo': 'right', 'cue1lag': 0}
312.1736 	EXP 	window1: recordFrameIntervals = False
312.2835 	EXP 	window1: mouseVisible = True
312.2870 	EXP 	Created OKrespZone = GratingStim(autoDraw=False, autoLog=True, color=array([ 1.,  1.,  1.]), colorSpace='rgb', contrast=1.0, depth=0, interpolate=False, mask='gauss', maskParams=None, name='OKrespZone', opacity=1.0, ori=0.0, phase=array([ 0.,  0.]), pos=array([ 0.,  0.]), rgbPedestal=array([ 0.,  0.,  0.]), sf=array([ 0.,  0.]), size=array([ 0.5,  0.5]), tex='sin', texRes=64, units='norm', win=Window(...))
312.3154 	EXP 	<method-wrapper '__getattribute__' of attributeSetter object at 0x10ad34f90>: vertices = array([[-0.07,  0.02],
       [ 0.07,  0.02],
       [ 0.07, -0.02],
       [-0.07, -0.02]])
312.5621 	EXP 	OKrespZone: pos = array([ 0. , -0.6])
314.9017 	DATA 	Mouse: Left button down, pos=(193,382)
314.9022 	EXP 	Sound  started
315.0869 	EXP 	<method-wrapper '__getattribute__' of attributeSetter object at 0x10ad34f90>: vertices = array([[-0.04166667,  0.04166667],
       [ 0.04166667,  0.04166667],
       [ 0.04166667, -0.04166667],
       [-0.04166667, -0.04166667]])
315.1306 	DATA 	Mouse:  Left button up, pos=(193,382)
315.1310 	DATA 	Mouse: Left button down, pos=(193,382)
315.1314 	DATA 	Mouse:  Left button up, pos=(193,382)
316.1657 	DATA 	Mouse: Left button down, pos=(503,162)
316.1666 	EXP 	window1: mouseVisible = False
316.2617 	DATA 	Mouse:  Left button up, pos=(503,162)
316.6732 	EXP 	unnamed PatchStim: pos = array([ 0.,  0.])
317.4361 	EXP 	New trial (rep=0, index=16): {'cue0temporalPos': 7, 'task': 'oneCued', 'targetLeftRightIfOne': 'right', 'baseAngleCWfromEast': 225, 'streamsPerRing': 2, 'numRespsWanted': 1, 'numToCue': 1, 'numRings': 1, 'firstRespLRifTwo': 'right', 'cue1lag': 0}
319.4730 	EXP 	window1: recordFrameIntervals = False
319.5829 	EXP 	window1: mouseVisible = True
319.5865 	EXP 	Created OKrespZone = GratingStim(autoDraw=False, autoLog=True, color=array([ 1.,  1.,  1.]), colorSpace='rgb', contrast=1.0, depth=0, interpolate=False, mask='gauss', maskParams=None, name='OKrespZone', opacity=1.0, ori=0.0, phase=array([ 0.,  0.]), pos=array([ 0.,  0.]), rgbPedestal=array([ 0.,  0.,  0.]), sf=array([ 0.,  0.]), size=array([ 0.5,  0.5]), tex='sin', texRes=64, units='norm', win=Window(...))
319.6170 	EXP 	<method-wrapper '__getattribute__' of attributeSetter object at 0x10ad34f90>: vertices = array([[-0.07,  0.02],
       [ 0.07,  0.02],
       [ 0.07, -0.02],
       [-0.07, -0.02]])
319.8718 	EXP 	OKrespZone: pos = array([ 0. , -0.6])
321.6217 	DATA 	Mouse: Left button down, pos=(111,373)
321.6223 	EXP 	Sound  started
321.8072 	EXP 	<method-wrapper '__getattribute__' of attributeSetter object at 0x10ad34f90>: vertices = array([[-0.04166667,  0.04166667],
       [ 0.04166667,  0.04166667],
       [ 0.04166667, -0.04166667],
       [-0.04166667, -0.04166667]])
321.8504 	DATA 	Mouse:  Left button up, pos=(111,373)
321.8507 	DATA 	Mouse: Left button down, pos=(111,373)
321.8510 	DATA 	Mouse:  Left button up, pos=(111,373)
322.7418 	DATA 	Mouse: Left button down, pos=(503,152)
322.7426 	EXP 	window1: mouseVisible = False
322.8377 	DATA 	Mouse:  Left button up, pos=(503,152)
323.2561 	EXP 	unnamed PatchStim: pos = array([ 0.,  0.])
324.0191 	EXP 	New trial (rep=0, index=17): {'cue0temporalPos': 6, 'task': 'oneCued', 'targetLeftRightIfOne': 'right', 'baseAngleCWfromEast': 315, 'streamsPerRing': 2, 'numRespsWanted': 1, 'numToCue': 1, 'numRings': 1, 'firstRespLRifTwo': 'right', 'cue1lag': 0}
326.3558 	EXP 	window1: recordFrameIntervals = False
326.4656 	EXP 	window1: mouseVisible = True
326.4693 	EXP 	Created OKrespZone = GratingStim(autoDraw=False, autoLog=True, color=array([ 1.,  1.,  1.]), colorSpace='rgb', contrast=1.0, depth=0, interpolate=False, mask='gauss', maskParams=None, name='OKrespZone', opacity=1.0, ori=0.0, phase=array([ 0.,  0.]), pos=array([ 0.,  0.]), rgbPedestal=array([ 0.,  0.,  0.]), sf=array([ 0.,  0.]), size=array([ 0.5,  0.5]), tex='sin', texRes=64, units='norm', win=Window(...))
326.4978 	EXP 	<method-wrapper '__getattribute__' of attributeSetter object at 0x10ad34f90>: vertices = array([[-0.07,  0.02],
       [ 0.07,  0.02],
       [ 0.07, -0.02],
       [-0.07, -0.02]])
326.7493 	EXP 	OKrespZone: pos = array([ 0. , -0.6])
328.1097 	DATA 	Mouse: Left button down, pos=(746,382)
328.1102 	EXP 	Sound  started
328.2950 	EXP 	<method-wrapper '__getattribute__' of attributeSetter object at 0x10ad34f90>: vertices = array([[-0.04166667,  0.04166667],
       [ 0.04166667,  0.04166667],
       [ 0.04166667, -0.04166667],
       [-0.04166667, -0.04166667]])
328.3357 	DATA 	Mouse:  Left button up, pos=(746,382)
328.3361 	DATA 	Mouse: Left button down, pos=(746,382)
328.3364 	DATA 	Mouse:  Left button up, pos=(746,382)
329.1179 	DATA 	Mouse: Left button down, pos=(530,152)
329.1187 	EXP 	window1: mouseVisible = False
329.2057 	DATA 	Mouse:  Left button up, pos=(530,152)
329.6390 	EXP 	unnamed PatchStim: pos = array([ 0.,  0.])
333.5521 	EXP 	New trial (rep=0, index=18): {'cue0temporalPos': 7, 'task': 'oneCued', 'targetLeftRightIfOne': 'right', 'baseAngleCWfromEast': 315, 'streamsPerRing': 2, 'numRespsWanted': 1, 'numToCue': 1, 'numRings': 1, 'firstRespLRifTwo': 'right', 'cue1lag': 0}
335.7886 	EXP 	window1: recordFrameIntervals = False
335.8989 	EXP 	window1: mouseVisible = True
335.9026 	EXP 	Created OKrespZone = GratingStim(autoDraw=False, autoLog=True, color=array([ 1.,  1.,  1.]), colorSpace='rgb', contrast=1.0, depth=0, interpolate=False, mask='gauss', maskParams=None, name='OKrespZone', opacity=1.0, ori=0.0, phase=array([ 0.,  0.]), pos=array([ 0.,  0.]), rgbPedestal=array([ 0.,  0.,  0.]), sf=array([ 0.,  0.]), size=array([ 0.5,  0.5]), tex='sin', texRes=64, units='norm', win=Window(...))
335.9308 	EXP 	<method-wrapper '__getattribute__' of attributeSetter object at 0x10ad34f90>: vertices = array([[-0.07,  0.02],
       [ 0.07,  0.02],
       [ 0.07, -0.02],
       [-0.07, -0.02]])
336.1802 	EXP 	OKrespZone: pos = array([ 0. , -0.6])
337.8059 	DATA 	Mouse: Left button down, pos=(655,370)
337.8065 	EXP 	Sound  started
337.9891 	EXP 	<method-wrapper '__getattribute__' of attributeSetter object at 0x10ad34f90>: vertices = array([[-0.04166667,  0.04166667],
       [ 0.04166667,  0.04166667],
       [ 0.04166667, -0.04166667],
       [-0.04166667, -0.04166667]])
338.0302 	DATA 	Mouse:  Left button up, pos=(655,370)
338.7418 	DATA 	Mouse: Left button down, pos=(530,163)
338.7427 	EXP 	window1: mouseVisible = False
338.8298 	DATA 	Mouse:  Left button up, pos=(530,163)
339.2550 	EXP 	unnamed PatchStim: pos = array([ 0.,  0.])
340.9013 	EXP 	New trial (rep=0, index=19): {'cue0temporalPos': 8, 'task': 'oneCued', 'targetLeftRightIfOne': 'right', 'baseAngleCWfromEast': 180, 'streamsPerRing': 8, 'numRespsWanted': 1, 'numToCue': 1, 'numRings': 1, 'firstRespLRifTwo': 'left', 'cue1lag': 0}
343.0381 	EXP 	window1: recordFrameIntervals = False
343.1492 	EXP 	window1: mouseVisible = True
343.1529 	EXP 	Created OKrespZone = GratingStim(autoDraw=False, autoLog=True, color=array([ 1.,  1.,  1.]), colorSpace='rgb', contrast=1.0, depth=0, interpolate=False, mask='gauss', maskParams=None, name='OKrespZone', opacity=1.0, ori=0.0, phase=array([ 0.,  0.]), pos=array([ 0.,  0.]), rgbPedestal=array([ 0.,  0.,  0.]), sf=array([ 0.,  0.]), size=array([ 0.5,  0.5]), tex='sin', texRes=64, units='norm', win=Window(...))
343.1815 	EXP 	<method-wrapper '__getattribute__' of attributeSetter object at 0x10ad34f90>: vertices = array([[-0.07,  0.02],
       [ 0.07,  0.02],
       [ 0.07, -0.02],
       [-0.07, -0.02]])
343.4313 	EXP 	OKrespZone: pos = array([ 0. , -0.6])
344.7658 	DATA 	Mouse: Left button down, pos=(488,380)
344.7663 	EXP 	Sound  started
344.9515 	EXP 	<method-wrapper '__getattribute__' of attributeSetter object at 0x10ad34f90>: vertices = array([[-0.04166667,  0.04166667],
       [ 0.04166667,  0.04166667],
       [ 0.04166667, -0.04166667],
       [-0.04166667, -0.04166667]])
344.9925 	DATA 	Mouse:  Left button up, pos=(488,380)
345.6618 	DATA 	Mouse: Left button down, pos=(498,171)
345.6626 	EXP 	window1: mouseVisible = False
