25.4370 	INFO 	Successfully set darwin thread to realtime
26.0747 	INFO 	#[ PsychoPy2 RuntimeInfoStart ]
  #[[ PsychoPy ]] #---------
    psychopyVersion: 1.85.2
    psychopyHaveExtRush: True
  #[[ Experiment ]] #---------
    experimentRunTime: 2017_09_22 10:56 (Year_Month_Day Hour:Min)
    experimentRunTime.epoch: 1506041779
    experimentScript: nStreamBufferImageStim.py
    experimentScript.digestSHA1: 3e56b3f6d2c84cfeba5b4eb9cff0abd22add6396
    experimentScript.directory: /Users/charlesludowici/gitCode/nStream
  #[[ System ]] #---------
    systemHaveInternetAccess: True
    systemHostName: vlan-2680-10-17-74-213.staff.wireless.sydney.edu.au
    systemLocale: C
    systemMemFreeRAM: 4612.4921875
    systemMemTotalRAM: 8192.0
    systemPlatform: darwin 10.11.6 x86_64
    systemPyo.InputDevices: {0: {'host api index': 0, 'latency': 0.001995464786887169, 'default sr': 44100, 'name': u'Built-in Microph'}}
    systemPyo.OutputDevices: {1: {'host api index': 0, 'latency': 0.006734693888574839, 'default sr': 44100, 'name': u'Built-in Output'}}
    systemPyoVersion: 0.8.6
    systemRebooted: Sep 21 08:56
    systemSec.OpenSSLVersion: OpenSSL 0.9.8zh 14 Jan 2016
    systemSec.pythonSSL: True
    systemTimeNumpySD1000000_sec: 0.0067
    systemUser: charlesludowici
    systemUserID: 501
    systemUserProcCount: 125
    systemUserProcFlagged: mdworker ''Google Chrome'' Safari
    systemUsersCount: 1
  #[[ Window ]] #---------
    windowWinType: pyglet
    windowUnits: deg
    windowSize_pix: [1024  768]
    windowScreen: 0
    windowRgb: [-0.7 -0.7 -0.7]
    windowRefreshTimeSD_ms: 0.088
    windowRefreshTimeMedian_ms: 10.021
    windowRefreshTimeAvg_ms: 10.021
    windowPos_pix: [0, 0]
    windowMonitor.name: testmonitor
    windowMonitor.getWidth_cm: 40.5
    windowMonitor.getDistance_cm: 59.0
    windowMonitor.currentCalibName: 2017_01_19 10:48
    windowIsFullScr: True
  #[[ Python ]] #---------
    pythonVersion: 2.7.12
  #[[ OpenGL ]] #---------
#[ PsychoPy2 RuntimeInfoEnd ]

27.7660 	EXP 	Set  sound=C
