9.4577 	WARNING 	User requested fullscreen with size [1024  768], but screen is actually [1280, 800]. Using actual size
10.1733 	INFO 	Successfully set darwin thread to realtime
11.2318 	INFO 	#[ PsychoPy2 RuntimeInfoStart ]
  #[[ PsychoPy ]] #---------
    psychopyVersion: 1.85.2
    psychopyHaveExtRush: True
  #[[ Experiment ]] #---------
    experimentRunTime: 2018_10_17 14:36 (Year_Month_Day Hour:Min)
    experimentRunTime.epoch: 1539747388
    experimentScript: sizeForMeasuring.py
    experimentScript.digestSHA1: 1930a99eafbdf415b413e21e3dbd653192c29afc
    experimentScript.directory: /Users/charlesludowici/gitCode/nStream
  #[[ System ]] #---------
    systemHaveInternetAccess: True
    systemHostName: vlan-2680-10-17-75-181.staff.wireless.sydney.edu.au
    systemLocale: C
    systemMemFreeRAM: 3360.09765625
    systemMemTotalRAM: 8192.0
    systemPlatform: darwin 10.13.6 x86_64
    systemPyo.InputDevices: {0: {'host api index': 0, 'latency': 0.0029705215711146593, 'default sr': 44100, 'name': u'Built-in Microph'}, 2: {'host api index': 0, 'latency': 0.009999999776482582, 'default sr': 44100, 'name': u'Display Audio'}}
    systemPyo.OutputDevices: {1: {'host api index': 0, 'latency': 0.0039002266712486744, 'default sr': 44100, 'name': u'Built-in Output'}, 2: {'host api index': 0, 'latency': 0.0035147392190992832, 'default sr': 44100, 'name': u'Display Audio'}}
    systemPyoVersion: 0.8.6
    systemRebooted: Oct 17 14:04
    systemSec.OpenSSLVersion: LibreSSL 2.2.7
    systemSec.pythonSSL: True
    systemTimeNumpySD1000000_sec: 0.0058
    systemUser: charlesludowici
    systemUserID: 501
    systemUserProcCount: 183
    systemUserProcFlagged: Dropbox ''Google Chrome'' Safari mdworker
    systemUsersCount: 1
  #[[ Window ]] #---------
    windowWinType: pyglet
    windowUnits: deg
    windowSize_pix: [1280  800]
    windowScreen: 0
    windowRgb: [-0.7 -0.7 -0.7]
    windowRefreshTimeSD_ms: 0.106
    windowRefreshTimeMedian_ms: 16.620
    windowRefreshTimeAvg_ms: 16.625
    windowPos_pix: [0, 0]
    windowMonitor.name: testmonitor
    windowMonitor.getWidth_cm: 40.5
    windowMonitor.getDistance_cm: 57.0
    windowMonitor.currentCalibName: 2017_01_19 10:48
    windowIsFullScr: True
  #[[ Python ]] #---------
    pythonVersion: 2.7.12
  #[[ OpenGL ]] #---------
#[ PsychoPy2 RuntimeInfoEnd ]

12.8309 	EXP 	Set  sound=C
12.8313 	WARNING 	Could not load the desired click sound file, instead using manually created inferior click
12.8316 	EXP 	Set  sound=D
13.3085 	EXP 	<method-wrapper '__getattribute__' of attributeSetter object at 0x10839f610>: vertices = array([[-3.   ,  0.375],
       [ 3.   ,  0.375],
       [ 3.   , -0.375],
       [-3.   , -0.375]])
13.3109 	EXP 	Created unnamed Rect = Rect(autoDraw=False, autoLog=True, closeShape=True, contrast=1.0, depth=0, fillColor=None, fillColorSpace='rgb', fillRGB=None, interpolate=True, lineColor=array([-0.7, -0.7, -0.7]), lineColorSpace='rgb', lineRGB=array([-0.7, -0.7, -0.7]), lineWidth=1.5, name='unnamed Rect', opacity=1.0, ori=array(0.0), pos=array([ 0.,  0.]), size=array([ 1.,  1.]), units='deg', vertices=ndarray(...), win=Window(...))
13.5958 	EXP 	window1: blendMode = 'avg'
13.5994 	EXP 	window1: blendMode = 'avg'
13.6029 	EXP 	window1: blendMode = 'avg'
13.6067 	EXP 	window1: blendMode = 'avg'
13.6107 	EXP 	window1: blendMode = 'avg'
13.6147 	EXP 	window1: blendMode = 'avg'
13.6197 	EXP 	window1: blendMode = 'avg'
13.6231 	EXP 	window1: blendMode = 'avg'
13.6268 	EXP 	window1: blendMode = 'avg'
13.6301 	EXP 	window1: blendMode = 'avg'
13.6337 	EXP 	window1: blendMode = 'avg'
13.6377 	EXP 	window1: blendMode = 'avg'
13.6428 	EXP 	window1: blendMode = 'avg'
13.6464 	EXP 	window1: blendMode = 'avg'
13.6500 	EXP 	window1: blendMode = 'avg'
13.6535 	EXP 	window1: blendMode = 'avg'
13.6596 	EXP 	window1: blendMode = 'avg'
13.6633 	EXP 	window1: blendMode = 'avg'
13.6674 	EXP 	window1: blendMode = 'avg'
13.6680 	EXP 	window1: blendMode = 'avg'
13.6685 	EXP 	window1: blendMode = 'avg'
13.6690 	EXP 	window1: blendMode = 'avg'
15.2794 	DATA 	Keypress: escape
16.8391 	DATA 	Keypress: m
16.8399 	EXP 	window1: mouseVisible = True
