38.3598 	INFO 	Successfully set darwin thread to realtime
39.4252 	INFO 	#[ PsychoPy2 RuntimeInfoStart ]
  #[[ PsychoPy ]] #---------
    psychopyVersion: 1.84.2
    psychopyHaveExtRush: True
  #[[ Experiment ]] #---------
    experimentRunTime: 2017_05_04 10:21 (Year_Month_Day Hour:Min)
    experimentRunTime.epoch: 1493857281
    experimentScript: ABnStream.py
    experimentScript.digestSHA1: e05d5e779a101a0f8ca5072c59955863b8842e28
    experimentScript.directory: /Users/supalab/Documents/CharlieAndAlex/nStream
  #[[ System ]] #---------
    systemHaveInternetAccess: False (proxies not attempted)
    systemHostName: supalabs-macbook-pro.local
    systemLocale: C
    systemMemFreeRAM: 5705.09375
    systemMemTotalRAM: 8192.0
    systemPlatform: darwin 10.8.5 x86_64
    systemPyo.InputDevices: {0: {'host api index': 0, 'latency': 0.0006802721181884408, 'default sr': 44100, 'name': u'Built-in Microph'}, 1: {'host api index': 0, 'latency': 0.0006802721181884408, 'default sr': 44100, 'name': u'Built-in Input'}, 3: {'host api index': 0, 'latency': 0.009999999776482582, 'default sr': 44100, 'name': u'Soundflower (2ch)'}, 4: {'host api index': 0, 'latency': 0.009999999776482582, 'default sr': 44100, 'name': u'Soundflower (64ch)'}}
    systemPyo.OutputDevices: {2: {'host api index': 0, 'latency': 0.006258503533899784, 'default sr': 44100, 'name': u'Built-in Output'}, 3: {'host api index': 0, 'latency': 0.0, 'default sr': 44100, 'name': u'Soundflower (2ch)'}, 4: {'host api index': 0, 'latency': 0.0, 'default sr': 44100, 'name': u'Soundflower (64ch)'}}
    systemPyoVersion: 0.8.0
    systemRavailable: R version 3.1.1 (2014-07-10) -- Sock it to Me
    systemRebooted: May 4 09:01
    systemSec.OpenSSLVersion: OpenSSL 0.9.8y 5 Feb 2013
    systemSec.pythonSSL: True
    systemTimeNumpySD1000000_sec: 0.0043
    systemUser: supalab
    systemUserID: 503
    systemUserProcCount: 32
    systemUserProcFlagged: mdworker
    systemUsersCount: 1
  #[[ Window ]] #---------
    windowWinType: pyglet
    windowUnits: deg
    windowSize_pix: [1024  768]
    windowScreen: 0
    windowRgb: [-0.7 -0.7 -0.7]
    windowRefreshTimeSD_ms: 0.060
    windowRefreshTimeMedian_ms: 16.664
    windowRefreshTimeAvg_ms: 16.665
    windowPos_pix: [0, 0]
    windowMonitor.name: testmonitor
    windowMonitor.getWidth_cm: 40.5
    windowMonitor.getDistance_cm: 57.0
    windowMonitor.currentCalibName: 2015_02_16 18:01
    windowIsFullScr: True
  #[[ Python ]] #---------
    pythonVersion: 2.7.12
  #[[ OpenGL ]] #---------
#[ PsychoPy2 RuntimeInfoEnd ]

40.9511 	EXP 	Set  sound=C
