170.5333 	INFO 	Successfully set darwin thread to realtime
171.5999 	INFO 	#[ PsychoPy2 RuntimeInfoStart ]
  #[[ PsychoPy ]] #---------
    psychopyVersion: 1.84.2
    psychopyHaveExtRush: True
  #[[ Experiment ]] #---------
    experimentRunTime: 2017_05_08 11:35 (Year_Month_Day Hour:Min)
    experimentRunTime.epoch: 1494207348
    experimentScript: ABnStream.py
    experimentScript.digestSHA1: e05d5e779a101a0f8ca5072c59955863b8842e28
    experimentScript.directory: /Users/supalab/Documents/CharlieAndAlex/nStream
  #[[ System ]] #---------
    systemHaveInternetAccess: False (proxies not attempted)
    systemHostName: supalabs-macbook-pro.local
    systemLocale: C
    systemMemFreeRAM: 5169.02734375
    systemMemTotalRAM: 8192.0
    systemPlatform: darwin 10.8.5 x86_64
    systemPyo.InputDevices: {0: {'host api index': 0, 'latency': 0.0006802721181884408, 'default sr': 44100, 'name': u'Built-in Microph'}, 1: {'host api index': 0, 'latency': 0.0006802721181884408, 'default sr': 44100, 'name': u'Built-in Input'}, 3: {'host api index': 0, 'latency': 0.009999999776482582, 'default sr': 44100, 'name': u'Soundflower (2ch)'}, 4: {'host api index': 0, 'latency': 0.009999999776482582, 'default sr': 44100, 'name': u'Soundflower (64ch)'}}
    systemPyo.OutputDevices: {2: {'host api index': 0, 'latency': 0.006258503533899784, 'default sr': 44100, 'name': u'Built-in Output'}, 3: {'host api index': 0, 'latency': 0.0, 'default sr': 44100, 'name': u'Soundflower (2ch)'}, 4: {'host api index': 0, 'latency': 0.0, 'default sr': 44100, 'name': u'Soundflower (64ch)'}}
    systemPyoVersion: 0.8.0
    systemRavailable: R version 3.1.1 (2014-07-10) -- Sock it to Me
    systemRebooted: May 8 09:02
    systemSec.OpenSSLVersion: OpenSSL 0.9.8y 5 Feb 2013
    systemSec.pythonSSL: True
    systemTimeNumpySD1000000_sec: 0.0047
    systemUser: supalab
    systemUserID: 503
    systemUserProcCount: 29
    systemUserProcFlagged: []
    systemUsersCount: 1
  #[[ Window ]] #---------
    windowWinType: pyglet
    windowUnits: deg
    windowSize_pix: [1024  768]
    windowScreen: 0
    windowRgb: [-0.7 -0.7 -0.7]
    windowRefreshTimeSD_ms: 0.052
    windowRefreshTimeMedian_ms: 16.660
    windowRefreshTimeAvg_ms: 16.664
    windowPos_pix: [0, 0]
    windowMonitor.name: testmonitor
    windowMonitor.getWidth_cm: 40.5
    windowMonitor.getDistance_cm: 57.0
    windowMonitor.currentCalibName: 2015_02_16 18:01
    windowIsFullScr: True
  #[[ Python ]] #---------
    pythonVersion: 2.7.12
  #[[ OpenGL ]] #---------
#[ PsychoPy2 RuntimeInfoEnd ]

173.0824 	EXP 	Set  sound=C
173.0841 	EXP 	Set  sound=406__tictacshutup__click-1-d.wav
173.2743 	EXP 	Set  sound=406__tictacshutup__click-1-d.wav
173.2745 	EXP 	Set  sound=A
173.4442 	EXP 	Created sequence: random, trialTypes=160, nReps=2, seed=None
173.5366 	INFO 	 each trialDurFrames=96 or 1600.0 ms
175.0015 	INFO 	Mouse: using default window
175.0050 	EXP 	Created unnamed PatchStim = PatchStim(autoDraw=False, autoLog=True, color=array([ 1.,  1.,  1.]), colorSpace='rgb', contrast=1.0, depth=0, interpolate=False, mask='circle', maskParams=None, name='unnamed PatchStim', opacity=1.0, ori=0.0, phase=array([ 0.,  0.]), pos=array([ 0.,  0.]), rgbPedestal=array([ 0.,  0.,  0.]), sf=array([ 0.16666667,  0.16666667]), size=array([ 6.,  6.]), tex=None, texRes=128, units='pix', win=Window(...))
179.3314 	EXP 	unnamed PatchStim: pos = array([ 0.,  0.])
180.9813 	EXP 	unnamed PatchStim: pos = array([   0.,  319.])
182.2812 	EXP 	unnamed PatchStim: pos = array([   0., -318.])
183.5977 	EXP 	unnamed PatchStim: pos = array([ 450.,    0.])
184.8810 	EXP 	unnamed PatchStim: pos = array([-451.,    0.])
186.1642 	EXP 	unnamed PatchStim: pos = array([ 0.,  0.])
188.4309 	EXP 	unnamed PatchStim: pos = array([ 0.,  0.])
189.4307 	EXP 	unnamed PatchStim: pos = array([   0., -318.])
190.9639 	EXP 	unnamed PatchStim: pos = array([ 450.,    0.])
192.2471 	EXP 	unnamed PatchStim: pos = array([   0.,  319.])
193.3472 	EXP 	unnamed PatchStim: pos = array([-451.,    0.])
194.5137 	EXP 	unnamed PatchStim: pos = array([ 0.,  0.])
224.8878 	DATA 	Keypress: space
247.4067 	DATA 	Keypress: space
251.9826 	DATA 	Keypress: m
252.0444 	INFO 	Mouse: using default window
252.0476 	EXP 	Created unnamed PatchStim = PatchStim(autoDraw=False, autoLog=True, color=array([ 1.,  1.,  1.]), colorSpace='rgb', contrast=1.0, depth=0, interpolate=False, mask='circle', maskParams=None, name='unnamed PatchStim', opacity=1.0, ori=0.0, phase=array([ 0.,  0.]), pos=array([ 0.,  0.]), rgbPedestal=array([ 0.,  0.,  0.]), sf=array([ 0.16666667,  0.16666667]), size=array([ 6.,  6.]), tex=None, texRes=128, units='pix', win=Window(...))
259.2591 	INFO 	Mouse: using default window
259.2592 	INFO 	Starting dual stream part of experiment
259.2926 	EXP 	unnamed PatchStim: pos = array([ 0.,  0.])
262.6059 	EXP 	New trial (rep=0, index=0): {'cue0temporalPos': 10, 'task': 'oneCued', 'targetLeftRightIfOne': 'right', 'baseAngleCWfromEast': 180, 'streamsPerRing': 8, 'numRespsWanted': 1, 'numToCue': 1, 'numRings': 1, 'firstRespLRifTwo': 'left', 'cue1lag': 0}
264.8755 	EXP 	window1: recordFrameIntervals = False
264.9952 	EXP 	window1: mouseVisible = True
264.9982 	EXP 	Created OKrespZone = GratingStim(autoDraw=False, autoLog=True, color=array([ 1.,  1.,  1.]), colorSpace='rgb', contrast=1.0, depth=0, interpolate=False, mask='gauss', maskParams=None, name='OKrespZone', opacity=1.0, ori=0.0, phase=array([ 0.,  0.]), pos=array([ 0.,  0.]), rgbPedestal=array([ 0.,  0.,  0.]), sf=array([ 0.,  0.]), size=array([ 0.5,  0.5]), tex='sin', texRes=64, units='norm', win=Window(...))
265.0261 	EXP 	<method-wrapper '__getattribute__' of attributeSetter object at 0x109f35f90>: vertices = array([[-0.07,  0.02],
       [ 0.07,  0.02],
       [ 0.07, -0.02],
       [-0.07, -0.02]])
265.2659 	EXP 	OKrespZone: pos = array([ 0. , -0.6])
268.0083 	DATA 	Mouse: Right button down, pos=(286,388)
268.0091 	EXP 	Sound  started
268.1871 	EXP 	<method-wrapper '__getattribute__' of attributeSetter object at 0x109f35f90>: vertices = array([[-0.04166667,  0.04166667],
       [ 0.04166667,  0.04166667],
       [ 0.04166667, -0.04166667],
       [-0.04166667, -0.04166667]])
268.2273 	DATA 	Mouse:  Right button up, pos=(286,388)
276.8248 	DATA 	Mouse: Left button down, pos=(517,150)
276.8258 	EXP 	window1: mouseVisible = False
276.9045 	DATA 	Mouse:  Left button up, pos=(517,150)
277.3414 	EXP 	unnamed PatchStim: pos = array([ 0.,  0.])
278.7906 	EXP 	New trial (rep=0, index=1): {'cue0temporalPos': 9, 'task': 'oneCued', 'targetLeftRightIfOne': 'right', 'baseAngleCWfromEast': 45, 'streamsPerRing': 8, 'numRespsWanted': 1, 'numToCue': 1, 'numRings': 1, 'firstRespLRifTwo': 'left', 'cue1lag': 0}
280.8244 	EXP 	window1: recordFrameIntervals = False
280.9345 	EXP 	window1: mouseVisible = True
280.9376 	EXP 	Created OKrespZone = GratingStim(autoDraw=False, autoLog=True, color=array([ 1.,  1.,  1.]), colorSpace='rgb', contrast=1.0, depth=0, interpolate=False, mask='gauss', maskParams=None, name='OKrespZone', opacity=1.0, ori=0.0, phase=array([ 0.,  0.]), pos=array([ 0.,  0.]), rgbPedestal=array([ 0.,  0.,  0.]), sf=array([ 0.,  0.]), size=array([ 0.5,  0.5]), tex='sin', texRes=64, units='norm', win=Window(...))
280.9670 	EXP 	<method-wrapper '__getattribute__' of attributeSetter object at 0x109f35f90>: vertices = array([[-0.07,  0.02],
       [ 0.07,  0.02],
       [ 0.07, -0.02],
       [-0.07, -0.02]])
281.2086 	EXP 	OKrespZone: pos = array([ 0. , -0.6])
284.3205 	DATA 	Mouse: Left button down, pos=(24,380)
284.3210 	EXP 	Sound  started
284.4985 	EXP 	<method-wrapper '__getattribute__' of attributeSetter object at 0x109f35f90>: vertices = array([[-0.04166667,  0.04166667],
       [ 0.04166667,  0.04166667],
       [ 0.04166667, -0.04166667],
       [-0.04166667, -0.04166667]])
284.5382 	DATA 	Mouse:  Left button up, pos=(24,380)
286.4646 	DATA 	Mouse: Left button down, pos=(491,161)
286.4654 	EXP 	window1: mouseVisible = False
286.5444 	DATA 	Mouse:  Left button up, pos=(491,161)
286.9741 	EXP 	unnamed PatchStim: pos = array([ 0.,  0.])
288.9118 	EXP 	New trial (rep=0, index=2): {'cue0temporalPos': 6, 'task': 'oneCued', 'targetLeftRightIfOne': 'right', 'baseAngleCWfromEast': 315, 'streamsPerRing': 8, 'numRespsWanted': 1, 'numToCue': 1, 'numRings': 1, 'firstRespLRifTwo': 'right', 'cue1lag': 0}
290.9405 	EXP 	window1: recordFrameIntervals = False
291.0513 	EXP 	window1: mouseVisible = True
291.0541 	EXP 	Created OKrespZone = GratingStim(autoDraw=False, autoLog=True, color=array([ 1.,  1.,  1.]), colorSpace='rgb', contrast=1.0, depth=0, interpolate=False, mask='gauss', maskParams=None, name='OKrespZone', opacity=1.0, ori=0.0, phase=array([ 0.,  0.]), pos=array([ 0.,  0.]), rgbPedestal=array([ 0.,  0.,  0.]), sf=array([ 0.,  0.]), size=array([ 0.5,  0.5]), tex='sin', texRes=64, units='norm', win=Window(...))
291.0830 	EXP 	<method-wrapper '__getattribute__' of attributeSetter object at 0x109f35f90>: vertices = array([[-0.07,  0.02],
       [ 0.07,  0.02],
       [ 0.07, -0.02],
       [-0.07, -0.02]])
291.3260 	EXP 	OKrespZone: pos = array([ 0. , -0.6])
296.1765 	DATA 	Mouse: Left button down, pos=(225,374)
296.1771 	EXP 	Sound  started
296.3550 	EXP 	<method-wrapper '__getattribute__' of attributeSetter object at 0x109f35f90>: vertices = array([[-0.04166667,  0.04166667],
       [ 0.04166667,  0.04166667],
       [ 0.04166667, -0.04166667],
       [-0.04166667, -0.04166667]])
296.3942 	DATA 	Mouse:  Left button up, pos=(225,374)
297.4487 	DATA 	Mouse: Left button down, pos=(517,156)
297.4495 	EXP 	window1: mouseVisible = False
297.5445 	DATA 	Mouse:  Left button up, pos=(517,156)
297.9565 	EXP 	unnamed PatchStim: pos = array([ 0.,  0.])
299.0867 	EXP 	New trial (rep=0, index=3): {'cue0temporalPos': 8, 'task': 'oneCued', 'targetLeftRightIfOne': 'right', 'baseAngleCWfromEast': 270, 'streamsPerRing': 8, 'numRespsWanted': 1, 'numToCue': 1, 'numRings': 1, 'firstRespLRifTwo': 'right', 'cue1lag': 0}
301.2564 	EXP 	window1: recordFrameIntervals = False
301.3672 	EXP 	window1: mouseVisible = True
301.3705 	EXP 	Created OKrespZone = GratingStim(autoDraw=False, autoLog=True, color=array([ 1.,  1.,  1.]), colorSpace='rgb', contrast=1.0, depth=0, interpolate=False, mask='gauss', maskParams=None, name='OKrespZone', opacity=1.0, ori=0.0, phase=array([ 0.,  0.]), pos=array([ 0.,  0.]), rgbPedestal=array([ 0.,  0.,  0.]), sf=array([ 0.,  0.]), size=array([ 0.5,  0.5]), tex='sin', texRes=64, units='norm', win=Window(...))
301.3987 	EXP 	<method-wrapper '__getattribute__' of attributeSetter object at 0x109f35f90>: vertices = array([[-0.07,  0.02],
       [ 0.07,  0.02],
       [ 0.07, -0.02],
       [-0.07, -0.02]])
301.6364 	EXP 	OKrespZone: pos = array([ 0. , -0.6])
304.4884 	DATA 	Mouse: Left button down, pos=(155,373)
304.4890 	EXP 	Sound  started
304.6653 	EXP 	<method-wrapper '__getattribute__' of attributeSetter object at 0x109f35f90>: vertices = array([[-0.04166667,  0.04166667],
       [ 0.04166667,  0.04166667],
       [ 0.04166667, -0.04166667],
       [-0.04166667, -0.04166667]])
304.7074 	DATA 	Mouse:  Left button up, pos=(155,373)
305.6724 	DATA 	Mouse: Left button down, pos=(492,172)
305.6732 	EXP 	window1: mouseVisible = False
305.7525 	DATA 	Mouse:  Left button up, pos=(492,172)
306.1894 	EXP 	unnamed PatchStim: pos = array([ 0.,  0.])
307.0231 	EXP 	New trial (rep=0, index=4): {'cue0temporalPos': 7, 'task': 'oneCued', 'targetLeftRightIfOne': 'right', 'baseAngleCWfromEast': 0, 'streamsPerRing': 2, 'numRespsWanted': 1, 'numToCue': 1, 'numRings': 1, 'firstRespLRifTwo': 'left', 'cue1lag': 0}
309.1225 	EXP 	window1: recordFrameIntervals = False
309.2403 	EXP 	window1: mouseVisible = True
309.2436 	EXP 	Created OKrespZone = GratingStim(autoDraw=False, autoLog=True, color=array([ 1.,  1.,  1.]), colorSpace='rgb', contrast=1.0, depth=0, interpolate=False, mask='gauss', maskParams=None, name='OKrespZone', opacity=1.0, ori=0.0, phase=array([ 0.,  0.]), pos=array([ 0.,  0.]), rgbPedestal=array([ 0.,  0.,  0.]), sf=array([ 0.,  0.]), size=array([ 0.5,  0.5]), tex='sin', texRes=64, units='norm', win=Window(...))
309.2717 	EXP 	<method-wrapper '__getattribute__' of attributeSetter object at 0x109f35f90>: vertices = array([[-0.07,  0.02],
       [ 0.07,  0.02],
       [ 0.07, -0.02],
       [-0.07, -0.02]])
309.5142 	EXP 	OKrespZone: pos = array([ 0. , -0.6])
312.5925 	DATA 	Mouse: Left button down, pos=(924,379)
312.5930 	EXP 	Sound  started
312.7727 	EXP 	<method-wrapper '__getattribute__' of attributeSetter object at 0x109f35f90>: vertices = array([[-0.04166667,  0.04166667],
       [ 0.04166667,  0.04166667],
       [ 0.04166667, -0.04166667],
       [-0.04166667, -0.04166667]])
312.8137 	DATA 	Mouse:  Left button up, pos=(924,379)
314.0005 	DATA 	Mouse: Left button down, pos=(521,149)
314.0014 	EXP 	window1: mouseVisible = False
314.0645 	DATA 	Mouse:  Left button up, pos=(521,149)
314.5222 	EXP 	unnamed PatchStim: pos = array([ 0.,  0.])
315.3853 	EXP 	New trial (rep=0, index=5): {'cue0temporalPos': 8, 'task': 'oneCued', 'targetLeftRightIfOne': 'right', 'baseAngleCWfromEast': 180, 'streamsPerRing': 2, 'numRespsWanted': 1, 'numToCue': 1, 'numRings': 1, 'firstRespLRifTwo': 'right', 'cue1lag': 0}
317.6220 	EXP 	window1: recordFrameIntervals = False
317.7318 	EXP 	window1: mouseVisible = True
317.7346 	EXP 	Created OKrespZone = GratingStim(autoDraw=False, autoLog=True, color=array([ 1.,  1.,  1.]), colorSpace='rgb', contrast=1.0, depth=0, interpolate=False, mask='gauss', maskParams=None, name='OKrespZone', opacity=1.0, ori=0.0, phase=array([ 0.,  0.]), pos=array([ 0.,  0.]), rgbPedestal=array([ 0.,  0.,  0.]), sf=array([ 0.,  0.]), size=array([ 0.5,  0.5]), tex='sin', texRes=64, units='norm', win=Window(...))
317.7629 	EXP 	<method-wrapper '__getattribute__' of attributeSetter object at 0x109f35f90>: vertices = array([[-0.07,  0.02],
       [ 0.07,  0.02],
       [ 0.07, -0.02],
       [-0.07, -0.02]])
318.0172 	EXP 	OKrespZone: pos = array([ 0. , -0.6])
320.0806 	DATA 	Mouse: Left button down, pos=(408,379)
320.0811 	EXP 	Sound  started
320.2598 	EXP 	<method-wrapper '__getattribute__' of attributeSetter object at 0x109f35f90>: vertices = array([[-0.04166667,  0.04166667],
       [ 0.04166667,  0.04166667],
       [ 0.04166667, -0.04166667],
       [-0.04166667, -0.04166667]])
320.2995 	DATA 	Mouse:  Left button up, pos=(408,379)
321.1365 	DATA 	Mouse: Left button down, pos=(520,163)
321.1373 	EXP 	window1: mouseVisible = False
321.2325 	DATA 	Mouse:  Left button up, pos=(520,163)
321.6550 	EXP 	unnamed PatchStim: pos = array([ 0.,  0.])
323.4017 	EXP 	New trial (rep=0, index=6): {'cue0temporalPos': 8, 'task': 'oneCued', 'targetLeftRightIfOne': 'right', 'baseAngleCWfromEast': 135, 'streamsPerRing': 2, 'numRespsWanted': 1, 'numToCue': 1, 'numRings': 1, 'firstRespLRifTwo': 'right', 'cue1lag': 0}
325.6714 	EXP 	window1: recordFrameIntervals = False
325.7821 	EXP 	window1: mouseVisible = True
325.7853 	EXP 	Created OKrespZone = GratingStim(autoDraw=False, autoLog=True, color=array([ 1.,  1.,  1.]), colorSpace='rgb', contrast=1.0, depth=0, interpolate=False, mask='gauss', maskParams=None, name='OKrespZone', opacity=1.0, ori=0.0, phase=array([ 0.,  0.]), pos=array([ 0.,  0.]), rgbPedestal=array([ 0.,  0.,  0.]), sf=array([ 0.,  0.]), size=array([ 0.5,  0.5]), tex='sin', texRes=64, units='norm', win=Window(...))
325.8132 	EXP 	<method-wrapper '__getattribute__' of attributeSetter object at 0x109f35f90>: vertices = array([[-0.07,  0.02],
       [ 0.07,  0.02],
       [ 0.07, -0.02],
       [-0.07, -0.02]])
326.0604 	EXP 	OKrespZone: pos = array([ 0. , -0.6])
328.5442 	DATA 	Mouse: Right button down, pos=(702,385)
328.5447 	EXP 	Sound  started
328.7257 	EXP 	<method-wrapper '__getattribute__' of attributeSetter object at 0x109f35f90>: vertices = array([[-0.04166667,  0.04166667],
       [ 0.04166667,  0.04166667],
       [ 0.04166667, -0.04166667],
       [-0.04166667, -0.04166667]])
328.7656 	DATA 	Mouse:  Right button up, pos=(702,385)
329.4884 	DATA 	Mouse: Left button down, pos=(537,167)
329.4892 	EXP 	window1: mouseVisible = False
329.5686 	DATA 	Mouse:  Left button up, pos=(537,165)
330.0044 	EXP 	unnamed PatchStim: pos = array([ 0.,  0.])
330.8099 	EXP 	New trial (rep=0, index=7): {'cue0temporalPos': 6, 'task': 'oneCued', 'targetLeftRightIfOne': 'right', 'baseAngleCWfromEast': 45, 'streamsPerRing': 2, 'numRespsWanted': 1, 'numToCue': 1, 'numRings': 1, 'firstRespLRifTwo': 'left', 'cue1lag': 0}
332.8376 	EXP 	window1: recordFrameIntervals = False
332.9479 	EXP 	window1: mouseVisible = True
332.9512 	EXP 	Created OKrespZone = GratingStim(autoDraw=False, autoLog=True, color=array([ 1.,  1.,  1.]), colorSpace='rgb', contrast=1.0, depth=0, interpolate=False, mask='gauss', maskParams=None, name='OKrespZone', opacity=1.0, ori=0.0, phase=array([ 0.,  0.]), pos=array([ 0.,  0.]), rgbPedestal=array([ 0.,  0.,  0.]), sf=array([ 0.,  0.]), size=array([ 0.5,  0.5]), tex='sin', texRes=64, units='norm', win=Window(...))
332.9792 	EXP 	<method-wrapper '__getattribute__' of attributeSetter object at 0x109f35f90>: vertices = array([[-0.07,  0.02],
       [ 0.07,  0.02],
       [ 0.07, -0.02],
       [-0.07, -0.02]])
333.2239 	EXP 	OKrespZone: pos = array([ 0. , -0.6])
335.5842 	DATA 	Mouse: Right button down, pos=(152,378)
335.5847 	EXP 	Sound  started
335.7621 	EXP 	<method-wrapper '__getattribute__' of attributeSetter object at 0x109f35f90>: vertices = array([[-0.04166667,  0.04166667],
       [ 0.04166667,  0.04166667],
       [ 0.04166667, -0.04166667],
       [-0.04166667, -0.04166667]])
335.8015 	DATA 	Mouse:  Right button up, pos=(152,378)
336.8964 	DATA 	Mouse: Left button down, pos=(510,156)
336.8971 	EXP 	window1: mouseVisible = False
337.0005 	DATA 	Mouse:  Left button up, pos=(510,156)
337.4038 	EXP 	unnamed PatchStim: pos = array([ 0.,  0.])
338.4669 	EXP 	New trial (rep=0, index=8): {'cue0temporalPos': 6, 'task': 'oneCued', 'targetLeftRightIfOne': 'right', 'baseAngleCWfromEast': 225, 'streamsPerRing': 2, 'numRespsWanted': 1, 'numToCue': 1, 'numRings': 1, 'firstRespLRifTwo': 'left', 'cue1lag': 0}
340.7703 	EXP 	window1: recordFrameIntervals = False
340.8807 	EXP 	window1: mouseVisible = True
340.8842 	EXP 	Created OKrespZone = GratingStim(autoDraw=False, autoLog=True, color=array([ 1.,  1.,  1.]), colorSpace='rgb', contrast=1.0, depth=0, interpolate=False, mask='gauss', maskParams=None, name='OKrespZone', opacity=1.0, ori=0.0, phase=array([ 0.,  0.]), pos=array([ 0.,  0.]), rgbPedestal=array([ 0.,  0.,  0.]), sf=array([ 0.,  0.]), size=array([ 0.5,  0.5]), tex='sin', texRes=64, units='norm', win=Window(...))
340.9140 	EXP 	<method-wrapper '__getattribute__' of attributeSetter object at 0x109f35f90>: vertices = array([[-0.07,  0.02],
       [ 0.07,  0.02],
       [ 0.07, -0.02],
       [-0.07, -0.02]])
341.2254 	EXP 	OKrespZone: pos = array([ 0. , -0.6])
343.7365 	DATA 	Mouse: Left button down, pos=(284,379)
343.7372 	EXP 	Sound  started
343.9108 	EXP 	<method-wrapper '__getattribute__' of attributeSetter object at 0x109f35f90>: vertices = array([[-0.04166667,  0.04166667],
       [ 0.04166667,  0.04166667],
       [ 0.04166667, -0.04166667],
       [-0.04166667, -0.04166667]])
343.9508 	DATA 	Mouse:  Left button up, pos=(284,379)
344.7686 	DATA 	Mouse: Left button down, pos=(535,158)
344.7693 	EXP 	window1: mouseVisible = False
344.8644 	DATA 	Mouse:  Left button up, pos=(535,157)
345.2866 	EXP 	unnamed PatchStim: pos = array([ 0.,  0.])
346.4007 	EXP 	New trial (rep=0, index=9): {'cue0temporalPos': 10, 'task': 'oneCued', 'targetLeftRightIfOne': 'right', 'baseAngleCWfromEast': 135, 'streamsPerRing': 8, 'numRespsWanted': 1, 'numToCue': 1, 'numRings': 1, 'firstRespLRifTwo': 'left', 'cue1lag': 0}
348.7608 	DATA 	Mouse: wheel shift=(0,0), pos=(525,160)
348.8365 	EXP 	window1: recordFrameIntervals = False
348.9576 	EXP 	window1: mouseVisible = True
348.9607 	EXP 	Created OKrespZone = GratingStim(autoDraw=False, autoLog=True, color=array([ 1.,  1.,  1.]), colorSpace='rgb', contrast=1.0, depth=0, interpolate=False, mask='gauss', maskParams=None, name='OKrespZone', opacity=1.0, ori=0.0, phase=array([ 0.,  0.]), pos=array([ 0.,  0.]), rgbPedestal=array([ 0.,  0.,  0.]), sf=array([ 0.,  0.]), size=array([ 0.5,  0.5]), tex='sin', texRes=64, units='norm', win=Window(...))
348.9887 	EXP 	<method-wrapper '__getattribute__' of attributeSetter object at 0x109f35f90>: vertices = array([[-0.07,  0.02],
       [ 0.07,  0.02],
       [ 0.07, -0.02],
       [-0.07, -0.02]])
349.2290 	EXP 	OKrespZone: pos = array([ 0. , -0.6])
350.4484 	DATA 	Mouse: Left button down, pos=(577,375)
350.4489 	EXP 	Sound  started
350.6246 	EXP 	<method-wrapper '__getattribute__' of attributeSetter object at 0x109f35f90>: vertices = array([[-0.04166667,  0.04166667],
       [ 0.04166667,  0.04166667],
       [ 0.04166667, -0.04166667],
       [-0.04166667, -0.04166667]])
350.6639 	DATA 	Mouse:  Left button up, pos=(577,375)
351.3286 	DATA 	Mouse: Left button down, pos=(516,162)
351.3294 	EXP 	window1: mouseVisible = False
351.4164 	DATA 	Mouse:  Left button up, pos=(516,162)
351.8362 	EXP 	unnamed PatchStim: pos = array([ 0.,  0.])
352.5497 	EXP 	New trial (rep=0, index=10): {'cue0temporalPos': 6, 'task': 'oneCued', 'targetLeftRightIfOne': 'right', 'baseAngleCWfromEast': 135, 'streamsPerRing': 8, 'numRespsWanted': 1, 'numToCue': 1, 'numRings': 1, 'firstRespLRifTwo': 'left', 'cue1lag': 0}
354.5860 	EXP 	window1: recordFrameIntervals = False
354.6964 	EXP 	window1: mouseVisible = True
354.6998 	EXP 	Created OKrespZone = GratingStim(autoDraw=False, autoLog=True, color=array([ 1.,  1.,  1.]), colorSpace='rgb', contrast=1.0, depth=0, interpolate=False, mask='gauss', maskParams=None, name='OKrespZone', opacity=1.0, ori=0.0, phase=array([ 0.,  0.]), pos=array([ 0.,  0.]), rgbPedestal=array([ 0.,  0.,  0.]), sf=array([ 0.,  0.]), size=array([ 0.5,  0.5]), tex='sin', texRes=64, units='norm', win=Window(...))
354.7287 	EXP 	<method-wrapper '__getattribute__' of attributeSetter object at 0x109f35f90>: vertices = array([[-0.07,  0.02],
       [ 0.07,  0.02],
       [ 0.07, -0.02],
       [-0.07, -0.02]])
354.9752 	EXP 	OKrespZone: pos = array([ 0. , -0.6])
356.3446 	DATA 	Mouse: Left button down, pos=(753,379)
356.3451 	EXP 	Sound  started
356.5257 	EXP 	<method-wrapper '__getattribute__' of attributeSetter object at 0x109f35f90>: vertices = array([[-0.04166667,  0.04166667],
       [ 0.04166667,  0.04166667],
       [ 0.04166667, -0.04166667],
       [-0.04166667, -0.04166667]])
356.5663 	DATA 	Mouse:  Left button up, pos=(753,379)
357.4722 	DATA 	Mouse: Right button down, pos=(746,377)
357.4728 	EXP 	Sound  started
357.6659 	EXP 	<method-wrapper '__getattribute__' of attributeSetter object at 0x109f35f90>: vertices = array([[-0.04166667,  0.04166667],
       [ 0.04166667,  0.04166667],
       [ 0.04166667, -0.04166667],
       [-0.04166667, -0.04166667]])
357.6754 	DATA 	Mouse:  Right button up, pos=(746,377)
358.4725 	DATA 	Mouse: Left button down, pos=(517,139)
358.4733 	EXP 	window1: mouseVisible = False
358.5605 	DATA 	Mouse:  Left button up, pos=(517,139)
358.9856 	EXP 	unnamed PatchStim: pos = array([ 0.,  0.])
359.8895 	EXP 	New trial (rep=0, index=11): {'cue0temporalPos': 7, 'task': 'oneCued', 'targetLeftRightIfOne': 'right', 'baseAngleCWfromEast': 315, 'streamsPerRing': 8, 'numRespsWanted': 1, 'numToCue': 1, 'numRings': 1, 'firstRespLRifTwo': 'left', 'cue1lag': 0}
361.9188 	EXP 	window1: recordFrameIntervals = False
362.0293 	EXP 	window1: mouseVisible = True
362.0327 	EXP 	Created OKrespZone = GratingStim(autoDraw=False, autoLog=True, color=array([ 1.,  1.,  1.]), colorSpace='rgb', contrast=1.0, depth=0, interpolate=False, mask='gauss', maskParams=None, name='OKrespZone', opacity=1.0, ori=0.0, phase=array([ 0.,  0.]), pos=array([ 0.,  0.]), rgbPedestal=array([ 0.,  0.,  0.]), sf=array([ 0.,  0.]), size=array([ 0.5,  0.5]), tex='sin', texRes=64, units='norm', win=Window(...))
362.0596 	EXP 	<method-wrapper '__getattribute__' of attributeSetter object at 0x109f35f90>: vertices = array([[-0.07,  0.02],
       [ 0.07,  0.02],
       [ 0.07, -0.02],
       [-0.07, -0.02]])
362.3001 	EXP 	OKrespZone: pos = array([ 0. , -0.6])
364.4402 	DATA 	Mouse: Right button down, pos=(153,379)
364.4407 	EXP 	Sound  started
364.6231 	EXP 	<method-wrapper '__getattribute__' of attributeSetter object at 0x109f35f90>: vertices = array([[-0.04166667,  0.04166667],
       [ 0.04166667,  0.04166667],
       [ 0.04166667, -0.04166667],
       [-0.04166667, -0.04166667]])
364.6631 	DATA 	Mouse:  Right button up, pos=(153,379)
365.8644 	DATA 	Mouse: Left button down, pos=(505,160)
365.8652 	EXP 	window1: mouseVisible = False
365.9445 	DATA 	Mouse:  Left button up, pos=(505,160)
366.3851 	EXP 	unnamed PatchStim: pos = array([ 0.,  0.])
367.1488 	EXP 	New trial (rep=0, index=12): {'cue0temporalPos': 7, 'task': 'oneCued', 'targetLeftRightIfOne': 'right', 'baseAngleCWfromEast': 45, 'streamsPerRing': 8, 'numRespsWanted': 1, 'numToCue': 1, 'numRings': 1, 'firstRespLRifTwo': 'left', 'cue1lag': 0}
369.5850 	EXP 	window1: recordFrameIntervals = False
369.6951 	EXP 	window1: mouseVisible = True
369.6984 	EXP 	Created OKrespZone = GratingStim(autoDraw=False, autoLog=True, color=array([ 1.,  1.,  1.]), colorSpace='rgb', contrast=1.0, depth=0, interpolate=False, mask='gauss', maskParams=None, name='OKrespZone', opacity=1.0, ori=0.0, phase=array([ 0.,  0.]), pos=array([ 0.,  0.]), rgbPedestal=array([ 0.,  0.,  0.]), sf=array([ 0.,  0.]), size=array([ 0.5,  0.5]), tex='sin', texRes=64, units='norm', win=Window(...))
369.7263 	EXP 	<method-wrapper '__getattribute__' of attributeSetter object at 0x109f35f90>: vertices = array([[-0.07,  0.02],
       [ 0.07,  0.02],
       [ 0.07, -0.02],
       [-0.07, -0.02]])
369.9646 	EXP 	OKrespZone: pos = array([ 0. , -0.6])
371.8322 	DATA 	Mouse: Right button down, pos=(788,389)
371.8327 	EXP 	Sound  started
372.0097 	EXP 	<method-wrapper '__getattribute__' of attributeSetter object at 0x109f35f90>: vertices = array([[-0.04166667,  0.04166667],
       [ 0.04166667,  0.04166667],
       [ 0.04166667, -0.04166667],
       [-0.04166667, -0.04166667]])
372.0493 	DATA 	Mouse:  Right button up, pos=(788,389)
373.5446 	DATA 	Mouse: Left button down, pos=(506,161)
373.5454 	EXP 	window1: mouseVisible = False
373.6083 	DATA 	Mouse:  Left button up, pos=(506,161)
374.0513 	EXP 	unnamed PatchStim: pos = array([ 0.,  0.])
374.8726 	EXP 	New trial (rep=0, index=13): {'cue0temporalPos': 9, 'task': 'oneCued', 'targetLeftRightIfOne': 'right', 'baseAngleCWfromEast': 0, 'streamsPerRing': 8, 'numRespsWanted': 1, 'numToCue': 1, 'numRings': 1, 'firstRespLRifTwo': 'right', 'cue1lag': 0}
377.1677 	EXP 	window1: recordFrameIntervals = False
377.2779 	EXP 	window1: mouseVisible = True
377.2813 	EXP 	Created OKrespZone = GratingStim(autoDraw=False, autoLog=True, color=array([ 1.,  1.,  1.]), colorSpace='rgb', contrast=1.0, depth=0, interpolate=False, mask='gauss', maskParams=None, name='OKrespZone', opacity=1.0, ori=0.0, phase=array([ 0.,  0.]), pos=array([ 0.,  0.]), rgbPedestal=array([ 0.,  0.,  0.]), sf=array([ 0.,  0.]), size=array([ 0.5,  0.5]), tex='sin', texRes=64, units='norm', win=Window(...))
377.3091 	EXP 	<method-wrapper '__getattribute__' of attributeSetter object at 0x109f35f90>: vertices = array([[-0.07,  0.02],
       [ 0.07,  0.02],
       [ 0.07, -0.02],
       [-0.07, -0.02]])
377.5588 	EXP 	OKrespZone: pos = array([ 0. , -0.6])
379.6645 	DATA 	Mouse: Left button down, pos=(913,379)
379.6650 	EXP 	Sound  started
379.8422 	EXP 	<method-wrapper '__getattribute__' of attributeSetter object at 0x109f35f90>: vertices = array([[-0.04166667,  0.04166667],
       [ 0.04166667,  0.04166667],
       [ 0.04166667, -0.04166667],
       [-0.04166667, -0.04166667]])
379.8851 	DATA 	Mouse:  Left button up, pos=(913,379)
380.8646 	DATA 	Mouse: Left button down, pos=(515,165)
380.8654 	EXP 	window1: mouseVisible = False
380.9525 	DATA 	Mouse:  Left button up, pos=(515,165)
